(1000, 997, 997, 10, 10, 0.010030090270812437)
(1000, 997, 997, 7, 7, 0.007021063189568706)
(1000, 997, 997, 10, 10, 0.010030090270812437)
(1000, 997, 997, 9, 9, 0.009027081243731194)
(1000, 997, 997, 10, 10, 0.010030090270812437)
(1000, 997, 997, 9, 9, 0.009027081243731194)
(1000, 997, 997, 11, 11, 0.011033099297893681)
(1000, 997, 997, 13, 13, 0.013039117352056168)
(1000, 997, 997, 11, 11, 0.011033099297893681)
(1000, 997, 997, 12, 12, 0.012036108324974924)
(1000, 997, 997, 11, 11, 0.011033099297893681)
(1000, 997, 997, 12, 12, 0.012036108324974924)
(1000, 997, 997, 12, 12, 0.012036108324974924)
(1000, 997, 997, 8, 8, 0.00802407221664995)
(1000, 997, 997, 7, 7, 0.007021063189568706)
(1000, 997, 997, 8, 8, 0.00802407221664995)
(1000, 997, 997, 13, 13, 0.013039117352056168)
(1000, 997, 997, 11, 11, 0.011033099297893681)
(1000, 997, 997, 9, 9, 0.009027081243731194)
(1000, 997, 997, 12, 12, 0.012036108324974924)
(1000, 997, 997, 13, 13, 0.013039117352056168)
(1000, 997, 997, 14, 14, 0.014042126379137413)
(1000, 997, 997, 10, 10, 0.010030090270812437)
(1000, 997, 997, 8, 8, 0.00802407221664995)
(1000, 997, 997, 9, 9, 0.009027081243731194)
(1000, 997, 997, 9, 9, 0.009027081243731194)
(1000, 997, 997, 7, 7, 0.007021063189568706)
(1000, 997, 997, 7, 7, 0.007021063189568706)
(1000, 997, 997, 12, 12, 0.012036108324974924)
(1000, 997, 997, 8, 8, 0.00802407221664995)
(1000, 997, 997, 10, 10, 0.010030090270812437)
(1000, 997, 997, 8, 8, 0.00802407221664995)
(1000, 997, 997, 9, 9, 0.009027081243731194)
(1000, 997, 997, 6, 6, 0.006018054162487462)
(1000, 997, 997, 14, 14, 0.014042126379137413)
(1000, 997, 997, 11, 11, 0.011033099297893681)
(1000, 997, 997, 13, 13, 0.013039117352056168)
(1000, 997, 997, 13, 13, 0.013039117352056168)
(1000, 997, 997, 10, 10, 0.010030090270812437)
(1000, 997, 997, 5, 5, 0.0050150451354062184)
(1000, 997, 997, 9, 9, 0.009027081243731194)
(1000, 997, 997, 13, 13, 0.013039117352056168)
(1000, 997, 997, 8, 8, 0.00802407221664995)
(1000, 997, 997, 11, 11, 0.011033099297893681)
(1000, 997, 997, 11, 11, 0.011033099297893681)
(1000, 997, 997, 9, 9, 0.009027081243731194)
(1000, 997, 997, 11, 11, 0.011033099297893681)
(1000, 997, 997, 3, 3, 0.003009027081243731)
(1000, 997, 997, 12, 12, 0.012036108324974924)
(1000, 997, 997, 4, 4, 0.004012036108324975)
(1000, 997, 997, 11, 11, 0.011033099297893681)
(1000, 997, 997, 12, 12, 0.012036108324974924)
(1000, 997, 997, 10, 10, 0.010030090270812437)
(1000, 997, 997, 9, 9, 0.009027081243731194)
(1000, 997, 997, 10, 10, 0.010030090270812437)
(1000, 997, 997, 9, 9, 0.009027081243731194)
(1000, 997, 997, 10, 10, 0.010030090270812437)
(1000, 997, 997, 13, 13, 0.013039117352056168)
(1000, 997, 997, 13, 13, 0.013039117352056168)
(1000, 997, 997, 12, 12, 0.012036108324974924)
(1000, 997, 997, 10, 10, 0.010030090270812437)
(1000, 997, 997, 11, 11, 0.011033099297893681)
(1000, 997, 997, 7, 7, 0.007021063189568706)
(1000, 997, 997, 5, 5, 0.0050150451354062184)
(1000, 997, 997, 14, 14, 0.014042126379137413)
(1000, 997, 997, 11, 11, 0.011033099297893681)
(1000, 997, 997, 11, 11, 0.011033099297893681)
(1000, 997, 997, 10, 10, 0.010030090270812437)
(1000, 997, 997, 7, 7, 0.007021063189568706)
(1000, 997, 997, 10, 10, 0.010030090270812437)
(1000, 997, 997, 10, 10, 0.010030090270812437)
(1000, 997, 997, 7, 7, 0.007021063189568706)
(1000, 997, 997, 7, 7, 0.007021063189568706)
(1000, 997, 997, 13, 13, 0.013039117352056168)
(1000, 997, 997, 10, 10, 0.010030090270812437)
(1000, 997, 997, 7, 7, 0.007021063189568706)
(1000, 997, 997, 5, 5, 0.0050150451354062184)
(1000, 997, 997, 10, 10, 0.010030090270812437)
(1000, 997, 997, 8, 8, 0.00802407221664995)
(1000, 997, 997, 13, 13, 0.013039117352056168)
(1000, 997, 997, 12, 12, 0.012036108324974924)
(1000, 997, 997, 11, 11, 0.011033099297893681)
(1000, 997, 997, 12, 12, 0.012036108324974924)
(1000, 997, 997, 1, 1, 0.0010030090270812437)
(1000, 997, 997, 9, 9, 0.009027081243731194)
(1000, 997, 997, 12, 12, 0.012036108324974924)
(1000, 997, 997, 9, 9, 0.009027081243731194)
(1000, 997, 997, 6, 6, 0.006018054162487462)
(1000, 997, 997, 12, 12, 0.012036108324974924)
(1000, 997, 997, 8, 8, 0.00802407221664995)
(1000, 997, 997, 10, 10, 0.010030090270812437)
(1000, 997, 997, 14, 14, 0.014042126379137413)
(1000, 997, 997, 9, 9, 0.009027081243731194)
(1000, 997, 997, 13, 13, 0.013039117352056168)
(1000, 997, 997, 15, 15, 0.015045135406218655)
(1000, 997, 997, 9, 9, 0.009027081243731194)
(1000, 997, 997, 16, 16, 0.0160481444332999)
(1000, 997, 997, 9, 9, 0.009027081243731194)
(1000, 997, 997, 7, 7, 0.007021063189568706)
(1000, 997, 997, 16, 16, 0.0160481444332999)
(1000, 997, 997, 13, 13, 0.013039117352056168)
(1000, 997, 997, 7, 7, 0.007021063189568706)
(1000, 997, 997, 11, 11, 0.011033099297893681)
(1000, 997, 997, 10, 10, 0.010030090270812437)
(1000, 997, 997, 9, 9, 0.009027081243731194)
(1000, 997, 997, 5, 5, 0.0050150451354062184)
(1000, 997, 997, 8, 8, 0.00802407221664995)
(1000, 997, 997, 15, 15, 0.015045135406218655)
(1000, 997, 997, 8, 8, 0.00802407221664995)
(1000, 997, 997, 12, 12, 0.012036108324974924)
(1000, 997, 997, 12, 12, 0.012036108324974924)
(1000, 997, 997, 12, 12, 0.012036108324974924)
(1000, 997, 997, 13, 13, 0.013039117352056168)
(1000, 997, 997, 10, 10, 0.010030090270812437)
(1000, 997, 997, 10, 10, 0.010030090270812437)
(1000, 997, 997, 8, 8, 0.00802407221664995)
(1000, 997, 997, 9, 9, 0.009027081243731194)
(1000, 997, 997, 5, 5, 0.0050150451354062184)
(1000, 997, 997, 6, 6, 0.006018054162487462)
(1000, 997, 997, 10, 10, 0.010030090270812437)
(1000, 997, 997, 14, 14, 0.014042126379137413)
(1000, 997, 997, 9, 9, 0.009027081243731194)
(1000, 997, 997, 6, 6, 0.006018054162487462)
(1000, 997, 997, 10, 10, 0.010030090270812437)
(1000, 997, 997, 12, 12, 0.012036108324974924)
(1000, 997, 997, 8, 8, 0.00802407221664995)
(1000, 997, 997, 15, 15, 0.015045135406218655)
(1000, 997, 997, 8, 8, 0.00802407221664995)
(1000, 997, 997, 9, 9, 0.009027081243731194)
(1000, 997, 997, 7, 7, 0.007021063189568706)
(1000, 997, 997, 11, 11, 0.011033099297893681)
(1000, 997, 997, 10, 10, 0.010030090270812437)
(1000, 997, 997, 6, 6, 0.006018054162487462)
(1000, 997, 997, 8, 8, 0.00802407221664995)
(1000, 997, 997, 11, 11, 0.011033099297893681)
(1000, 997, 997, 15, 15, 0.015045135406218655)
(1000, 997, 997, 10, 10, 0.010030090270812437)
(1000, 997, 997, 10, 10, 0.010030090270812437)
(1000, 997, 997, 4, 4, 0.004012036108324975)
(1000, 997, 997, 5, 5, 0.0050150451354062184)
(1000, 997, 997, 5, 5, 0.0050150451354062184)
(1000, 997, 997, 0, 0, 0.0)
(1000, 997, 997, 11, 11, 0.011033099297893681)
(1000, 997, 997, 4, 4, 0.004012036108324975)
(1000, 997, 997, 7, 7, 0.007021063189568706)
(1000, 997, 997, 11, 11, 0.011033099297893681)
(1000, 997, 997, 16, 16, 0.0160481444332999)
(1000, 997, 997, 8, 8, 0.00802407221664995)
(1000, 997, 997, 7, 7, 0.007021063189568706)
(1000, 997, 997, 14, 14, 0.014042126379137413)
(1000, 997, 997, 11, 11, 0.011033099297893681)
(1000, 997, 997, 14, 14, 0.014042126379137413)
(1000, 997, 997, 11, 11, 0.011033099297893681)
(1000, 997, 997, 13, 13, 0.013039117352056168)
(1000, 997, 997, 13, 13, 0.013039117352056168)
(1000, 997, 997, 6, 6, 0.006018054162487462)
(1000, 997, 997, 10, 10, 0.010030090270812437)
(1000, 997, 997, 9, 9, 0.009027081243731194)
(1000, 997, 997, 10, 10, 0.010030090270812437)
(1000, 997, 997, 8, 8, 0.00802407221664995)
(1000, 997, 997, 7, 7, 0.007021063189568706)
(1000, 997, 997, 8, 8, 0.00802407221664995)
(1000, 997, 997, 8, 8, 0.00802407221664995)
(1000, 997, 997, 8, 8, 0.00802407221664995)
(1000, 997, 997, 6, 6, 0.006018054162487462)
(1000, 997, 997, 11, 11, 0.011033099297893681)
(1000, 997, 997, 10, 10, 0.010030090270812437)
(1000, 997, 997, 6, 6, 0.006018054162487462)
(1000, 997, 997, 9, 9, 0.009027081243731194)
(1000, 997, 997, 9, 9, 0.009027081243731194)
(1000, 997, 997, 10, 10, 0.010030090270812437)
(1000, 997, 997, 6, 6, 0.006018054162487462)
(1000, 997, 997, 9, 9, 0.009027081243731194)
(1000, 997, 997, 4, 4, 0.004012036108324975)
(1000, 997, 997, 9, 9, 0.009027081243731194)
(1000, 997, 997, 8, 8, 0.00802407221664995)
(1000, 997, 997, 11, 11, 0.011033099297893681)
(1000, 997, 997, 6, 6, 0.006018054162487462)
(1000, 997, 997, 14, 14, 0.014042126379137413)
(1000, 997, 997, 8, 8, 0.00802407221664995)
(1000, 997, 997, 9, 9, 0.009027081243731194)
(1000, 997, 997, 8, 8, 0.00802407221664995)
(1000, 997, 997, 8, 8, 0.00802407221664995)
(1000, 997, 997, 11, 11, 0.011033099297893681)
(1000, 997, 997, 14, 14, 0.014042126379137413)
(1000, 997, 997, 12, 12, 0.012036108324974924)
(1000, 997, 997, 15, 15, 0.015045135406218655)
(1000, 997, 997, 9, 9, 0.009027081243731194)
(1000, 997, 997, 13, 13, 0.013039117352056168)
(1000, 997, 997, 7, 7, 0.007021063189568706)
(1000, 997, 997, 10, 10, 0.010030090270812437)
(1000, 997, 997, 7, 7, 0.007021063189568706)
(1000, 997, 997, 8, 8, 0.00802407221664995)
(1000, 997, 997, 10, 10, 0.010030090270812437)
(1000, 997, 997, 10, 10, 0.010030090270812437)
(1000, 997, 997, 9, 9, 0.009027081243731194)
(1000, 997, 997, 8, 8, 0.00802407221664995)
(1000, 997, 997, 8, 8, 0.00802407221664995)
(1000, 997, 997, 11, 11, 0.011033099297893681)
(1000, 997, 997, 11, 11, 0.011033099297893681)
