temp_files/4af76d35-d318-47f3-9511-e0eb5a8fdc0a
===== Timing =====
Setup took 11.147573947906494 s
Generating fasta files for pplacer... took 9.867180347442627 s
Running pplacer... took 58.88556742668152 s
Placing query into subtree... took 0.8291232585906982 s
Modify main tree... took 46.23123645782471 s
Scoring trees... took 47.66301441192627 s
Program execution took 175.24834537506104 s
temp_files/867c78b3-16e7-4a0a-b412-00b8da23a5c3
===== Timing =====
Setup took 11.155274152755737 s
Generating fasta files for pplacer... took 9.829246997833252 s
Running pplacer... took 59.47166681289673 s
Placing query into subtree... took 1.9155046939849854 s
Modify main tree... took 46.153311252593994 s
Scoring trees... took 56.17839193344116 s
Program execution took 185.39341521263123 s
temp_files/441bbfc4-0fa2-4546-9e45-634491d5819d
===== Timing =====
Setup took 11.242113590240479 s
Generating fasta files for pplacer... took 9.720783233642578 s
Running pplacer... took 58.9585919380188 s
Placing query into subtree... took 1.3558290004730225 s
Modify main tree... took 45.81828856468201 s
Scoring trees... took 55.91476917266846 s
Program execution took 183.62181901931763 s
temp_files/25473fe7-5472-4cef-968e-c8f89c9ea152
===== Timing =====
Setup took 11.097186803817749 s
Generating fasta files for pplacer... took 9.63632583618164 s
Running pplacer... took 58.61063265800476 s
Placing query into subtree... took 1.4115025997161865 s
Modify main tree... took 44.488577365875244 s
Scoring trees... took 55.88087296485901 s
Program execution took 181.75994658470154 s
temp_files/91f32e81-1a82-4c95-ad2a-db21c02f68a7
===== Timing =====
Setup took 11.108257293701172 s
Generating fasta files for pplacer... took 9.8573739528656 s
Running pplacer... took 59.27054166793823 s
Placing query into subtree... took 1.3552131652832031 s
Modify main tree... took 45.86695194244385 s
Scoring trees... took 56.75160050392151 s
Program execution took 184.82923865318298 s
temp_files/aff96d8b-e4d9-4f8e-8133-0238c95f9697
===== Timing =====
Setup took 11.084510087966919 s
Generating fasta files for pplacer... took 10.063662767410278 s
Running pplacer... took 59.04331564903259 s
Placing query into subtree... took 1.365734338760376 s
Modify main tree... took 45.49823784828186 s
Scoring trees... took 53.24780488014221 s
Program execution took 181.36054682731628 s
temp_files/8ca3411a-a5e1-49b8-8320-e64dd8c2fdeb
===== Timing =====
Setup took 11.032329320907593 s
Generating fasta files for pplacer... took 9.81116509437561 s
Running pplacer... took 59.008366107940674 s
Placing query into subtree... took 1.4063901901245117 s
Modify main tree... took 44.107160568237305 s
Scoring trees... took 51.16765761375427 s
Program execution took 177.2017092704773 s
temp_files/ee7deaac-b52f-4f0b-b841-18caa4f34749
===== Timing =====
Setup took 11.125760078430176 s
Generating fasta files for pplacer... took 9.680403232574463 s
Running pplacer... took 58.98540472984314 s
Placing query into subtree... took 1.3679487705230713 s
Modify main tree... took 45.245728492736816 s
Scoring trees... took 57.04756999015808 s
Program execution took 183.98427391052246 s
temp_files/d0dda719-22f0-421e-97ce-75a25afcd4df
===== Timing =====
Setup took 11.07498288154602 s
Generating fasta files for pplacer... took 9.78784728050232 s
Running pplacer... took 58.462618589401245 s
Placing query into subtree... took 1.3871006965637207 s
Modify main tree... took 45.20389914512634 s
Scoring trees... took 56.3694167137146 s
Program execution took 183.03167867660522 s
temp_files/22b2e0ab-b87a-49bd-8894-276114ae02fb
===== Timing =====
Setup took 11.05155634880066 s
Generating fasta files for pplacer... took 9.808858871459961 s
Running pplacer... took 60.664652824401855 s
Placing query into subtree... took 1.4318435192108154 s
Modify main tree... took 44.27396202087402 s
Scoring trees... took 57.20665764808655 s
Program execution took 185.15188026428223 s
temp_files/9d3f9af8-61d9-4334-affa-b11bb41c26c3
===== Timing =====
Setup took 11.202445268630981 s
Generating fasta files for pplacer... took 9.779457807540894 s
Running pplacer... took 60.23319864273071 s
Placing query into subtree... took 1.3951520919799805 s
Modify main tree... took 47.107768535614014 s
Scoring trees... took 45.835771322250366 s
Program execution took 176.21159839630127 s
temp_files/48fccd4f-866e-4535-88d2-672d6c0743ee
===== Timing =====
Setup took 11.123475313186646 s
Generating fasta files for pplacer... took 9.833415985107422 s
Running pplacer... took 57.81479024887085 s
Placing query into subtree... took 1.383594274520874 s
Modify main tree... took 44.60173034667969 s
Scoring trees... took 54.717697620391846 s
Program execution took 180.08247756958008 s
temp_files/2d7041dd-9682-4321-a730-3882d04e60b0
===== Timing =====
Setup took 11.089142799377441 s
Generating fasta files for pplacer... took 9.88461947441101 s
Running pplacer... took 60.97370505332947 s
Placing query into subtree... took 1.3750450611114502 s
Modify main tree... took 46.705366134643555 s
Scoring trees... took 55.57970333099365 s
Program execution took 186.3910427093506 s
temp_files/e50bdd0f-52ff-44ba-aa5c-d201df9103a3
===== Timing =====
Setup took 11.079251050949097 s
Generating fasta files for pplacer... took 9.739593029022217 s
Running pplacer... took 59.679001569747925 s
Placing query into subtree... took 1.3606336116790771 s
Modify main tree... took 44.85106372833252 s
Scoring trees... took 54.99230742454529 s
Program execution took 182.34731364250183 s
temp_files/b841d8fb-0e6d-4ef5-9b91-8af161534eb0
===== Timing =====
Setup took 11.129216432571411 s
Generating fasta files for pplacer... took 9.785619497299194 s
Running pplacer... took 58.53114175796509 s
Placing query into subtree... took 1.4166066646575928 s
Modify main tree... took 44.99001359939575 s
Scoring trees... took 56.620816469192505 s
Program execution took 183.10367369651794 s
temp_files/1130588e-1d82-4955-8892-767ab5ea97ef
===== Timing =====
Setup took 11.185462713241577 s
Generating fasta files for pplacer... took 9.86047077178955 s
Running pplacer... took 59.501609086990356 s
Placing query into subtree... took 1.342923641204834 s
Modify main tree... took 46.25979399681091 s
Scoring trees... took 56.80792284011841 s
Program execution took 185.66777300834656 s
temp_files/671f4a64-18a2-48af-888b-55ebaec13fb2
===== Timing =====
Setup took 11.15206503868103 s
Generating fasta files for pplacer... took 10.657792806625366 s
Running pplacer... took 58.41045880317688 s
Placing query into subtree... took 1.3395438194274902 s
Modify main tree... took 44.51129603385925 s
Scoring trees... took 54.88897228240967 s
Program execution took 181.61374521255493 s
temp_files/467cf12d-0e9a-487c-b19f-f9b2096415f0
===== Timing =====
Setup took 11.138261079788208 s
Generating fasta files for pplacer... took 9.805022478103638 s
Running pplacer... took 59.37390089035034 s
Placing query into subtree... took 1.3249602317810059 s
Modify main tree... took 44.550776720047 s
Scoring trees... took 54.7329158782959 s
Program execution took 181.56067299842834 s
temp_files/3b8f3107-b2c6-4b6f-ac39-34799ce0f477
===== Timing =====
Setup took 11.050151586532593 s
Generating fasta files for pplacer... took 9.862612247467041 s
Running pplacer... took 58.83564114570618 s
Placing query into subtree... took 1.3647451400756836 s
Modify main tree... took 43.98271894454956 s
Scoring trees... took 53.83635115623474 s
Program execution took 179.63267588615417 s
temp_files/fd19e83e-d5e4-4914-8970-7d3cfab7e170
===== Timing =====
Setup took 11.31552505493164 s
Generating fasta files for pplacer... took 9.794633150100708 s
Running pplacer... took 58.31919288635254 s
Placing query into subtree... took 1.34067964553833 s
Modify main tree... took 45.524231910705566 s
Scoring trees... took 56.11319661140442 s
Program execution took 183.07123851776123 s
temp_files/83dc9a88-eda8-4642-aff6-a04406ab6a3a
===== Timing =====
Setup took 11.128389596939087 s
Generating fasta files for pplacer... took 9.930143594741821 s
Running pplacer... took 61.3271210193634 s
Placing query into subtree... took 1.4297096729278564 s
Modify main tree... took 46.8466010093689 s
Scoring trees... took 51.59343695640564 s
Program execution took 183.1399118900299 s
temp_files/86ae60e8-1eed-4ded-b258-c5bb003f97ea
===== Timing =====
Setup took 11.144332885742188 s
Generating fasta files for pplacer... took 9.84216570854187 s
Running pplacer... took 61.3065972328186 s
Placing query into subtree... took 1.3812861442565918 s
Modify main tree... took 43.72747540473938 s
Scoring trees... took 56.606757402420044 s
Program execution took 184.66560912132263 s
temp_files/65f2f95b-6c28-4eee-97f4-5f82e98e1fb2
===== Timing =====
Setup took 11.19982385635376 s
Generating fasta files for pplacer... took 9.786514043807983 s
Running pplacer... took 60.15249800682068 s
Placing query into subtree... took 1.3371024131774902 s
Modify main tree... took 44.585140228271484 s
Scoring trees... took 54.888288259506226 s
Program execution took 183.0538272857666 s
temp_files/2c556b62-c4c7-4ad0-9ea3-1eb2487f07f2
===== Timing =====
Setup took 11.140661478042603 s
Generating fasta files for pplacer... took 10.211799621582031 s
Running pplacer... took 59.36929512023926 s
Placing query into subtree... took 1.3600897789001465 s
Modify main tree... took 45.58708906173706 s
Scoring trees... took 56.471285343170166 s
Program execution took 184.76350569725037 s
temp_files/46fca78f-1b5d-4409-a5ea-cfb88a7daa40
===== Timing =====
Setup took 11.117139101028442 s
Generating fasta files for pplacer... took 9.976977586746216 s
Running pplacer... took 58.98328351974487 s
Placing query into subtree... took 1.367825984954834 s
Modify main tree... took 44.432992458343506 s
Scoring trees... took 55.24443578720093 s
Program execution took 181.81422638893127 s
temp_files/094916d2-d815-49ae-a889-1f4441504658
===== Timing =====
Setup took 11.128341913223267 s
Generating fasta files for pplacer... took 9.781128883361816 s
Running pplacer... took 59.6006646156311 s
Placing query into subtree... took 1.3321442604064941 s
Modify main tree... took 43.905879735946655 s
Scoring trees... took 53.962281465530396 s
Program execution took 180.97078824043274 s
temp_files/9c8924a1-27a5-42fe-8b8d-3823c36b05c4
===== Timing =====
Setup took 11.230365991592407 s
Generating fasta files for pplacer... took 9.63283920288086 s
Running pplacer... took 58.778592348098755 s
Placing query into subtree... took 1.396843671798706 s
Modify main tree... took 45.229191064834595 s
Scoring trees... took 51.0881450176239 s
Program execution took 177.95871496200562 s
temp_files/460d58d5-d367-40f0-948b-31417cf0f4cc
===== Timing =====
Setup took 11.027708053588867 s
Generating fasta files for pplacer... took 9.810588359832764 s
Running pplacer... took 59.458481788635254 s
Placing query into subtree... took 1.3970508575439453 s
Modify main tree... took 44.36388158798218 s
Scoring trees... took 56.3672399520874 s
Program execution took 183.12218379974365 s
temp_files/4e61d593-dac9-4913-a562-7704cc52af29
===== Timing =====
Setup took 11.112435579299927 s
Generating fasta files for pplacer... took 9.855308532714844 s
Running pplacer... took 59.05336546897888 s
Placing query into subtree... took 1.4243628978729248 s
Modify main tree... took 44.15592646598816 s
Scoring trees... took 55.594661235809326 s
Program execution took 181.9312481880188 s
temp_files/a9fbbee8-a390-4643-9520-ade99168bd84
===== Timing =====
Setup took 11.182286262512207 s
Generating fasta files for pplacer... took 9.859798908233643 s
Running pplacer... took 59.75970244407654 s
Placing query into subtree... took 1.4006175994873047 s
Modify main tree... took 44.74962520599365 s
Scoring trees... took 56.038668155670166 s
Program execution took 183.9166111946106 s
temp_files/d77f5bd9-71a7-43e4-8523-d08a451bbc72
===== Timing =====
Setup took 11.318116426467896 s
Generating fasta files for pplacer... took 9.82979416847229 s
Running pplacer... took 60.78644108772278 s
Placing query into subtree... took 1.3910002708435059 s
Modify main tree... took 46.54489850997925 s
Scoring trees... took 56.15864038467407 s
Program execution took 186.67678928375244 s
temp_files/33d3f17e-894d-4956-b242-eabd18daf1a2
===== Timing =====
Setup took 11.127876043319702 s
Generating fasta files for pplacer... took 9.969402313232422 s
Running pplacer... took 58.61426329612732 s
Placing query into subtree... took 1.3461942672729492 s
Modify main tree... took 44.934030532836914 s
Scoring trees... took 54.37839651107788 s
Program execution took 181.0394368171692 s
temp_files/dd28d4a8-4241-40ed-b4cd-981bc11fa96a
===== Timing =====
Setup took 11.091300964355469 s
Generating fasta files for pplacer... took 10.017962217330933 s
Running pplacer... took 58.73131251335144 s
Placing query into subtree... took 1.341379165649414 s
Modify main tree... took 45.29960870742798 s
Scoring trees... took 58.97944116592407 s
Program execution took 186.144921541214 s
temp_files/b823f273-39de-46a4-8209-72e24f7b7ba2
===== Timing =====
Setup took 11.216705799102783 s
Generating fasta files for pplacer... took 9.840478897094727 s
Running pplacer... took 58.594537019729614 s
Placing query into subtree... took 1.4258532524108887 s
Modify main tree... took 44.31136631965637 s
Scoring trees... took 56.33047914505005 s
Program execution took 182.38697504997253 s
temp_files/a82f20b1-9f3c-4a51-8488-853659fba26c
===== Timing =====
Setup took 11.157286405563354 s
Generating fasta files for pplacer... took 9.881211042404175 s
Running pplacer... took 61.709136724472046 s
Placing query into subtree... took 1.4361462593078613 s
Modify main tree... took 44.64310431480408 s
Scoring trees... took 54.59696006774902 s
Program execution took 184.11139607429504 s
temp_files/b993b244-9ab9-4293-b548-e1374e5d1e1a
===== Timing =====
Setup took 11.237104415893555 s
Generating fasta files for pplacer... took 9.95907711982727 s
Running pplacer... took 59.372580766677856 s
Placing query into subtree... took 1.520585536956787 s
Modify main tree... took 45.1784303188324 s
Scoring trees... took 55.16932678222656 s
Program execution took 183.29417848587036 s
temp_files/27a0ae6b-f823-471c-8f89-e4b5bbb53b3b
===== Timing =====
Setup took 11.28461503982544 s
Generating fasta files for pplacer... took 9.879515647888184 s
Running pplacer... took 58.83690118789673 s
Placing query into subtree... took 1.3855125904083252 s
Modify main tree... took 44.447879791259766 s
Scoring trees... took 54.72393846511841 s
Program execution took 181.2253155708313 s
temp_files/e339b0e0-5ea9-495f-bc76-fd99404f064d
===== Timing =====
Setup took 11.04710578918457 s
Generating fasta files for pplacer... took 10.329455614089966 s
Running pplacer... took 59.528432846069336 s
Placing query into subtree... took 1.3917438983917236 s
Modify main tree... took 44.80745506286621 s
Scoring trees... took 55.84163427352905 s
Program execution took 183.7613024711609 s
temp_files/4efb888e-965e-4185-9c36-d6cdcad4d7c1
===== Timing =====
Setup took 11.088793992996216 s
Generating fasta files for pplacer... took 10.14867639541626 s
Running pplacer... took 59.695905685424805 s
Placing query into subtree... took 1.3873546123504639 s
Modify main tree... took 45.678433895111084 s
Scoring trees... took 55.519123554229736 s
Program execution took 184.20161080360413 s
temp_files/3e01e0ee-de90-447b-826b-1897a948c659
===== Timing =====
Setup took 11.103563785552979 s
Generating fasta files for pplacer... took 9.837976694107056 s
Running pplacer... took 58.78524589538574 s
Placing query into subtree... took 1.406834602355957 s
Modify main tree... took 44.9150972366333 s
Scoring trees... took 55.98563861846924 s
Program execution took 182.7014765739441 s
temp_files/783e3753-19a1-432f-b6ec-a35c66e747a2
===== Timing =====
Setup took 11.110671520233154 s
Generating fasta files for pplacer... took 9.97599172592163 s
Running pplacer... took 58.85991334915161 s
Placing query into subtree... took 1.424018383026123 s
Modify main tree... took 44.94806694984436 s
Scoring trees... took 55.21276259422302 s
Program execution took 182.2898199558258 s
temp_files/a6e28d2a-13ff-4375-9e79-2fcbdddf35dc
===== Timing =====
Setup took 11.273309469223022 s
Generating fasta files for pplacer... took 9.98589539527893 s
Running pplacer... took 60.688384771347046 s
Placing query into subtree... took 1.445643424987793 s
Modify main tree... took 44.64174151420593 s
Scoring trees... took 56.46426725387573 s
Program execution took 185.1758213043213 s
temp_files/1d32e7ba-d0a0-46ba-856f-a8fd43c709f8
===== Timing =====
Setup took 11.211507320404053 s
Generating fasta files for pplacer... took 9.824279546737671 s
Running pplacer... took 59.45137882232666 s
Placing query into subtree... took 1.3881292343139648 s
Modify main tree... took 44.502227783203125 s
Scoring trees... took 55.72044825553894 s
Program execution took 182.72099566459656 s
temp_files/c8a2b87f-c609-4f80-b8e3-550af0fb470e
===== Timing =====
Setup took 11.07771372795105 s
Generating fasta files for pplacer... took 9.844499588012695 s
Running pplacer... took 58.65291404724121 s
Placing query into subtree... took 1.4228370189666748 s
Modify main tree... took 44.96020317077637 s
Scoring trees... took 56.784111738204956 s
Program execution took 183.46177506446838 s
temp_files/0f0231d1-8186-4a10-a28f-949bd75aeb12
===== Timing =====
Setup took 11.071707248687744 s
Generating fasta files for pplacer... took 9.915234565734863 s
Running pplacer... took 60.03631830215454 s
Placing query into subtree... took 1.3774254322052002 s
Modify main tree... took 44.99266338348389 s
Scoring trees... took 54.578083515167236 s
Program execution took 182.85728907585144 s
temp_files/f9765776-01a5-45bd-891c-2d657e12ca20
===== Timing =====
Setup took 11.00199270248413 s
Generating fasta files for pplacer... took 9.851340055465698 s
Running pplacer... took 58.9969367980957 s
Placing query into subtree... took 1.4762396812438965 s
Modify main tree... took 45.10578489303589 s
Scoring trees... took 55.72713041305542 s
Program execution took 182.92001509666443 s
temp_files/2fdb1db7-c1cd-4514-8832-19da7f4bb39c
===== Timing =====
Setup took 10.979450464248657 s
Generating fasta files for pplacer... took 9.82715106010437 s
Running pplacer... took 59.26458215713501 s
Placing query into subtree... took 1.3650126457214355 s
Modify main tree... took 45.55390954017639 s
Scoring trees... took 37.78243827819824 s
Program execution took 165.41209292411804 s
temp_files/6da6cb2f-6b16-44c8-a685-d69c80bcda01
===== Timing =====
Setup took 11.11106276512146 s
Generating fasta files for pplacer... took 9.856359481811523 s
Running pplacer... took 58.616814851760864 s
Placing query into subtree... took 0.7753875255584717 s
Modify main tree... took 46.2068305015564 s
Scoring trees... took 53.11456918716431 s
Program execution took 180.32051968574524 s
temp_files/6d8953b6-62e3-4384-89a8-4db4dafd139a
===== Timing =====
Setup took 11.129448890686035 s
Generating fasta files for pplacer... took 9.833780765533447 s
Running pplacer... took 58.812052726745605 s
Placing query into subtree... took 1.406388521194458 s
Modify main tree... took 45.04370665550232 s
Scoring trees... took 56.204251527786255 s
Program execution took 183.34788489341736 s
temp_files/81b982bd-9e8e-4b13-b2fc-88a8fb303618
===== Timing =====
Setup took 11.023913145065308 s
Generating fasta files for pplacer... took 10.063605070114136 s
Running pplacer... took 59.097792625427246 s
Placing query into subtree... took 1.4059062004089355 s
Modify main tree... took 43.97847509384155 s
Scoring trees... took 54.07020616531372 s
Program execution took 180.29793977737427 s
