Resultant tree was that generated by APPLES.
===== Timing =====
setup took 5.85202693939209 s
apples took 12.995187759399414 s
RAxML scoring took 24.250925302505493 s
Clade identification took 3.6976194381713867 s
FASTA file creation took 1.2061383724212646 s
Tree mod took 0.1307218074798584 s
Threaded region took 42.29490089416504 s
execution took 83.65621948242188 s
===== Timing =====
setup took 5.928060293197632 s
apples took 13.228521585464478 s
RAxML scoring took 24.40947699546814 s
Clade identification took 4.101824045181274 s
FASTA file creation took 1.2686653137207031 s
Tree mod took 0.12072229385375977 s
Threaded region took 42.6347930431366 s
execution took 84.17436456680298 s
===== Timing =====
setup took 5.889366388320923 s
apples took 12.999655723571777 s
RAxML scoring took 24.311843872070312 s
Clade identification took 3.599931001663208 s
FASTA file creation took 1.194624900817871 s
Tree mod took 0.12986230850219727 s
Threaded region took 42.24242377281189 s
execution took 83.64895105361938 s
===== Timing =====
setup took 5.983635902404785 s
apples took 13.110910892486572 s
RAxML scoring took 24.32894802093506 s
Clade identification took 3.867915391921997 s
FASTA file creation took 1.2791590690612793 s
Tree mod took 0.13790416717529297 s
Threaded region took 42.514200925827026 s
execution took 84.07362151145935 s
===== Timing =====
setup took 5.949717998504639 s
apples took 13.105290651321411 s
RAxML scoring took 28.02985692024231 s
Clade identification took 4.500384569168091 s
FASTA file creation took 1.2184574604034424 s
Tree mod took 0.12265133857727051 s
Threaded region took 43.59482145309448 s
execution took 88.50135278701782 s
===== Timing =====
setup took 5.915529489517212 s
apples took 13.275320768356323 s
RAxML scoring took 24.330291986465454 s
Clade identification took 3.541278123855591 s
FASTA file creation took 1.253981113433838 s
Tree mod took 0.1250925064086914 s
Threaded region took 41.98178505897522 s
execution took 83.44591188430786 s
===== Timing =====
setup took 6.085365295410156 s
apples took 13.048144578933716 s
RAxML scoring took 24.27300477027893 s
Clade identification took 3.59879994392395 s
FASTA file creation took 1.2400460243225098 s
Tree mod took 0.14031624794006348 s
Threaded region took 41.84806418418884 s
execution took 83.26290225982666 s
===== Timing =====
setup took 5.885657787322998 s
apples took 13.120255470275879 s
RAxML scoring took 24.332301139831543 s
Clade identification took 4.4678802490234375 s
FASTA file creation took 1.238227367401123 s
Tree mod took 0.12325382232666016 s
Threaded region took 43.21411395072937 s
execution took 84.50949168205261 s
===== Timing =====
setup took 5.886062860488892 s
apples took 13.159205675125122 s
RAxML scoring took 24.25913119316101 s
Clade identification took 3.6436219215393066 s
FASTA file creation took 1.220050573348999 s
Tree mod took 0.12833428382873535 s
Threaded region took 42.380675315856934 s
execution took 84.48917627334595 s
Resultant tree was that generated by APPLES.
===== Timing =====
setup took 6.0072596073150635 s
apples took 13.206359148025513 s
RAxML scoring took 24.431565523147583 s
Clade identification took 3.6312012672424316 s
FASTA file creation took 1.2402386665344238 s
Tree mod took 0.13071179389953613 s
Threaded region took 42.457393169403076 s
execution took 84.01546812057495 s
===== Timing =====
setup took 5.864265441894531 s
apples took 13.120601892471313 s
RAxML scoring took 24.264446258544922 s
Clade identification took 3.865679979324341 s
FASTA file creation took 1.21073579788208 s
Tree mod took 0.1383819580078125 s
Threaded region took 42.15956974029541 s
execution took 83.32836389541626 s
===== Timing =====
setup took 5.849192380905151 s
apples took 13.111903429031372 s
RAxML scoring took 24.26431107521057 s
Clade identification took 4.097250461578369 s
FASTA file creation took 1.2531123161315918 s
Tree mod took 0.12364554405212402 s
Threaded region took 42.51685547828674 s
execution took 83.98400139808655 s
===== Timing =====
setup took 5.8971545696258545 s
apples took 13.118845701217651 s
RAxML scoring took 24.398746728897095 s
Clade identification took 3.619335174560547 s
FASTA file creation took 1.203296184539795 s
Tree mod took 0.12657690048217773 s
Threaded region took 42.25454497337341 s
execution took 83.53324246406555 s
Resultant tree was that generated by APPLES.
===== Timing =====
setup took 5.865915060043335 s
apples took 13.161301374435425 s
RAxML scoring took 24.348297357559204 s
Clade identification took 3.4954674243927 s
FASTA file creation took 1.2316553592681885 s
Tree mod took 0.12968111038208008 s
Threaded region took 42.179370403289795 s
execution took 83.92221665382385 s
Resultant tree was that generated by APPLES.
===== Timing =====
setup took 5.888836860656738 s
apples took 13.137375831604004 s
RAxML scoring took 24.35131072998047 s
Clade identification took 3.565051317214966 s
FASTA file creation took 1.3273036479949951 s
Tree mod took 0.12871098518371582 s
Threaded region took 42.15833830833435 s
execution took 83.18944787979126 s
===== Timing =====
setup took 5.931419610977173 s
apples took 13.013300657272339 s
RAxML scoring took 24.226506233215332 s
Clade identification took 3.610412359237671 s
FASTA file creation took 1.2623648643493652 s
Tree mod took 0.12919139862060547 s
Threaded region took 42.42544150352478 s
execution took 83.60572242736816 s
===== Timing =====
setup took 5.870809555053711 s
apples took 13.090830564498901 s
RAxML scoring took 24.281618118286133 s
Clade identification took 3.739717960357666 s
FASTA file creation took 1.2224180698394775 s
Tree mod took 0.12505698204040527 s
Threaded region took 42.370811223983765 s
execution took 84.23023533821106 s
===== Timing =====
setup took 5.9898974895477295 s
apples took 13.249154567718506 s
RAxML scoring took 24.448737621307373 s
Clade identification took 3.5775606632232666 s
FASTA file creation took 1.4796113967895508 s
Tree mod took 0.13018560409545898 s
Threaded region took 42.85693621635437 s
execution took 84.5428957939148 s
Resultant tree was that generated by APPLES.
===== Timing =====
setup took 5.901890516281128 s
apples took 12.97253680229187 s
RAxML scoring took 24.319661855697632 s
Clade identification took 3.597456216812134 s
FASTA file creation took 1.236860752105713 s
Tree mod took 0.13163995742797852 s
Threaded region took 42.214457988739014 s
execution took 83.25125432014465 s
===== Timing =====
setup took 5.905253887176514 s
apples took 13.10759949684143 s
RAxML scoring took 24.27789831161499 s
Clade identification took 4.080929279327393 s
FASTA file creation took 1.2292084693908691 s
Tree mod took 0.13994383811950684 s
Threaded region took 42.61420202255249 s
execution took 84.20936250686646 s
===== Timing =====
setup took 5.881869316101074 s
apples took 13.078522205352783 s
RAxML scoring took 28.36572813987732 s
Clade identification took 3.7005674839019775 s
FASTA file creation took 1.2297179698944092 s
Tree mod took 0.1331026554107666 s
Threaded region took 46.42636156082153 s
execution took 87.87610936164856 s
Resultant tree was that generated by APPLES.
===== Timing =====
setup took 5.910598993301392 s
apples took 13.0951509475708 s
RAxML scoring took 24.715108394622803 s
Clade identification took 3.583496332168579 s
FASTA file creation took 1.2325382232666016 s
Tree mod took 0.12964463233947754 s
Threaded region took 42.279606103897095 s
execution took 84.25935888290405 s
===== Timing =====
setup took 5.987215757369995 s
apples took 13.121489524841309 s
RAxML scoring took 24.504700422286987 s
Clade identification took 3.5722217559814453 s
FASTA file creation took 1.2077066898345947 s
Tree mod took 0.1369483470916748 s
Threaded region took 42.283517599105835 s
execution took 83.93263649940491 s
===== Timing =====
setup took 5.929892063140869 s
apples took 13.110855340957642 s
RAxML scoring took 24.98864984512329 s
Clade identification took 4.412421226501465 s
FASTA file creation took 1.224794626235962 s
Tree mod took 0.1220552921295166 s
Threaded region took 43.138692140579224 s
execution took 85.46282482147217 s
===== Timing =====
setup took 5.9252870082855225 s
apples took 13.132655620574951 s
RAxML scoring took 24.726937294006348 s
Clade identification took 3.640078067779541 s
FASTA file creation took 1.206073522567749 s
Tree mod took 0.12983441352844238 s
Threaded region took 42.419599294662476 s
execution took 84.13668060302734 s
Resultant tree was that generated by APPLES.
===== Timing =====
setup took 5.970940113067627 s
apples took 13.095478057861328 s
RAxML scoring took 24.65942358970642 s
Clade identification took 3.612466335296631 s
FASTA file creation took 1.2810192108154297 s
Tree mod took 0.1300959587097168 s
Threaded region took 42.58329963684082 s
execution took 84.19560742378235 s
===== Timing =====
setup took 5.890029430389404 s
apples took 13.124106645584106 s
RAxML scoring took 24.8684401512146 s
Clade identification took 4.1009039878845215 s
FASTA file creation took 1.229311466217041 s
Tree mod took 0.12367558479309082 s
Threaded region took 42.78012013435364 s
execution took 84.7773654460907 s
===== Timing =====
setup took 5.964501142501831 s
apples took 13.126822233200073 s
RAxML scoring took 24.803320169448853 s
Clade identification took 3.5804944038391113 s
FASTA file creation took 1.2525842189788818 s
Tree mod took 0.128753662109375 s
Threaded region took 42.02216076850891 s
execution took 83.99498724937439 s
===== Timing =====
setup took 5.96026349067688 s
apples took 13.024352788925171 s
RAxML scoring took 25.12515377998352 s
Clade identification took 3.907717227935791 s
FASTA file creation took 1.2474870681762695 s
Tree mod took 0.12146234512329102 s
Threaded region took 42.62864375114441 s
execution took 84.77201843261719 s
===== Timing =====
setup took 5.995480060577393 s
apples took 13.241271257400513 s
RAxML scoring took 24.54748225212097 s
Clade identification took 3.5759990215301514 s
FASTA file creation took 1.2366421222686768 s
Tree mod took 0.13194918632507324 s
Threaded region took 42.5618257522583 s
execution took 84.43464875221252 s
===== Timing =====
setup took 5.924069404602051 s
apples took 13.014827013015747 s
RAxML scoring took 24.55396342277527 s
Clade identification took 3.6475253105163574 s
FASTA file creation took 1.233346939086914 s
Tree mod took 0.13814115524291992 s
Threaded region took 42.51361870765686 s
execution took 83.91597938537598 s
===== Timing =====
setup took 5.884100675582886 s
apples took 13.039768695831299 s
RAxML scoring took 30.364146947860718 s
Clade identification took 4.334336996078491 s
FASTA file creation took 1.2664508819580078 s
Tree mod took 0.12269306182861328 s
Threaded region took 44.20240807533264 s
execution took 90.79208159446716 s
Resultant tree was that generated by APPLES.
===== Timing =====
setup took 6.002629995346069 s
apples took 13.137778520584106 s
RAxML scoring took 24.26382541656494 s
Clade identification took 3.6862998008728027 s
FASTA file creation took 1.2455980777740479 s
Tree mod took 0.125868558883667 s
Threaded region took 42.431286096572876 s
execution took 83.74818420410156 s
Resultant tree was that generated by APPLES.
===== Timing =====
setup took 5.957339525222778 s
apples took 13.45420789718628 s
RAxML scoring took 24.335193157196045 s
Clade identification took 3.6061997413635254 s
FASTA file creation took 1.2338776588439941 s
Tree mod took 0.1302022933959961 s
Threaded region took 42.48376750946045 s
execution took 83.95627236366272 s
===== Timing =====
setup took 5.917885065078735 s
apples took 13.117730855941772 s
RAxML scoring took 24.205021142959595 s
Clade identification took 3.6280322074890137 s
FASTA file creation took 1.2965893745422363 s
Tree mod took 0.1297900676727295 s
Threaded region took 41.95980763435364 s
execution took 83.36781191825867 s
===== Timing =====
setup took 5.988271236419678 s
apples took 13.12352204322815 s
RAxML scoring took 24.095475435256958 s
Clade identification took 3.6011717319488525 s
FASTA file creation took 1.2953855991363525 s
Tree mod took 0.13797283172607422 s
Threaded region took 42.253477334976196 s
execution took 83.86384010314941 s
===== Timing =====
setup took 5.917340517044067 s
apples took 13.125936508178711 s
RAxML scoring took 24.433375120162964 s
Clade identification took 3.70505952835083 s
FASTA file creation took 1.2839210033416748 s
Tree mod took 0.1289210319519043 s
Threaded region took 42.52841567993164 s
execution took 84.01718521118164 s
===== Timing =====
setup took 5.91865348815918 s
apples took 13.13580584526062 s
RAxML scoring took 31.348493576049805 s
Clade identification took 3.596635341644287 s
FASTA file creation took 1.2093076705932617 s
Tree mod took 0.13212084770202637 s
Threaded region took 45.648741245269775 s
execution took 91.22192549705505 s
===== Timing =====
setup took 5.832240104675293 s
apples took 13.202687740325928 s
RAxML scoring took 24.24337935447693 s
Clade identification took 3.6627347469329834 s
FASTA file creation took 1.227276086807251 s
Tree mod took 0.1276874542236328 s
Threaded region took 42.3331253528595 s
execution took 83.76560163497925 s
===== Timing =====
setup took 5.959403038024902 s
apples took 13.168881177902222 s
RAxML scoring took 24.33931541442871 s
Clade identification took 3.6332883834838867 s
FASTA file creation took 1.2505018711090088 s
Tree mod took 0.13735580444335938 s
Threaded region took 42.45281219482422 s
execution took 83.94484782218933 s
===== Timing =====
setup took 5.835517406463623 s
apples took 13.137207508087158 s
RAxML scoring took 24.280090808868408 s
Clade identification took 3.7342448234558105 s
FASTA file creation took 1.234138011932373 s
Tree mod took 0.127044677734375 s
Threaded region took 42.188313007354736 s
execution took 83.26549553871155 s
===== Timing =====
setup took 5.863572359085083 s
apples took 13.272675037384033 s
RAxML scoring took 24.232987880706787 s
Clade identification took 3.6298046112060547 s
FASTA file creation took 1.2318403720855713 s
Tree mod took 0.1233971118927002 s
Threaded region took 42.230672121047974 s
execution took 83.62653636932373 s
===== Timing =====
setup took 5.856399059295654 s
apples took 13.129081726074219 s
RAxML scoring took 24.380260944366455 s
Clade identification took 3.6719160079956055 s
FASTA file creation took 1.2346935272216797 s
Tree mod took 0.12747454643249512 s
Threaded region took 42.43353819847107 s
execution took 84.06966876983643 s
===== Timing =====
setup took 6.124588489532471 s
apples took 13.33112382888794 s
RAxML scoring took 26.1422278881073 s
Clade identification took 3.6287941932678223 s
FASTA file creation took 1.3087131977081299 s
Tree mod took 0.1250307559967041 s
Threaded region took 42.380582094192505 s
execution took 86.11928534507751 s
===== Timing =====
setup took 5.952420473098755 s
apples took 13.118879318237305 s
RAxML scoring took 24.358319997787476 s
Clade identification took 4.4527857303619385 s
FASTA file creation took 1.2351393699645996 s
Tree mod took 0.12078285217285156 s
Threaded region took 43.147321701049805 s
execution took 84.4783284664154 s
===== Timing =====
setup took 5.853966474533081 s
apples took 13.234084844589233 s
RAxML scoring took 24.20345115661621 s
Clade identification took 3.620790719985962 s
FASTA file creation took 1.3244240283966064 s
Tree mod took 0.13683366775512695 s
Threaded region took 42.32194519042969 s
execution took 83.80066680908203 s
===== Timing =====
setup took 5.8665690422058105 s
apples took 13.00431489944458 s
RAxML scoring took 24.314488172531128 s
Clade identification took 3.6401286125183105 s
FASTA file creation took 1.2150535583496094 s
Tree mod took 0.13661551475524902 s
Threaded region took 42.43627905845642 s
execution took 83.94991540908813 s
===== Timing =====
setup took 5.840761423110962 s
apples took 13.098156690597534 s
RAxML scoring took 26.97147488594055 s
Clade identification took 3.5961594581604004 s
FASTA file creation took 1.2844414710998535 s
Tree mod took 0.1396331787109375 s
Threaded region took 45.10269045829773 s
execution took 86.63176131248474 s
===== Timing =====
setup took 5.987696886062622 s
apples took 13.232861280441284 s
RAxML scoring took 24.344775676727295 s
Clade identification took 3.6005022525787354 s
FASTA file creation took 1.260235071182251 s
Tree mod took 0.1265242099761963 s
Threaded region took 42.1931939125061 s
execution took 83.77528595924377 s
===== Timing =====
setup took 6.066155433654785 s
apples took 12.996801614761353 s
RAxML scoring took 24.23178005218506 s
Clade identification took 3.6703085899353027 s
FASTA file creation took 1.3247644901275635 s
Tree mod took 0.12986540794372559 s
Threaded region took 42.77908802032471 s
execution took 84.17178678512573 s
