===== Timing =====
setup took 0.5670502185821533 s
apples took 0.6729130744934082 s
RAxML scoring took 1.0495727062225342 s
Clade identification took 0.0683755874633789 s
FASTA file creation took 0.26164913177490234 s
Tree mod took 0.0041522979736328125 s
Threaded region took 8.277226686477661 s
execution took 10.324164152145386 s
===== Timing =====
setup took 0.20464158058166504 s
apples took 0.7922954559326172 s
RAxML scoring took 0.9729187488555908 s
Clade identification took 0.06920480728149414 s
FASTA file creation took 0.29621005058288574 s
Tree mod took 0.004087686538696289 s
Threaded region took 8.057840347290039 s
execution took 9.736497402191162 s
===== Timing =====
setup took 0.21965909004211426 s
apples took 0.6996166706085205 s
RAxML scoring took 0.9636585712432861 s
Clade identification took 0.06757926940917969 s
FASTA file creation took 0.27304601669311523 s
Tree mod took 0.004261493682861328 s
Threaded region took 8.102901935577393 s
execution took 9.673644542694092 s
===== Timing =====
setup took 0.17195677757263184 s
apples took 0.7836933135986328 s
RAxML scoring took 0.972259521484375 s
Clade identification took 0.06781268119812012 s
FASTA file creation took 0.29461145401000977 s
Tree mod took 0.0043027400970458984 s
Threaded region took 8.250464916229248 s
execution took 9.866921663284302 s
===== Timing =====
setup took 0.1687769889831543 s
apples took 0.6672532558441162 s
RAxML scoring took 1.0605216026306152 s
Clade identification took 0.08786249160766602 s
FASTA file creation took 0.29350948333740234 s
Tree mod took 0.0043048858642578125 s
Threaded region took 8.149195909500122 s
execution took 9.741801023483276 s
===== Timing =====
setup took 0.17323780059814453 s
apples took 0.8171858787536621 s
RAxML scoring took 0.9729149341583252 s
Clade identification took 0.06788301467895508 s
FASTA file creation took 0.2715482711791992 s
Tree mod took 0.004112958908081055 s
Threaded region took 8.138468027114868 s
execution took 9.790945053100586 s
===== Timing =====
setup took 0.18967294692993164 s
apples took 0.6575677394866943 s
RAxML scoring took 0.9390888214111328 s
Clade identification took 0.07721519470214844 s
FASTA file creation took 0.2538478374481201 s
Tree mod took 0.0043103694915771484 s
Threaded region took 8.092024803161621 s
execution took 9.58373212814331 s
===== Timing =====
setup took 0.17325711250305176 s
apples took 0.7235250473022461 s
RAxML scoring took 0.9671821594238281 s
Clade identification took 0.0687708854675293 s
FASTA file creation took 0.2505981922149658 s
Tree mod took 0.004193544387817383 s
Threaded region took 8.064554929733276 s
execution took 9.657407760620117 s
===== Timing =====
setup took 0.18596100807189941 s
apples took 0.692249059677124 s
RAxML scoring took 0.9786455631256104 s
Clade identification took 0.0789039134979248 s
FASTA file creation took 0.25614118576049805 s
Tree mod took 0.004130125045776367 s
Threaded region took 8.10977053642273 s
execution took 9.65628170967102 s
===== Timing =====
setup took 0.1939406394958496 s
apples took 0.7768683433532715 s
RAxML scoring took 1.094421625137329 s
Clade identification took 0.0675821304321289 s
FASTA file creation took 0.2686922550201416 s
Tree mod took 0.004269123077392578 s
Threaded region took 8.170287370681763 s
execution took 9.880345344543457 s
===== Timing =====
setup took 0.1674957275390625 s
apples took 0.6083657741546631 s
RAxML scoring took 0.981586217880249 s
Clade identification took 0.07765078544616699 s
FASTA file creation took 0.2577686309814453 s
Tree mod took 0.004021167755126953 s
Threaded region took 8.023934125900269 s
execution took 9.467794179916382 s
===== Timing =====
setup took 0.17313838005065918 s
apples took 0.7683959007263184 s
RAxML scoring took 0.9848895072937012 s
Clade identification took 0.06834220886230469 s
FASTA file creation took 0.30283689498901367 s
Tree mod took 0.00400090217590332 s
Threaded region took 8.170975923538208 s
execution took 9.801735877990723 s
===== Timing =====
setup took 0.167741060256958 s
apples took 0.7034239768981934 s
RAxML scoring took 0.9724230766296387 s
Clade identification took 0.06758236885070801 s
FASTA file creation took 0.24092626571655273 s
Tree mod took 0.004166841506958008 s
Threaded region took 8.083683013916016 s
execution took 9.629108667373657 s
===== Timing =====
setup took 0.16928887367248535 s
apples took 0.7746570110321045 s
RAxML scoring took 0.9909987449645996 s
Clade identification took 0.07728290557861328 s
FASTA file creation took 0.23816633224487305 s
Tree mod took 0.0043523311614990234 s
Threaded region took 8.092787027359009 s
execution took 9.81880497932434 s
===== Timing =====
setup took 0.18381786346435547 s
apples took 0.6540417671203613 s
RAxML scoring took 0.9759807586669922 s
Clade identification took 0.0675816535949707 s
FASTA file creation took 0.24005579948425293 s
Tree mod took 0.004300594329833984 s
Threaded region took 8.141294002532959 s
execution took 9.617461919784546 s
===== Timing =====
setup took 0.17073345184326172 s
apples took 0.7529616355895996 s
RAxML scoring took 1.0750033855438232 s
Clade identification took 0.06944537162780762 s
FASTA file creation took 0.2496318817138672 s
Tree mod took 0.004189014434814453 s
Threaded region took 7.772851228713989 s
execution took 9.47005009651184 s
===== Timing =====
setup took 0.17390656471252441 s
apples took 0.671156644821167 s
RAxML scoring took 0.9928154945373535 s
Clade identification took 0.0681917667388916 s
FASTA file creation took 0.23737335205078125 s
Tree mod took 0.0039615631103515625 s
Threaded region took 8.053892612457275 s
execution took 9.589054822921753 s
===== Timing =====
setup took 0.18868088722229004 s
apples took 0.7736775875091553 s
RAxML scoring took 0.9544715881347656 s
Clade identification took 0.06704068183898926 s
FASTA file creation took 0.2690753936767578 s
Tree mod took 0.004047870635986328 s
Threaded region took 8.118436336517334 s
execution took 9.729034662246704 s
===== Timing =====
setup took 0.23517203330993652 s
apples took 0.6750297546386719 s
RAxML scoring took 0.9970602989196777 s
Clade identification took 0.07839274406433105 s
FASTA file creation took 0.27831435203552246 s
Tree mod took 0.004158735275268555 s
Threaded region took 8.12289810180664 s
execution took 9.751995086669922 s
===== Timing =====
setup took 0.16864275932312012 s
apples took 0.8007984161376953 s
RAxML scoring took 0.9726479053497314 s
Clade identification took 0.06752371788024902 s
FASTA file creation took 0.31284070014953613 s
Tree mod took 0.004298686981201172 s
Threaded region took 8.192829132080078 s
execution took 9.839022159576416 s
===== Timing =====
setup took 0.17004990577697754 s
apples took 0.6017508506774902 s
RAxML scoring took 1.0880100727081299 s
Clade identification took 0.0671999454498291 s
FASTA file creation took 0.25976061820983887 s
Tree mod took 0.004146099090576172 s
Threaded region took 8.19560980796814 s
execution took 9.67976999282837 s
===== Timing =====
setup took 0.17060208320617676 s
apples took 0.803762674331665 s
RAxML scoring took 0.9666056632995605 s
Clade identification took 0.06762933731079102 s
FASTA file creation took 0.33199095726013184 s
Tree mod took 0.0042264461517333984 s
Threaded region took 8.096558809280396 s
execution took 9.781240940093994 s
===== Timing =====
setup took 0.16675853729248047 s
apples took 0.6840188503265381 s
RAxML scoring took 1.0138788223266602 s
Clade identification took 0.06796145439147949 s
FASTA file creation took 0.239793062210083 s
Tree mod took 0.004012346267700195 s
Threaded region took 8.01881456375122 s
execution took 9.590251922607422 s
===== Timing =====
setup took 0.16982364654541016 s
apples took 0.7540478706359863 s
RAxML scoring took 1.0161573886871338 s
Clade identification took 0.06861233711242676 s
FASTA file creation took 0.2478623390197754 s
Tree mod took 0.004017353057861328 s
Threaded region took 8.012690782546997 s
execution took 9.635476112365723 s
===== Timing =====
setup took 0.17026400566101074 s
apples took 0.6722555160522461 s
RAxML scoring took 0.9796335697174072 s
Clade identification took 0.06870794296264648 s
FASTA file creation took 0.23974394798278809 s
Tree mod took 0.004229545593261719 s
Threaded region took 8.217153072357178 s
execution took 9.733481407165527 s
===== Timing =====
setup took 0.17001032829284668 s
apples took 0.7940266132354736 s
RAxML scoring took 1.0345604419708252 s
Clade identification took 0.08831262588500977 s
FASTA file creation took 0.25464606285095215 s
Tree mod took 0.004293918609619141 s
Threaded region took 8.283089876174927 s
execution took 9.939503192901611 s
===== Timing =====
setup took 0.1791534423828125 s
apples took 0.6543123722076416 s
RAxML scoring took 1.073948860168457 s
Clade identification took 0.06845808029174805 s
FASTA file creation took 0.24251580238342285 s
Tree mod took 0.004363059997558594 s
Threaded region took 8.077774286270142 s
execution took 9.692232131958008 s
===== Timing =====
setup took 0.17040276527404785 s
apples took 0.7116708755493164 s
RAxML scoring took 0.9633495807647705 s
Clade identification took 0.06807208061218262 s
FASTA file creation took 0.2724618911743164 s
Tree mod took 0.004439830780029297 s
Threaded region took 8.088264226913452 s
execution took 9.632999658584595 s
===== Timing =====
setup took 0.16900849342346191 s
apples took 0.6616363525390625 s
RAxML scoring took 0.9869861602783203 s
Clade identification took 0.0679786205291748 s
FASTA file creation took 0.23832249641418457 s
Tree mod took 0.003988504409790039 s
Threaded region took 7.9892354011535645 s
execution took 9.480299472808838 s
===== Timing =====
setup took 0.1742091178894043 s
apples took 0.7653372287750244 s
RAxML scoring took 0.9999074935913086 s
Clade identification took 0.07629561424255371 s
FASTA file creation took 0.2535519599914551 s
Tree mod took 0.003953695297241211 s
Threaded region took 7.991246223449707 s
execution took 9.617407083511353 s
===== Timing =====
setup took 0.1857461929321289 s
apples took 0.63979172706604 s
RAxML scoring took 0.9760076999664307 s
Clade identification took 0.06788969039916992 s
FASTA file creation took 0.23695158958435059 s
Tree mod took 0.004338264465332031 s
Threaded region took 8.164325952529907 s
execution took 9.649746894836426 s
===== Timing =====
setup took 0.17073321342468262 s
apples took 0.8058440685272217 s
RAxML scoring took 1.0728411674499512 s
Clade identification took 0.06835150718688965 s
FASTA file creation took 0.23842835426330566 s
Tree mod took 0.004208087921142578 s
Threaded region took 8.041882991790771 s
execution took 9.709567070007324 s
===== Timing =====
setup took 0.18721413612365723 s
apples took 0.5990235805511475 s
RAxML scoring took 0.9780733585357666 s
Clade identification took 0.0678253173828125 s
FASTA file creation took 0.24152731895446777 s
Tree mod took 0.004232168197631836 s
Threaded region took 8.0026535987854 s
execution took 9.476451873779297 s
===== Timing =====
setup took 0.16887736320495605 s
apples took 0.7158463001251221 s
RAxML scoring took 0.9922595024108887 s
Clade identification took 0.07889175415039062 s
FASTA file creation took 0.26176881790161133 s
Tree mod took 0.003973722457885742 s
Threaded region took 8.04380464553833 s
execution took 9.608656644821167 s
===== Timing =====
setup took 0.17328858375549316 s
apples took 0.6313798427581787 s
RAxML scoring took 0.9532957077026367 s
Clade identification took 0.06770467758178711 s
FASTA file creation took 0.2503042221069336 s
Tree mod took 0.0042111873626708984 s
Threaded region took 7.968913793563843 s
execution took 9.413029909133911 s
===== Timing =====
setup took 0.1726372241973877 s
apples took 0.7172017097473145 s
RAxML scoring took 0.9781405925750732 s
Clade identification took 0.06792783737182617 s
FASTA file creation took 0.2951815128326416 s
Tree mod took 0.004158496856689453 s
Threaded region took 8.073530197143555 s
execution took 9.65758228302002 s
===== Timing =====
setup took 0.18462324142456055 s
apples took 0.6452999114990234 s
RAxML scoring took 1.0190134048461914 s
Clade identification took 0.07723736763000488 s
FASTA file creation took 0.279832124710083 s
Tree mod took 0.0041348934173583984 s
Threaded region took 8.113647937774658 s
execution took 9.6508469581604 s
===== Timing =====
setup took 0.17339730262756348 s
apples took 0.777130126953125 s
RAxML scoring took 1.044541835784912 s
Clade identification took 0.06748080253601074 s
FASTA file creation took 0.2668802738189697 s
Tree mod took 0.0039789676666259766 s
Threaded region took 8.096789836883545 s
execution took 9.719970226287842 s
===== Timing =====
setup took 0.19431304931640625 s
apples took 0.5991005897521973 s
RAxML scoring took 0.996314525604248 s
Clade identification took 0.06708312034606934 s
FASTA file creation took 0.25163984298706055 s
Tree mod took 0.0040361881256103516 s
Threaded region took 8.1071035861969 s
execution took 9.564877271652222 s
===== Timing =====
setup took 0.17113065719604492 s
apples took 0.77992844581604 s
RAxML scoring took 0.9580113887786865 s
Clade identification took 0.07794761657714844 s
FASTA file creation took 0.2452683448791504 s
Tree mod took 0.004345893859863281 s
Threaded region took 8.072915077209473 s
execution took 9.71663761138916 s
===== Timing =====
setup took 0.18840408325195312 s
apples took 0.6271986961364746 s
RAxML scoring took 0.9679059982299805 s
Clade identification took 0.06777286529541016 s
FASTA file creation took 0.3347902297973633 s
Tree mod took 0.0041882991790771484 s
Threaded region took 7.815481424331665 s
execution took 9.293028593063354 s
===== Timing =====
setup took 0.18018794059753418 s
apples took 0.73455810546875 s
RAxML scoring took 0.9569456577301025 s
Clade identification took 0.09011197090148926 s
FASTA file creation took 0.24309492111206055 s
Tree mod took 0.004113197326660156 s
Threaded region took 8.04145073890686 s
execution took 9.65781855583191 s
===== Timing =====
setup took 0.17406773567199707 s
apples took 0.6555824279785156 s
RAxML scoring took 0.9727098941802979 s
Clade identification took 0.06794166564941406 s
FASTA file creation took 0.2506535053253174 s
Tree mod took 0.004067420959472656 s
Threaded region took 7.990543603897095 s
execution took 9.498714923858643 s
===== Timing =====
setup took 0.17157912254333496 s
apples took 0.7904884815216064 s
RAxML scoring took 1.0825400352478027 s
Clade identification took 0.06781554222106934 s
FASTA file creation took 0.25908756256103516 s
Tree mod took 0.0042133331298828125 s
Threaded region took 8.08531904220581 s
execution took 9.723475933074951 s
===== Timing =====
setup took 0.1827714443206787 s
apples took 0.6734428405761719 s
RAxML scoring took 0.9851555824279785 s
Clade identification took 0.07749319076538086 s
FASTA file creation took 0.24056696891784668 s
Tree mod took 0.0042803287506103516 s
Threaded region took 8.148853302001953 s
execution took 9.680112361907959 s
===== Timing =====
setup took 0.17875003814697266 s
apples took 0.7360532283782959 s
RAxML scoring took 1.0049865245819092 s
Clade identification took 0.06847763061523438 s
FASTA file creation took 0.26062631607055664 s
Tree mod took 0.004414081573486328 s
Threaded region took 8.073282241821289 s
execution took 9.667772054672241 s
===== Timing =====
setup took 0.16188645362854004 s
apples took 0.6902999877929688 s
RAxML scoring took 1.0047433376312256 s
Clade identification took 0.06822037696838379 s
FASTA file creation took 0.24226951599121094 s
Tree mod took 0.004132509231567383 s
Threaded region took 8.104756355285645 s
execution took 9.652156591415405 s
===== Timing =====
setup took 0.1783912181854248 s
apples took 0.7924506664276123 s
RAxML scoring took 1.0184786319732666 s
Clade identification took 0.06748032569885254 s
FASTA file creation took 0.25680017471313477 s
Tree mod took 0.0042994022369384766 s
Threaded region took 8.089466333389282 s
execution took 9.74915075302124 s
===== Timing =====
setup took 0.19185638427734375 s
apples took 0.6331863403320312 s
RAxML scoring took 0.947354793548584 s
Clade identification took 0.06910061836242676 s
FASTA file creation took 0.25090789794921875 s
Tree mod took 0.004390239715576172 s
Threaded region took 8.072500228881836 s
execution took 9.600806951522827 s
===== Timing =====
setup took 0.1896810531616211 s
apples took 0.7808418273925781 s
RAxML scoring took 1.0259149074554443 s
Clade identification took 0.0679624080657959 s
FASTA file creation took 0.29940056800842285 s
Tree mod took 0.003947257995605469 s
Threaded region took 8.125733375549316 s
execution took 9.903514385223389 s
===== Timing =====
setup took 0.20347929000854492 s
apples took 0.6739320755004883 s
RAxML scoring took 0.9953887462615967 s
Clade identification took 0.0784003734588623 s
FASTA file creation took 0.24216628074645996 s
Tree mod took 0.004351615905761719 s
Threaded region took 8.123018980026245 s
execution took 9.6811842918396 s
===== Timing =====
setup took 0.19745898246765137 s
apples took 0.7753355503082275 s
RAxML scoring took 0.9544637203216553 s
Clade identification took 0.07842755317687988 s
FASTA file creation took 0.2616112232208252 s
Tree mod took 0.004405975341796875 s
Threaded region took 8.145965337753296 s
execution took 9.788309812545776 s
===== Timing =====
setup took 0.1654953956604004 s
apples took 0.6735479831695557 s
RAxML scoring took 0.9605228900909424 s
Clade identification took 0.06738662719726562 s
FASTA file creation took 0.2625846862792969 s
Tree mod took 0.004138946533203125 s
Threaded region took 8.182262659072876 s
execution took 9.681854248046875 s
===== Timing =====
setup took 0.20975995063781738 s
apples took 0.779970645904541 s
RAxML scoring took 0.9788529872894287 s
Clade identification took 0.06673502922058105 s
FASTA file creation took 0.3288578987121582 s
Tree mod took 0.0040624141693115234 s
Threaded region took 8.20304822921753 s
execution took 9.858741521835327 s
===== Timing =====
setup took 0.17406558990478516 s
apples took 0.6362419128417969 s
RAxML scoring took 1.1033134460449219 s
Clade identification took 0.06789469718933105 s
FASTA file creation took 0.27974963188171387 s
Tree mod took 0.004168987274169922 s
Threaded region took 8.184049367904663 s
execution took 9.674633502960205 s
===== Timing =====
setup took 0.2142500877380371 s
apples took 0.7962872982025146 s
RAxML scoring took 1.0192461013793945 s
Clade identification took 0.07675385475158691 s
FASTA file creation took 0.2587101459503174 s
Tree mod took 0.004148244857788086 s
Threaded region took 8.020626068115234 s
execution took 9.728663921356201 s
===== Timing =====
setup took 0.16843461990356445 s
apples took 0.6535258293151855 s
RAxML scoring took 1.121217966079712 s
Clade identification took 0.07767009735107422 s
FASTA file creation took 0.24183964729309082 s
Tree mod took 0.0043871402740478516 s
Threaded region took 8.203056812286377 s
execution took 9.804436922073364 s
===== Timing =====
setup took 0.17049098014831543 s
apples took 0.7997548580169678 s
RAxML scoring took 0.9365200996398926 s
Clade identification took 0.06824946403503418 s
FASTA file creation took 0.28194761276245117 s
Tree mod took 0.004234790802001953 s
Threaded region took 8.108680725097656 s
execution took 9.74482274055481 s
===== Timing =====
setup took 0.16515779495239258 s
apples took 0.6932933330535889 s
RAxML scoring took 0.9515781402587891 s
Clade identification took 0.06762242317199707 s
FASTA file creation took 0.2949068546295166 s
Tree mod took 0.004093647003173828 s
Threaded region took 8.004916906356812 s
execution took 9.518328189849854 s
===== Timing =====
setup took 0.22934675216674805 s
apples took 0.7906906604766846 s
RAxML scoring took 1.0180821418762207 s
Clade identification took 0.06786561012268066 s
FASTA file creation took 0.2851221561431885 s
Tree mod took 0.0041234493255615234 s
Threaded region took 8.099233388900757 s
execution took 9.820838212966919 s
===== Timing =====
setup took 0.165938138961792 s
apples took 0.669762372970581 s
RAxML scoring took 1.0850279331207275 s
Clade identification took 0.06907796859741211 s
FASTA file creation took 0.28897786140441895 s
Tree mod took 0.004010915756225586 s
Threaded region took 8.08348822593689 s
execution took 9.729262351989746 s
===== Timing =====
setup took 0.17838358879089355 s
apples took 0.7496280670166016 s
RAxML scoring took 0.9779784679412842 s
Clade identification took 0.06827974319458008 s
FASTA file creation took 0.27172088623046875 s
Tree mod took 0.00400233268737793 s
Threaded region took 8.017062187194824 s
execution took 9.590854406356812 s
===== Timing =====
setup took 0.17300915718078613 s
apples took 0.6713449954986572 s
RAxML scoring took 0.9767677783966064 s
Clade identification took 0.0687258243560791 s
FASTA file creation took 0.2670729160308838 s
Tree mod took 0.0040166378021240234 s
Threaded region took 8.060591459274292 s
execution took 9.589167833328247 s
===== Timing =====
setup took 0.18706393241882324 s
apples took 0.7809884548187256 s
RAxML scoring took 0.9619462490081787 s
Clade identification took 0.06839108467102051 s
FASTA file creation took 0.255002498626709 s
Tree mod took 0.004061698913574219 s
Threaded region took 8.048178434371948 s
execution took 9.69985818862915 s
===== Timing =====
setup took 0.19835519790649414 s
apples took 0.6974267959594727 s
RAxML scoring took 0.9629883766174316 s
Clade identification took 0.08808040618896484 s
FASTA file creation took 0.261127233505249 s
Tree mod took 0.004184246063232422 s
Threaded region took 8.063280582427979 s
execution took 9.641626834869385 s
===== Timing =====
setup took 0.18204116821289062 s
apples took 0.8050765991210938 s
RAxML scoring took 1.0878279209136963 s
Clade identification took 0.07740378379821777 s
FASTA file creation took 0.2742123603820801 s
Tree mod took 0.004296541213989258 s
Threaded region took 8.291833639144897 s
execution took 9.983636856079102 s
===== Timing =====
setup took 0.16707324981689453 s
apples took 0.673891544342041 s
RAxML scoring took 0.9701113700866699 s
Clade identification took 0.06855487823486328 s
FASTA file creation took 0.2788515090942383 s
Tree mod took 0.004152059555053711 s
Threaded region took 8.019184827804565 s
execution took 9.546537637710571 s
===== Timing =====
setup took 0.18283939361572266 s
apples took 0.8320574760437012 s
RAxML scoring took 1.026820421218872 s
Clade identification took 0.06855082511901855 s
FASTA file creation took 0.799375057220459 s
Tree mod took 0.004368305206298828 s
Threaded region took 8.917350053787231 s
execution took 10.803401470184326 s
===== Timing =====
setup took 0.17148995399475098 s
apples took 0.7845003604888916 s
RAxML scoring took 0.9973061084747314 s
Clade identification took 0.0995328426361084 s
FASTA file creation took 0.2870302200317383 s
Tree mod took 0.004021406173706055 s
Threaded region took 8.131357669830322 s
execution took 9.845132827758789 s
===== Timing =====
setup took 0.1799635887145996 s
apples took 0.8201396465301514 s
RAxML scoring took 1.0089898109436035 s
Clade identification took 0.06820368766784668 s
FASTA file creation took 0.31882309913635254 s
Tree mod took 0.0041599273681640625 s
Threaded region took 8.188434362411499 s
execution took 10.000214576721191 s
===== Timing =====
setup took 0.18843317031860352 s
apples took 0.6822640895843506 s
RAxML scoring took 1.0756275653839111 s
Clade identification took 0.1050255298614502 s
FASTA file creation took 0.2716233730316162 s
Tree mod took 0.004327297210693359 s
Threaded region took 8.326417446136475 s
execution took 9.869338035583496 s
===== Timing =====
setup took 0.22846627235412598 s
apples took 0.772315263748169 s
RAxML scoring took 0.9912624359130859 s
Clade identification took 0.06806468963623047 s
FASTA file creation took 0.28054380416870117 s
Tree mod took 0.0041162967681884766 s
Threaded region took 8.151333570480347 s
execution took 9.861999750137329 s
===== Timing =====
setup took 0.17098474502563477 s
apples took 0.6706817150115967 s
RAxML scoring took 0.9415106773376465 s
Clade identification took 0.06796908378601074 s
FASTA file creation took 0.31735968589782715 s
Tree mod took 0.004448413848876953 s
Threaded region took 8.179219961166382 s
execution took 9.691415548324585 s
===== Timing =====
setup took 0.20112371444702148 s
apples took 0.7863912582397461 s
RAxML scoring took 0.9557902812957764 s
Clade identification took 0.06764817237854004 s
FASTA file creation took 0.32415080070495605 s
Tree mod took 0.004377126693725586 s
Threaded region took 8.09645414352417 s
execution took 9.735724210739136 s
===== Timing =====
setup took 0.1669788360595703 s
apples took 0.6465742588043213 s
RAxML scoring took 0.9810609817504883 s
Clade identification took 0.06825971603393555 s
FASTA file creation took 0.27845144271850586 s
Tree mod took 0.004225254058837891 s
Threaded region took 8.1022629737854 s
execution took 9.598788976669312 s
===== Timing =====
setup took 0.21059060096740723 s
apples took 0.7602365016937256 s
RAxML scoring took 0.9695734977722168 s
Clade identification took 0.06813693046569824 s
FASTA file creation took 0.2582249641418457 s
Tree mod took 0.004065513610839844 s
Threaded region took 8.15390396118164 s
execution took 9.782883882522583 s
===== Timing =====
setup took 0.17173290252685547 s
apples took 0.650057315826416 s
RAxML scoring took 1.0772278308868408 s
Clade identification took 0.15877318382263184 s
FASTA file creation took 0.25696301460266113 s
Tree mod took 0.004197835922241211 s
Threaded region took 8.108423471450806 s
execution took 9.721014022827148 s
===== Timing =====
setup took 0.1947624683380127 s
apples took 0.7893645763397217 s
RAxML scoring took 1.0128648281097412 s
Clade identification took 0.06942272186279297 s
FASTA file creation took 0.27078795433044434 s
Tree mod took 0.0041468143463134766 s
Threaded region took 8.050462484359741 s
execution took 9.725026607513428 s
===== Timing =====
setup took 0.16668701171875 s
apples took 0.6550989151000977 s
RAxML scoring took 0.9345214366912842 s
Clade identification took 0.0674586296081543 s
FASTA file creation took 0.31151628494262695 s
Tree mod took 0.004300832748413086 s
Threaded region took 8.173116683959961 s
execution took 9.661711692810059 s
===== Timing =====
setup took 0.18014073371887207 s
apples took 0.793898344039917 s
RAxML scoring took 0.9824943542480469 s
Clade identification took 0.15115904808044434 s
FASTA file creation took 0.2914280891418457 s
Tree mod took 0.004278421401977539 s
Threaded region took 8.194120645523071 s
execution took 9.88206672668457 s
===== Timing =====
setup took 0.16893529891967773 s
apples took 0.6517393589019775 s
RAxML scoring took 0.9853599071502686 s
Clade identification took 0.07721614837646484 s
FASTA file creation took 0.26352453231811523 s
Tree mod took 0.004347085952758789 s
Threaded region took 8.130481719970703 s
execution took 9.640317440032959 s
===== Timing =====
setup took 0.18770599365234375 s
apples took 0.8094377517700195 s
RAxML scoring took 1.071458101272583 s
Clade identification took 0.06850886344909668 s
FASTA file creation took 0.2560899257659912 s
Tree mod took 0.004301548004150391 s
Threaded region took 8.190726280212402 s
execution took 9.906565189361572 s
===== Timing =====
setup took 0.17920517921447754 s
apples took 0.6923544406890869 s
RAxML scoring took 0.9625887870788574 s
Clade identification took 0.06772780418395996 s
FASTA file creation took 0.29598331451416016 s
Tree mod took 0.0041048526763916016 s
Threaded region took 8.099203109741211 s
execution took 9.641476392745972 s
===== Timing =====
setup took 0.1779026985168457 s
apples took 0.8060696125030518 s
RAxML scoring took 1.0192515850067139 s
Clade identification took 0.06970429420471191 s
FASTA file creation took 0.2611362934112549 s
Tree mod took 0.004057168960571289 s
Threaded region took 8.07291293144226 s
execution took 9.790486812591553 s
===== Timing =====
setup took 0.1699507236480713 s
apples took 0.6773755550384521 s
RAxML scoring took 0.9702870845794678 s
Clade identification took 0.06784796714782715 s
FASTA file creation took 0.2828536033630371 s
Tree mod took 0.004228115081787109 s
Threaded region took 8.0234215259552 s
execution took 9.56000542640686 s
===== Timing =====
setup took 0.17905688285827637 s
apples took 0.7937009334564209 s
RAxML scoring took 0.9784953594207764 s
Clade identification took 0.06798362731933594 s
FASTA file creation took 0.2665109634399414 s
Tree mod took 0.004227399826049805 s
Threaded region took 8.122564554214478 s
execution took 9.776283979415894 s
===== Timing =====
setup took 0.17780089378356934 s
apples took 0.5582952499389648 s
RAxML scoring took 1.1433253288269043 s
Clade identification took 0.06712555885314941 s
FASTA file creation took 0.24552464485168457 s
Tree mod took 0.004293680191040039 s
Threaded region took 8.192582607269287 s
execution took 9.751178503036499 s
===== Timing =====
setup took 0.16907286643981934 s
apples took 0.7728049755096436 s
RAxML scoring took 1.2564635276794434 s
Clade identification took 0.08268141746520996 s
FASTA file creation took 0.2652401924133301 s
Tree mod took 0.003950357437133789 s
Threaded region took 8.281107902526855 s
execution took 10.00362253189087 s
===== Timing =====
setup took 0.16626596450805664 s
apples took 0.6715896129608154 s
RAxML scoring took 1.0196261405944824 s
Clade identification took 0.06779336929321289 s
FASTA file creation took 0.28293538093566895 s
Tree mod took 0.004331827163696289 s
Threaded region took 8.184611082077026 s
execution took 9.696468114852905 s
===== Timing =====
setup took 0.18384504318237305 s
apples took 0.7906575202941895 s
RAxML scoring took 0.9725539684295654 s
Clade identification took 0.06746745109558105 s
FASTA file creation took 0.31656765937805176 s
Tree mod took 0.004337787628173828 s
Threaded region took 8.149529933929443 s
execution took 9.834372758865356 s
===== Timing =====
setup took 0.19300270080566406 s
apples took 0.7099964618682861 s
RAxML scoring took 0.9367151260375977 s
Clade identification took 0.0672919750213623 s
FASTA file creation took 0.27272558212280273 s
Tree mod took 0.004105091094970703 s
Threaded region took 8.175382375717163 s
execution took 9.754505634307861 s
===== Timing =====
setup took 0.1878061294555664 s
apples took 0.7921576499938965 s
RAxML scoring took 1.031275749206543 s
Clade identification took 0.06809306144714355 s
FASTA file creation took 0.2515861988067627 s
Tree mod took 0.00426173210144043 s
Threaded region took 8.194640636444092 s
execution took 9.859224081039429 s
===== Timing =====
setup took 0.19105768203735352 s
apples took 0.6631324291229248 s
RAxML scoring took 1.0611910820007324 s
Clade identification took 0.06809520721435547 s
FASTA file creation took 0.29349398612976074 s
Tree mod took 0.004055976867675781 s
Threaded region took 8.216114044189453 s
execution took 9.713302850723267 s
===== Timing =====
setup took 0.17140889167785645 s
apples took 0.7736444473266602 s
RAxML scoring took 0.9784927368164062 s
Clade identification took 0.0687558650970459 s
FASTA file creation took 0.2969505786895752 s
Tree mod took 0.0042150020599365234 s
Threaded region took 7.717337608337402 s
execution took 9.368488073348999 s
===== Timing =====
setup took 0.16694164276123047 s
apples took 0.6825456619262695 s
RAxML scoring took 0.9551577568054199 s
Clade identification took 0.06847143173217773 s
FASTA file creation took 0.26149773597717285 s
Tree mod took 0.004370689392089844 s
Threaded region took 8.089009523391724 s
execution took 9.602619647979736 s
===== Timing =====
setup took 0.1924149990081787 s
apples took 0.805527925491333 s
RAxML scoring took 0.9887418746948242 s
Clade identification took 0.09791254997253418 s
FASTA file creation took 0.29684877395629883 s
Tree mod took 0.00447392463684082 s
Threaded region took 8.12551474571228 s
execution took 9.803397178649902 s
===== Timing =====
setup took 0.20590710639953613 s
apples took 0.7302634716033936 s
RAxML scoring took 0.9453043937683105 s
Clade identification took 0.06874656677246094 s
FASTA file creation took 0.31661033630371094 s
Tree mod took 0.0043430328369140625 s
Threaded region took 8.162782907485962 s
execution took 9.775752544403076 s
===== Timing =====
setup took 0.1743626594543457 s
apples took 0.7967486381530762 s
RAxML scoring took 0.9968149662017822 s
Clade identification took 0.09662604331970215 s
FASTA file creation took 0.2553408145904541 s
Tree mod took 0.0039598941802978516 s
Threaded region took 8.096184730529785 s
execution took 9.765084505081177 s
===== Timing =====
setup took 0.19531941413879395 s
apples took 0.6612100601196289 s
RAxML scoring took 1.0580048561096191 s
Clade identification took 0.06804251670837402 s
FASTA file creation took 0.24737334251403809 s
Tree mod took 0.004399538040161133 s
Threaded region took 8.171580791473389 s
execution took 9.806505918502808 s
===== Timing =====
setup took 0.17547297477722168 s
apples took 0.7716455459594727 s
RAxML scoring took 1.016753911972046 s
Clade identification took 0.07774591445922852 s
FASTA file creation took 0.2755606174468994 s
Tree mod took 0.00408482551574707 s
Threaded region took 8.052160024642944 s
execution took 9.765072345733643 s
===== Timing =====
setup took 0.42707037925720215 s
apples took 0.6615381240844727 s
RAxML scoring took 0.9730653762817383 s
Clade identification took 0.07765436172485352 s
FASTA file creation took 0.2744898796081543 s
Tree mod took 0.0042421817779541016 s
Threaded region took 8.074144840240479 s
execution took 9.878902435302734 s
===== Timing =====
setup took 0.17553353309631348 s
apples took 0.7728743553161621 s
RAxML scoring took 0.9804544448852539 s
Clade identification took 0.06805562973022461 s
FASTA file creation took 0.25602149963378906 s
Tree mod took 0.004423856735229492 s
Threaded region took 7.9752562046051025 s
execution took 9.64042329788208 s
===== Timing =====
setup took 0.20038485527038574 s
apples took 0.6697328090667725 s
RAxML scoring took 0.9674232006072998 s
Clade identification took 0.06903958320617676 s
FASTA file creation took 0.28681302070617676 s
Tree mod took 0.004148960113525391 s
Threaded region took 8.099593162536621 s
execution took 9.693603515625 s
===== Timing =====
setup took 0.21921348571777344 s
apples took 0.8063821792602539 s
RAxML scoring took 1.0925462245941162 s
Clade identification took 0.0678861141204834 s
FASTA file creation took 0.24653339385986328 s
Tree mod took 0.004309177398681641 s
Threaded region took 8.18704867362976 s
execution took 9.918377161026001 s
===== Timing =====
setup took 0.17705798149108887 s
apples took 0.6760778427124023 s
RAxML scoring took 0.9791419506072998 s
Clade identification took 0.08002471923828125 s
FASTA file creation took 0.2689061164855957 s
Tree mod took 0.003964424133300781 s
Threaded region took 7.987152576446533 s
execution took 9.537214756011963 s
===== Timing =====
setup took 0.17595791816711426 s
apples took 0.8032441139221191 s
RAxML scoring took 0.9707276821136475 s
Clade identification took 0.06726717948913574 s
FASTA file creation took 0.2748854160308838 s
Tree mod took 0.0040585994720458984 s
Threaded region took 7.945431709289551 s
execution took 9.65479040145874 s
===== Timing =====
setup took 0.16738653182983398 s
apples took 0.6804378032684326 s
RAxML scoring took 0.9612689018249512 s
Clade identification took 0.06836318969726562 s
FASTA file creation took 0.262531042098999 s
Tree mod took 0.004128932952880859 s
Threaded region took 8.03977370262146 s
execution took 9.581087589263916 s
===== Timing =====
setup took 0.1988077163696289 s
apples took 0.7742099761962891 s
RAxML scoring took 0.9596285820007324 s
Clade identification took 0.0675058364868164 s
FASTA file creation took 0.2766752243041992 s
Tree mod took 0.004328489303588867 s
Threaded region took 8.017652034759521 s
execution took 9.66232967376709 s
===== Timing =====
setup took 0.16710138320922852 s
apples took 0.6632497310638428 s
RAxML scoring took 0.9829826354980469 s
Clade identification took 0.06768345832824707 s
FASTA file creation took 0.2460923194885254 s
Tree mod took 0.00417780876159668 s
Threaded region took 7.970832109451294 s
execution took 9.502643823623657 s
===== Timing =====
setup took 0.21346688270568848 s
apples took 0.827023983001709 s
RAxML scoring took 1.034597635269165 s
Clade identification took 0.06827831268310547 s
FASTA file creation took 0.2641587257385254 s
Tree mod took 0.003980398178100586 s
Threaded region took 7.685456275939941 s
execution took 9.498141527175903 s
===== Timing =====
setup took 0.18127155303955078 s
apples took 0.6767227649688721 s
RAxML scoring took 1.0026569366455078 s
Clade identification took 0.06763958930969238 s
FASTA file creation took 0.24312949180603027 s
Tree mod took 0.004354715347290039 s
Threaded region took 7.995615005493164 s
execution took 9.546633243560791 s
===== Timing =====
setup took 0.1868901252746582 s
apples took 0.8104121685028076 s
RAxML scoring took 0.9527575969696045 s
Clade identification took 0.06877946853637695 s
FASTA file creation took 0.2588331699371338 s
Tree mod took 0.003971576690673828 s
Threaded region took 7.970785140991211 s
execution took 9.663821458816528 s
===== Timing =====
setup took 0.16578459739685059 s
apples took 0.6654741764068604 s
RAxML scoring took 0.9278466701507568 s
Clade identification took 0.06804180145263672 s
FASTA file creation took 0.24661779403686523 s
Tree mod took 0.0041310787200927734 s
Threaded region took 7.994122266769409 s
execution took 9.513522624969482 s
===== Timing =====
setup took 0.22185349464416504 s
apples took 0.7925610542297363 s
RAxML scoring took 0.9710545539855957 s
Clade identification took 0.06853580474853516 s
FASTA file creation took 0.2997274398803711 s
Tree mod took 0.003931760787963867 s
Threaded region took 8.091981649398804 s
execution took 9.810347318649292 s
===== Timing =====
setup took 0.17152690887451172 s
apples took 0.652108907699585 s
RAxML scoring took 1.068354845046997 s
Clade identification took 0.06841492652893066 s
FASTA file creation took 0.26830196380615234 s
Tree mod took 0.00435328483581543 s
Threaded region took 8.359110355377197 s
execution took 10.00775671005249 s
===== Timing =====
setup took 0.19834685325622559 s
apples took 0.8307080268859863 s
RAxML scoring took 0.9731271266937256 s
Clade identification took 0.07763504981994629 s
FASTA file creation took 0.757521390914917 s
Tree mod took 0.0039463043212890625 s
Threaded region took 8.582695960998535 s
execution took 10.334760665893555 s
===== Timing =====
setup took 0.17437291145324707 s
apples took 0.6824555397033691 s
RAxML scoring took 0.9978864192962646 s
Clade identification took 0.06891298294067383 s
FASTA file creation took 0.3051490783691406 s
Tree mod took 0.004121303558349609 s
Threaded region took 8.158241748809814 s
execution took 9.767602682113647 s
===== Timing =====
setup took 0.22205376625061035 s
apples took 0.7959847450256348 s
RAxML scoring took 0.975487470626831 s
Clade identification took 0.06820130348205566 s
FASTA file creation took 0.2623145580291748 s
Tree mod took 0.003977298736572266 s
Threaded region took 8.111921072006226 s
execution took 9.826569557189941 s
===== Timing =====
setup took 0.16913604736328125 s
apples took 0.6772840023040771 s
RAxML scoring took 0.9772017002105713 s
Clade identification took 0.06791424751281738 s
FASTA file creation took 0.3403801918029785 s
Tree mod took 0.004133939743041992 s
Threaded region took 8.198736667633057 s
execution took 9.735047101974487 s
===== Timing =====
setup took 0.18491840362548828 s
apples took 0.8841392993927002 s
RAxML scoring took 0.9446511268615723 s
Clade identification took 0.06936430931091309 s
FASTA file creation took 0.29480528831481934 s
Tree mod took 0.004063844680786133 s
Threaded region took 8.017841100692749 s
execution took 9.798844575881958 s
===== Timing =====
setup took 0.20801258087158203 s
apples took 0.6846601963043213 s
RAxML scoring took 1.0274076461791992 s
Clade identification took 0.07828640937805176 s
FASTA file creation took 0.27458882331848145 s
Tree mod took 0.0041501522064208984 s
Threaded region took 8.167782306671143 s
execution took 9.824504613876343 s
===== Timing =====
setup took 0.18626761436462402 s
apples took 0.8168337345123291 s
RAxML scoring took 1.0020663738250732 s
Clade identification took 0.07814693450927734 s
FASTA file creation took 0.2811124324798584 s
Tree mod took 0.0043184757232666016 s
Threaded region took 8.148561000823975 s
execution took 9.882838249206543 s
===== Timing =====
setup took 0.18189525604248047 s
apples took 0.6973249912261963 s
RAxML scoring took 1.0379562377929688 s
Clade identification took 0.06799674034118652 s
FASTA file creation took 0.2653007507324219 s
Tree mod took 0.0040645599365234375 s
Threaded region took 8.12944746017456 s
execution took 9.760658979415894 s
===== Timing =====
setup took 0.18840789794921875 s
apples took 0.8026993274688721 s
RAxML scoring took 1.0644848346710205 s
Clade identification took 0.06873679161071777 s
FASTA file creation took 0.27323317527770996 s
Tree mod took 0.004095792770385742 s
Threaded region took 7.992922306060791 s
execution took 9.748817205429077 s
===== Timing =====
setup took 0.1753709316253662 s
apples took 0.6604225635528564 s
RAxML scoring took 1.0408551692962646 s
Clade identification took 0.06805682182312012 s
FASTA file creation took 0.25983142852783203 s
Tree mod took 0.0041484832763671875 s
Threaded region took 8.144193649291992 s
execution took 9.694886922836304 s
===== Timing =====
setup took 0.2019517421722412 s
apples took 0.7857413291931152 s
RAxML scoring took 1.1771292686462402 s
Clade identification took 0.06771397590637207 s
FASTA file creation took 0.3568534851074219 s
Tree mod took 0.004200458526611328 s
Threaded region took 8.287291049957275 s
execution took 10.025355339050293 s
===== Timing =====
setup took 0.1951143741607666 s
apples took 0.7432780265808105 s
RAxML scoring took 1.2657825946807861 s
Clade identification took 0.06914019584655762 s
FASTA file creation took 0.297565221786499 s
Tree mod took 0.004525899887084961 s
Threaded region took 8.171525955200195 s
execution took 10.023781299591064 s
===== Timing =====
setup took 0.1639847755432129 s
apples took 0.6739163398742676 s
RAxML scoring took 1.1693527698516846 s
Clade identification took 0.06817865371704102 s
FASTA file creation took 0.2944912910461426 s
Tree mod took 0.003984928131103516 s
Threaded region took 8.337130069732666 s
execution took 9.885580062866211 s
===== Timing =====
setup took 0.16373920440673828 s
apples took 0.5624709129333496 s
RAxML scoring took 1.0594706535339355 s
Clade identification took 0.06954336166381836 s
FASTA file creation took 0.26140308380126953 s
Tree mod took 0.007912397384643555 s
Threaded region took 8.171018600463867 s
execution took 9.614999055862427 s
===== Timing =====
setup took 0.18549656867980957 s
apples took 0.6714508533477783 s
RAxML scoring took 1.2146611213684082 s
Clade identification took 0.06838393211364746 s
FASTA file creation took 0.2682778835296631 s
Tree mod took 0.004422664642333984 s
Threaded region took 8.339435338973999 s
execution took 9.888427972793579 s
===== Timing =====
setup took 0.23793983459472656 s
apples took 0.5805487632751465 s
RAxML scoring took 1.0977866649627686 s
Clade identification took 0.06763029098510742 s
FASTA file creation took 0.2324237823486328 s
Tree mod took 0.004192352294921875 s
Threaded region took 8.00885534286499 s
execution took 9.589849710464478 s
===== Timing =====
setup took 0.18436551094055176 s
apples took 0.6704485416412354 s
RAxML scoring took 1.2964808940887451 s
Clade identification took 0.0708627700805664 s
FASTA file creation took 0.25569796562194824 s
Tree mod took 0.008049726486206055 s
Threaded region took 8.21386170387268 s
execution took 9.920308589935303 s
===== Timing =====
setup took 0.17553496360778809 s
apples took 0.5582306385040283 s
RAxML scoring took 1.198681116104126 s
Clade identification took 0.06996870040893555 s
FASTA file creation took 0.23631668090820312 s
Tree mod took 0.004624605178833008 s
Threaded region took 8.086472749710083 s
execution took 9.614102125167847 s
===== Timing =====
setup took 0.1825709342956543 s
apples took 0.6741986274719238 s
RAxML scoring took 1.2498412132263184 s
Clade identification took 0.06747198104858398 s
FASTA file creation took 0.24805617332458496 s
Tree mod took 0.004479408264160156 s
Threaded region took 8.211391687393188 s
execution took 9.83379602432251 s
===== Timing =====
setup took 0.17215633392333984 s
apples took 0.627079963684082 s
RAxML scoring took 1.8210158348083496 s
Clade identification took 0.06964731216430664 s
FASTA file creation took 0.2592167854309082 s
Tree mod took 0.0045926570892333984 s
Threaded region took 8.739901542663574 s
execution took 10.396180868148804 s
===== Timing =====
setup took 0.18666529655456543 s
apples took 0.6781628131866455 s
RAxML scoring took 1.8307116031646729 s
Clade identification took 0.06943368911743164 s
FASTA file creation took 0.2545359134674072 s
Tree mod took 0.004252433776855469 s
Threaded region took 8.117398023605347 s
execution took 10.522887706756592 s
===== Timing =====
setup took 0.19735336303710938 s
apples took 0.6755352020263672 s
RAxML scoring took 1.1079535484313965 s
Clade identification took 0.07772421836853027 s
FASTA file creation took 0.2480020523071289 s
Tree mod took 0.004064321517944336 s
Threaded region took 8.281132459640503 s
execution took 9.873757123947144 s
===== Timing =====
setup took 0.19470572471618652 s
apples took 0.7902865409851074 s
RAxML scoring took 0.9563591480255127 s
Clade identification took 0.07876920700073242 s
FASTA file creation took 0.28090691566467285 s
Tree mod took 0.004142284393310547 s
Threaded region took 8.04770565032959 s
execution took 9.697870254516602 s
===== Timing =====
setup took 0.22977089881896973 s
apples took 0.5567426681518555 s
RAxML scoring took 0.9850783348083496 s
Clade identification took 0.07068085670471191 s
FASTA file creation took 0.23908019065856934 s
Tree mod took 0.004220724105834961 s
Threaded region took 7.985898017883301 s
execution took 9.494954586029053 s
===== Timing =====
setup took 0.17279601097106934 s
apples took 0.8060176372528076 s
RAxML scoring took 0.9640755653381348 s
Clade identification took 0.06832551956176758 s
FASTA file creation took 0.2581496238708496 s
Tree mod took 0.004117250442504883 s
Threaded region took 7.86820125579834 s
execution took 9.542016506195068 s
===== Timing =====
setup took 0.20385241508483887 s
apples took 0.6301929950714111 s
RAxML scoring took 1.0724892616271973 s
Clade identification took 0.07888221740722656 s
FASTA file creation took 0.25527071952819824 s
Tree mod took 0.004361867904663086 s
Threaded region took 8.11986231803894 s
execution took 9.64438509941101 s
===== Timing =====
setup took 0.1800220012664795 s
apples took 0.7832772731781006 s
RAxML scoring took 0.9513225555419922 s
Clade identification took 0.06808805465698242 s
FASTA file creation took 0.28554224967956543 s
Tree mod took 0.004096031188964844 s
Threaded region took 8.068575382232666 s
execution took 9.736080646514893 s
===== Timing =====
setup took 0.18007421493530273 s
apples took 0.708184003829956 s
RAxML scoring took 1.0550248622894287 s
Clade identification took 0.06837248802185059 s
FASTA file creation took 0.26297664642333984 s
Tree mod took 0.004250288009643555 s
Threaded region took 8.114429950714111 s
execution took 9.684278011322021 s
===== Timing =====
setup took 0.18739080429077148 s
apples took 0.7775063514709473 s
RAxML scoring took 0.990725040435791 s
Clade identification took 0.0682985782623291 s
FASTA file creation took 0.2963228225708008 s
Tree mod took 0.003961324691772461 s
Threaded region took 8.082021474838257 s
execution took 9.735010862350464 s
===== Timing =====
setup took 0.17067694664001465 s
apples took 0.684056282043457 s
RAxML scoring took 0.9437437057495117 s
Clade identification took 0.06784486770629883 s
FASTA file creation took 0.24019861221313477 s
Tree mod took 0.0039746761322021484 s
Threaded region took 8.0165433883667 s
execution took 9.545080423355103 s
===== Timing =====
setup took 0.17289400100708008 s
apples took 0.8008837699890137 s
RAxML scoring took 0.9466946125030518 s
Clade identification took 0.06800985336303711 s
FASTA file creation took 0.2574787139892578 s
Tree mod took 0.004326820373535156 s
Threaded region took 7.979385137557983 s
execution took 9.618480920791626 s
===== Timing =====
setup took 0.17095041275024414 s
apples took 0.6845171451568604 s
RAxML scoring took 0.9632017612457275 s
Clade identification took 0.06719851493835449 s
FASTA file creation took 0.25862932205200195 s
Tree mod took 0.004242420196533203 s
Threaded region took 8.045883417129517 s
execution took 9.571369409561157 s
===== Timing =====
setup took 0.19863390922546387 s
apples took 0.8005433082580566 s
RAxML scoring took 0.9380440711975098 s
Clade identification took 0.06897234916687012 s
FASTA file creation took 0.26108741760253906 s
Tree mod took 0.004079103469848633 s
Threaded region took 7.917165040969849 s
execution took 9.62810206413269 s
===== Timing =====
setup took 0.17062759399414062 s
apples took 0.6880848407745361 s
RAxML scoring took 1.0801753997802734 s
Clade identification took 0.06798434257507324 s
FASTA file creation took 0.26944971084594727 s
Tree mod took 0.004034280776977539 s
Threaded region took 7.978455305099487 s
execution took 9.630626201629639 s
===== Timing =====
setup took 0.21004581451416016 s
apples took 0.7674589157104492 s
RAxML scoring took 0.9752218723297119 s
Clade identification took 0.06746602058410645 s
FASTA file creation took 0.2853565216064453 s
Tree mod took 0.004356861114501953 s
Threaded region took 8.063581705093384 s
execution took 9.723135232925415 s
===== Timing =====
setup took 0.16948604583740234 s
apples took 0.6531939506530762 s
RAxML scoring took 0.9146809577941895 s
Clade identification took 0.0681004524230957 s
FASTA file creation took 0.2370603084564209 s
Tree mod took 0.003988742828369141 s
Threaded region took 7.9834771156311035 s
execution took 9.46475076675415 s
===== Timing =====
setup took 0.20035409927368164 s
apples took 0.7830245494842529 s
RAxML scoring took 0.9051742553710938 s
Clade identification took 0.06738138198852539 s
FASTA file creation took 0.2425234317779541 s
Tree mod took 0.004143953323364258 s
Threaded region took 8.113884925842285 s
execution took 9.741648435592651 s
===== Timing =====
setup took 0.16553092002868652 s
apples took 0.6830258369445801 s
RAxML scoring took 0.9598093032836914 s
Clade identification took 0.07858920097351074 s
FASTA file creation took 0.24100351333618164 s
Tree mod took 0.0042417049407958984 s
Threaded region took 7.954137563705444 s
execution took 9.500463008880615 s
===== Timing =====
setup took 0.17715001106262207 s
apples took 0.7938988208770752 s
RAxML scoring took 1.0397257804870605 s
Clade identification took 0.0681769847869873 s
FASTA file creation took 0.26967644691467285 s
Tree mod took 0.004193782806396484 s
Threaded region took 8.168370962142944 s
execution took 9.82656192779541 s
===== Timing =====
setup took 0.169752836227417 s
apples took 0.670130729675293 s
RAxML scoring took 1.0046563148498535 s
Clade identification took 0.0692434310913086 s
FASTA file creation took 0.2438066005706787 s
Tree mod took 0.004314899444580078 s
Threaded region took 7.961039066314697 s
execution took 9.539827346801758 s
===== Timing =====
setup took 0.17403745651245117 s
apples took 0.7753028869628906 s
RAxML scoring took 0.9777162075042725 s
Clade identification took 0.06800007820129395 s
FASTA file creation took 0.25923609733581543 s
Tree mod took 0.004387617111206055 s
Threaded region took 8.108738422393799 s
execution took 9.755209684371948 s
===== Timing =====
setup took 0.17065644264221191 s
apples took 0.6127285957336426 s
RAxML scoring took 0.9534268379211426 s
Clade identification took 0.09663009643554688 s
FASTA file creation took 0.2556297779083252 s
Tree mod took 0.0042417049407958984 s
Threaded region took 8.020682334899902 s
execution took 9.489974975585938 s
===== Timing =====
setup took 0.1880950927734375 s
apples took 0.8024036884307861 s
RAxML scoring took 0.9180445671081543 s
Clade identification took 0.06784224510192871 s
FASTA file creation took 0.23543500900268555 s
Tree mod took 0.00439906120300293 s
Threaded region took 8.022383451461792 s
execution took 9.717498302459717 s
===== Timing =====
setup took 0.1676347255706787 s
apples took 0.6746141910552979 s
RAxML scoring took 0.9533131122589111 s
Clade identification took 0.06763648986816406 s
FASTA file creation took 0.24907898902893066 s
Tree mod took 0.0044040679931640625 s
Threaded region took 8.076993703842163 s
execution took 9.536254405975342 s
===== Timing =====
setup took 0.18084287643432617 s
apples took 0.6686534881591797 s
RAxML scoring took 1.1320245265960693 s
Clade identification took 0.06690025329589844 s
FASTA file creation took 0.2605140209197998 s
Tree mod took 0.004639863967895508 s
Threaded region took 8.043149709701538 s
execution took 9.651020050048828 s
===== Timing =====
setup took 0.16826844215393066 s
apples took 0.6320669651031494 s
RAxML scoring took 0.898930549621582 s
Clade identification took 0.0679011344909668 s
FASTA file creation took 0.32101893424987793 s
Tree mod took 0.003943681716918945 s
Threaded region took 8.099298000335693 s
execution took 9.525307655334473 s
===== Timing =====
setup took 0.17044377326965332 s
apples took 0.7888126373291016 s
RAxML scoring took 0.9645376205444336 s
Clade identification took 0.06798315048217773 s
FASTA file creation took 0.24647045135498047 s
Tree mod took 0.004274606704711914 s
Threaded region took 8.098160982131958 s
execution took 9.771909475326538 s
===== Timing =====
setup took 0.17060351371765137 s
apples took 0.652148962020874 s
RAxML scoring took 1.016592264175415 s
Clade identification took 0.08189678192138672 s
FASTA file creation took 0.2470259666442871 s
Tree mod took 0.004187583923339844 s
Threaded region took 8.025784492492676 s
execution took 9.545637607574463 s
===== Timing =====
setup took 0.17319703102111816 s
apples took 0.795806884765625 s
RAxML scoring took 0.9965095520019531 s
Clade identification took 0.0682072639465332 s
FASTA file creation took 0.2893245220184326 s
Tree mod took 0.004153728485107422 s
Threaded region took 8.023030281066895 s
execution took 9.735830783843994 s
===== Timing =====
setup took 0.17941546440124512 s
apples took 0.6264705657958984 s
RAxML scoring took 0.9541356563568115 s
Clade identification took 0.06857562065124512 s
FASTA file creation took 0.24896860122680664 s
Tree mod took 0.004388093948364258 s
Threaded region took 8.051138162612915 s
execution took 9.58005666732788 s
===== Timing =====
setup took 0.17084121704101562 s
apples took 0.7941982746124268 s
RAxML scoring took 1.0208897590637207 s
Clade identification took 0.06789112091064453 s
FASTA file creation took 0.24193191528320312 s
Tree mod took 0.004366636276245117 s
Threaded region took 8.021610498428345 s
execution took 9.755849599838257 s
===== Timing =====
setup took 0.1997051239013672 s
apples took 0.7061576843261719 s
RAxML scoring took 0.9452688694000244 s
Clade identification took 0.06800150871276855 s
FASTA file creation took 0.23737883567810059 s
Tree mod took 0.003957509994506836 s
Threaded region took 8.05405044555664 s
execution took 9.607341527938843 s
===== Timing =====
setup took 0.17320561408996582 s
apples took 0.7852768898010254 s
RAxML scoring took 0.9858932495117188 s
Clade identification took 0.06841063499450684 s
FASTA file creation took 0.3028910160064697 s
Tree mod took 0.004427671432495117 s
Threaded region took 8.174591302871704 s
execution took 9.79763913154602 s
===== Timing =====
setup took 0.1701951026916504 s
apples took 0.751209020614624 s
RAxML scoring took 0.9928538799285889 s
Clade identification took 0.06893706321716309 s
FASTA file creation took 0.2547159194946289 s
Tree mod took 0.004262685775756836 s
Threaded region took 7.9780449867248535 s
execution took 9.5542151927948 s
===== Timing =====
setup took 0.1713728904724121 s
apples took 0.8025867938995361 s
RAxML scoring took 0.9563581943511963 s
Clade identification took 0.06842494010925293 s
FASTA file creation took 0.2788083553314209 s
Tree mod took 0.00413966178894043 s
Threaded region took 8.08301854133606 s
execution took 9.771223783493042 s
===== Timing =====
setup took 0.17101502418518066 s
apples took 0.8543078899383545 s
RAxML scoring took 1.0527923107147217 s
Clade identification took 0.07650494575500488 s
FASTA file creation took 0.24048399925231934 s
Tree mod took 0.004057645797729492 s
Threaded region took 7.958508729934692 s
execution took 9.669636964797974 s
===== Timing =====
setup took 0.20044708251953125 s
apples took 0.7988159656524658 s
RAxML scoring took 0.9778335094451904 s
Clade identification took 0.06837677955627441 s
FASTA file creation took 0.2391347885131836 s
Tree mod took 0.004161834716796875 s
Threaded region took 8.030863761901855 s
execution took 9.756309747695923 s
===== Timing =====
setup took 0.16911983489990234 s
apples took 0.7160532474517822 s
RAxML scoring took 0.9516339302062988 s
Clade identification took 0.0783379077911377 s
FASTA file creation took 0.2405712604522705 s
Tree mod took 0.0042078495025634766 s
Threaded region took 7.919030427932739 s
execution took 9.47782564163208 s
===== Timing =====
setup took 0.1758573055267334 s
apples took 0.754288911819458 s
RAxML scoring took 0.9900820255279541 s
Clade identification took 0.06713724136352539 s
FASTA file creation took 0.23912382125854492 s
Tree mod took 0.004002809524536133 s
Threaded region took 7.723657608032227 s
execution took 9.36699914932251 s
===== Timing =====
setup took 0.16920113563537598 s
apples took 0.6489050388336182 s
RAxML scoring took 0.9889791011810303 s
Clade identification took 0.06759858131408691 s
FASTA file creation took 0.24980688095092773 s
Tree mod took 0.004083871841430664 s
Threaded region took 7.867370128631592 s
execution took 9.362608432769775 s
===== Timing =====
setup took 0.18349933624267578 s
apples took 0.7962007522583008 s
RAxML scoring took 0.990755558013916 s
Clade identification took 0.07739424705505371 s
FASTA file creation took 0.23880219459533691 s
Tree mod took 0.004305601119995117 s
Threaded region took 8.12696623802185 s
execution took 9.841318607330322 s
===== Timing =====
setup took 0.16536402702331543 s
apples took 0.6447389125823975 s
RAxML scoring took 1.071650743484497 s
Clade identification took 0.06890678405761719 s
FASTA file creation took 0.25499892234802246 s
Tree mod took 0.0043697357177734375 s
Threaded region took 8.146348476409912 s
execution took 9.627218246459961 s
===== Timing =====
setup took 0.18477988243103027 s
apples took 0.7929887771606445 s
RAxML scoring took 1.079824686050415 s
Clade identification took 0.0703129768371582 s
FASTA file creation took 0.2537574768066406 s
Tree mod took 0.003951311111450195 s
Threaded region took 8.050751686096191 s
execution took 9.810373067855835 s
===== Timing =====
setup took 0.16896653175354004 s
apples took 0.6439125537872314 s
RAxML scoring took 0.9398243427276611 s
Clade identification took 0.06776165962219238 s
FASTA file creation took 0.25176453590393066 s
Tree mod took 0.003986358642578125 s
Threaded region took 7.711418151855469 s
execution took 9.203194379806519 s
===== Timing =====
setup took 0.17795586585998535 s
apples took 0.7968761920928955 s
RAxML scoring took 0.9789669513702393 s
Clade identification took 0.06797575950622559 s
FASTA file creation took 0.24320721626281738 s
Tree mod took 0.004404544830322266 s
Threaded region took 8.102593183517456 s
execution took 9.775398254394531 s
===== Timing =====
setup took 0.17373871803283691 s
apples took 0.6828727722167969 s
RAxML scoring took 1.013664722442627 s
Clade identification took 0.06850385665893555 s
FASTA file creation took 0.23922181129455566 s
Tree mod took 0.004042863845825195 s
Threaded region took 8.140264987945557 s
execution took 9.69907546043396 s
===== Timing =====
setup took 0.22309017181396484 s
apples took 0.8112812042236328 s
RAxML scoring took 1.0349135398864746 s
Clade identification took 0.06795859336853027 s
FASTA file creation took 0.23634624481201172 s
Tree mod took 0.004019498825073242 s
Threaded region took 7.681295871734619 s
execution took 9.43394660949707 s
===== Timing =====
setup took 0.169966459274292 s
apples took 0.6050879955291748 s
RAxML scoring took 1.1272976398468018 s
Clade identification took 0.07798027992248535 s
FASTA file creation took 0.2427675724029541 s
Tree mod took 0.004181385040283203 s
Threaded region took 8.082913875579834 s
execution took 9.567822217941284 s
===== Timing =====
setup took 0.1715526580810547 s
apples took 0.7909080982208252 s
RAxML scoring took 1.040553331375122 s
Clade identification took 0.06734776496887207 s
FASTA file creation took 0.24185609817504883 s
Tree mod took 0.004205226898193359 s
Threaded region took 7.950363397598267 s
execution took 9.643107652664185 s
===== Timing =====
setup took 0.17747902870178223 s
apples took 0.6679835319519043 s
RAxML scoring took 1.0278704166412354 s
Clade identification took 0.06861519813537598 s
FASTA file creation took 0.23638200759887695 s
Tree mod took 0.004219532012939453 s
Threaded region took 7.936300992965698 s
execution took 9.500985383987427 s
===== Timing =====
setup took 0.18955683708190918 s
apples took 0.7940001487731934 s
RAxML scoring took 1.0438318252563477 s
Clade identification took 0.06831002235412598 s
FASTA file creation took 0.25974440574645996 s
Tree mod took 0.004033088684082031 s
Threaded region took 8.09164834022522 s
execution took 9.804765701293945 s
===== Timing =====
setup took 0.20796942710876465 s
apples took 0.6647112369537354 s
RAxML scoring took 1.00486421585083 s
Clade identification took 0.0685579776763916 s
FASTA file creation took 0.23845529556274414 s
Tree mod took 0.004363298416137695 s
Threaded region took 8.048885345458984 s
execution took 9.63341498374939 s
===== Timing =====
setup took 0.17079782485961914 s
apples took 0.8209810256958008 s
RAxML scoring took 1.0242228507995605 s
Clade identification took 0.06799960136413574 s
FASTA file creation took 0.24526023864746094 s
Tree mod took 0.00420379638671875 s
Threaded region took 8.090788125991821 s
execution took 9.81057596206665 s
===== Timing =====
setup took 0.17405462265014648 s
apples took 0.6735568046569824 s
RAxML scoring took 1.2230088710784912 s
Clade identification took 0.06937313079833984 s
FASTA file creation took 0.2450850009918213 s
Tree mod took 0.004006385803222656 s
Threaded region took 7.990920782089233 s
execution took 9.752024412155151 s
===== Timing =====
setup took 0.2323460578918457 s
apples took 0.80218505859375 s
RAxML scoring took 1.0151550769805908 s
Clade identification took 0.07033991813659668 s
FASTA file creation took 0.2427234649658203 s
Tree mod took 0.0043447017669677734 s
Threaded region took 8.006747484207153 s
execution took 9.765604257583618 s
===== Timing =====
setup took 0.19553852081298828 s
apples took 0.6823711395263672 s
RAxML scoring took 1.037034511566162 s
Clade identification took 0.07886934280395508 s
FASTA file creation took 0.24118947982788086 s
Tree mod took 0.004015922546386719 s
Threaded region took 8.06804084777832 s
execution took 9.673826694488525 s
===== Timing =====
setup took 0.1745750904083252 s
apples took 0.7478463649749756 s
RAxML scoring took 1.0604948997497559 s
Clade identification took 0.06779789924621582 s
FASTA file creation took 0.24297499656677246 s
Tree mod took 0.004207611083984375 s
Threaded region took 7.950423002243042 s
execution took 9.628661632537842 s
===== Timing =====
setup took 0.1886136531829834 s
apples took 0.652000904083252 s
RAxML scoring took 1.0356225967407227 s
Clade identification took 0.0674893856048584 s
FASTA file creation took 0.23745274543762207 s
Tree mod took 0.004377126693725586 s
Threaded region took 8.056294441223145 s
execution took 9.595756530761719 s
===== Timing =====
setup took 0.17145085334777832 s
apples took 0.794050931930542 s
RAxML scoring took 1.0996158123016357 s
Clade identification took 0.06983184814453125 s
FASTA file creation took 0.2642405033111572 s
Tree mod took 0.00436711311340332 s
Threaded region took 8.052468299865723 s
execution took 9.708125829696655 s
===== Timing =====
setup took 0.1805427074432373 s
apples took 0.6447856426239014 s
RAxML scoring took 1.0199635028839111 s
Clade identification took 0.06864666938781738 s
FASTA file creation took 0.25989580154418945 s
Tree mod took 0.003953695297241211 s
Threaded region took 8.059746742248535 s
execution took 9.581024646759033 s
===== Timing =====
setup took 0.17310786247253418 s
apples took 0.7748136520385742 s
RAxML scoring took 1.0409059524536133 s
Clade identification took 0.06822395324707031 s
FASTA file creation took 0.24442839622497559 s
Tree mod took 0.004421234130859375 s
Threaded region took 8.050054788589478 s
execution took 9.682136297225952 s
===== Timing =====
setup took 0.18984770774841309 s
apples took 0.6861491203308105 s
RAxML scoring took 1.0377261638641357 s
Clade identification took 0.06832027435302734 s
FASTA file creation took 0.27736759185791016 s
Tree mod took 0.004445314407348633 s
Threaded region took 8.115443706512451 s
execution took 9.725095272064209 s
===== Timing =====
setup took 0.1915285587310791 s
apples took 0.7769474983215332 s
RAxML scoring took 1.0497591495513916 s
Clade identification took 0.06901097297668457 s
FASTA file creation took 0.2783358097076416 s
Tree mod took 0.0043680667877197266 s
Threaded region took 8.083197116851807 s
execution took 9.778333902359009 s
===== Timing =====
setup took 0.18002533912658691 s
apples took 0.6406939029693604 s
RAxML scoring took 1.032599687576294 s
Clade identification took 0.0686790943145752 s
FASTA file creation took 0.257951021194458 s
Tree mod took 0.004403352737426758 s
Threaded region took 8.04836130142212 s
execution took 9.600225925445557 s
===== Timing =====
setup took 0.17095279693603516 s
apples took 0.8042168617248535 s
RAxML scoring took 1.0866577625274658 s
Clade identification took 0.07955670356750488 s
FASTA file creation took 0.24373269081115723 s
Tree mod took 0.004206418991088867 s
Threaded region took 8.003243446350098 s
execution took 9.764814376831055 s
===== Timing =====
setup took 0.4172830581665039 s
apples took 0.6476888656616211 s
RAxML scoring took 1.0403833389282227 s
Clade identification took 0.06870532035827637 s
FASTA file creation took 0.25501465797424316 s
Tree mod took 0.004184246063232422 s
Threaded region took 8.188206672668457 s
execution took 9.985394954681396 s
===== Timing =====
setup took 0.17125582695007324 s
apples took 0.8168909549713135 s
RAxML scoring took 1.0659828186035156 s
Clade identification took 0.06830501556396484 s
FASTA file creation took 0.24355196952819824 s
Tree mod took 0.0041315555572509766 s
Threaded region took 8.145810604095459 s
execution took 9.888677835464478 s
===== Timing =====
setup took 0.16887760162353516 s
apples took 0.6118931770324707 s
RAxML scoring took 1.0158216953277588 s
Clade identification took 0.06763339042663574 s
FASTA file creation took 0.25855231285095215 s
Tree mod took 0.004033327102661133 s
Threaded region took 8.139008522033691 s
execution took 9.613547563552856 s
===== Timing =====
setup took 0.18443918228149414 s
apples took 0.7733652591705322 s
RAxML scoring took 1.0742902755737305 s
Clade identification took 0.06876969337463379 s
FASTA file creation took 0.2553873062133789 s
Tree mod took 0.003935575485229492 s
Threaded region took 8.052616834640503 s
execution took 9.76107382774353 s
===== Timing =====
setup took 0.20589089393615723 s
apples took 0.6797802448272705 s
RAxML scoring took 1.078800916671753 s
Clade identification took 0.06748056411743164 s
FASTA file creation took 0.23786711692810059 s
Tree mod took 0.004407167434692383 s
Threaded region took 8.175777196884155 s
execution took 9.807085752487183 s
===== Timing =====
setup took 0.17406821250915527 s
apples took 0.7569341659545898 s
RAxML scoring took 0.9997994899749756 s
Clade identification took 0.06742429733276367 s
FASTA file creation took 0.24648308753967285 s
Tree mod took 0.003928184509277344 s
Threaded region took 8.111763715744019 s
execution took 9.740882873535156 s
===== Timing =====
setup took 0.1707298755645752 s
apples took 0.6586627960205078 s
RAxML scoring took 1.0288512706756592 s
Clade identification took 0.0677335262298584 s
FASTA file creation took 0.2385399341583252 s
Tree mod took 0.004126787185668945 s
Threaded region took 8.205530643463135 s
execution took 9.760853052139282 s
===== Timing =====
setup took 0.16976428031921387 s
apples took 0.7851040363311768 s
RAxML scoring took 1.022162914276123 s
Clade identification took 0.0676431655883789 s
FASTA file creation took 0.25621867179870605 s
Tree mod took 0.004100799560546875 s
Threaded region took 8.138047695159912 s
execution took 9.804725646972656 s
===== Timing =====
setup took 0.1678164005279541 s
apples took 0.7219638824462891 s
RAxML scoring took 1.0377562046051025 s
Clade identification took 0.06730961799621582 s
FASTA file creation took 0.24262022972106934 s
Tree mod took 0.004319906234741211 s
Threaded region took 8.181458473205566 s
execution took 9.770889043807983 s
===== Timing =====
setup took 0.18845415115356445 s
apples took 0.7630352973937988 s
RAxML scoring took 0.9990301132202148 s
Clade identification took 0.0773923397064209 s
FASTA file creation took 0.29173755645751953 s
Tree mod took 0.004410982131958008 s
Threaded region took 7.82608699798584 s
execution took 9.44608449935913 s
===== Timing =====
setup took 0.19059038162231445 s
apples took 0.6630544662475586 s
RAxML scoring took 1.1153509616851807 s
Clade identification took 0.06932640075683594 s
FASTA file creation took 0.24391603469848633 s
Tree mod took 0.004330158233642578 s
Threaded region took 8.111823558807373 s
execution took 9.756333827972412 s
===== Timing =====
setup took 0.1699848175048828 s
apples took 0.8052856922149658 s
RAxML scoring took 1.0548748970031738 s
Clade identification took 0.07724928855895996 s
FASTA file creation took 0.2427675724029541 s
Tree mod took 0.004302501678466797 s
Threaded region took 8.055145740509033 s
execution took 9.769206762313843 s
===== Timing =====
setup took 0.16600704193115234 s
apples took 0.6392936706542969 s
RAxML scoring took 1.0245616436004639 s
Clade identification took 0.06812119483947754 s
FASTA file creation took 0.2554965019226074 s
Tree mod took 0.004158973693847656 s
Threaded region took 8.17136001586914 s
execution took 9.673861503601074 s
===== Timing =====
setup took 0.17289495468139648 s
apples took 0.7784814834594727 s
RAxML scoring took 1.0110514163970947 s
Clade identification took 0.06758689880371094 s
FASTA file creation took 0.24714970588684082 s
Tree mod took 0.0043888092041015625 s
Threaded region took 7.733960390090942 s
execution took 9.405431032180786 s
===== Timing =====
setup took 0.16653060913085938 s
apples took 0.6818265914916992 s
RAxML scoring took 1.0321803092956543 s
Clade identification took 0.06760001182556152 s
FASTA file creation took 0.243577241897583 s
Tree mod took 0.003950595855712891 s
Threaded region took 8.07185673713684 s
execution took 9.670953512191772 s
===== Timing =====
setup took 0.1713871955871582 s
apples took 0.7837345600128174 s
RAxML scoring took 1.0975615978240967 s
Clade identification took 0.06739377975463867 s
FASTA file creation took 0.2729511260986328 s
Tree mod took 0.004091024398803711 s
Threaded region took 8.311073303222656 s
execution took 9.95756220817566 s
===== Timing =====
setup took 0.17039179801940918 s
apples took 0.6945507526397705 s
RAxML scoring took 0.9904136657714844 s
Clade identification took 0.06778264045715332 s
FASTA file creation took 0.2677583694458008 s
Tree mod took 0.004067182540893555 s
Threaded region took 8.171223163604736 s
execution took 9.733559846878052 s
===== Timing =====
setup took 0.17102408409118652 s
apples took 0.7949788570404053 s
RAxML scoring took 1.020451545715332 s
Clade identification took 0.07740378379821777 s
FASTA file creation took 0.24484729766845703 s
Tree mod took 0.004040241241455078 s
Threaded region took 8.099634885787964 s
execution took 9.768942832946777 s
===== Timing =====
setup took 0.18374252319335938 s
apples took 0.6515045166015625 s
RAxML scoring took 1.012028694152832 s
Clade identification took 0.10067582130432129 s
FASTA file creation took 0.2511146068572998 s
Tree mod took 0.004136085510253906 s
Threaded region took 8.248489141464233 s
execution took 9.76120662689209 s
===== Timing =====
setup took 0.20764994621276855 s
apples took 0.7660229206085205 s
RAxML scoring took 1.0391924381256104 s
Clade identification took 0.06767058372497559 s
FASTA file creation took 0.24384689331054688 s
Tree mod took 0.0040552616119384766 s
Threaded region took 8.165002584457397 s
execution took 9.864251375198364 s
===== Timing =====
setup took 0.16639494895935059 s
apples took 0.7088429927825928 s
RAxML scoring took 1.0125041007995605 s
Clade identification took 0.06752657890319824 s
FASTA file creation took 0.2377479076385498 s
Tree mod took 0.004023075103759766 s
Threaded region took 8.081062078475952 s
execution took 9.670753002166748 s
===== Timing =====
setup took 0.19215917587280273 s
apples took 0.7789385318756104 s
RAxML scoring took 1.1105866432189941 s
Clade identification took 0.06722688674926758 s
FASTA file creation took 0.2568364143371582 s
Tree mod took 0.004236459732055664 s
Threaded region took 8.13435411453247 s
execution took 9.89017939567566 s
===== Timing =====
setup took 0.17942094802856445 s
apples took 0.650393009185791 s
RAxML scoring took 1.0027143955230713 s
Clade identification took 0.0776681900024414 s
FASTA file creation took 0.2609426975250244 s
Tree mod took 0.004046440124511719 s
Threaded region took 8.134010076522827 s
execution took 9.666008710861206 s
===== Timing =====
setup took 0.1743764877319336 s
apples took 0.7926549911499023 s
RAxML scoring took 1.0288476943969727 s
Clade identification took 0.06795263290405273 s
FASTA file creation took 0.24458670616149902 s
Tree mod took 0.00408625602722168 s
Threaded region took 8.11313247680664 s
execution took 9.757462739944458 s
===== Timing =====
setup took 0.1943807601928711 s
apples took 0.6071426868438721 s
RAxML scoring took 1.024395227432251 s
Clade identification took 0.06680941581726074 s
FASTA file creation took 0.24399495124816895 s
Tree mod took 0.004242420196533203 s
Threaded region took 8.235521793365479 s
execution took 9.720433473587036 s
===== Timing =====
setup took 0.1805887222290039 s
apples took 0.707831621170044 s
RAxML scoring took 1.0232326984405518 s
Clade identification took 0.06816339492797852 s
FASTA file creation took 0.24171757698059082 s
Tree mod took 0.0039293766021728516 s
Threaded region took 8.060593128204346 s
execution took 9.687615394592285 s
===== Timing =====
setup took 0.19687175750732422 s
apples took 0.6724710464477539 s
RAxML scoring took 1.0759754180908203 s
Clade identification took 0.07897424697875977 s
FASTA file creation took 0.2399580478668213 s
Tree mod took 0.004351615905761719 s
Threaded region took 8.12743091583252 s
execution took 9.725364446640015 s
===== Timing =====
setup took 0.17306160926818848 s
apples took 0.7841567993164062 s
RAxML scoring took 1.0171828269958496 s
Clade identification took 0.07343745231628418 s
FASTA file creation took 0.2461080551147461 s
Tree mod took 0.004285335540771484 s
Threaded region took 8.104893922805786 s
execution took 9.793910026550293 s
===== Timing =====
setup took 0.1706557273864746 s
apples took 0.677825927734375 s
RAxML scoring took 0.9848635196685791 s
Clade identification took 0.06751728057861328 s
FASTA file creation took 0.2504456043243408 s
Tree mod took 0.004321098327636719 s
Threaded region took 8.034096956253052 s
execution took 9.579558849334717 s
===== Timing =====
setup took 0.18527555465698242 s
apples took 0.8056573867797852 s
RAxML scoring took 0.9906051158905029 s
Clade identification took 0.06772565841674805 s
FASTA file creation took 0.2370922565460205 s
Tree mod took 0.004236698150634766 s
Threaded region took 8.078925848007202 s
execution took 9.749756336212158 s
===== Timing =====
setup took 0.17920756340026855 s
apples took 0.6831495761871338 s
RAxML scoring took 1.0119671821594238 s
Clade identification took 0.06760931015014648 s
FASTA file creation took 0.24387216567993164 s
Tree mod took 0.004224300384521484 s
Threaded region took 8.124794483184814 s
execution took 9.658833742141724 s
===== Timing =====
setup took 0.1726534366607666 s
apples took 0.7840137481689453 s
RAxML scoring took 0.9281353950500488 s
Clade identification took 0.06785202026367188 s
FASTA file creation took 0.2415456771850586 s
Tree mod took 0.004198551177978516 s
Threaded region took 8.127797603607178 s
execution took 9.73563289642334 s
===== Timing =====
setup took 0.17926311492919922 s
apples took 0.580791711807251 s
RAxML scoring took 1.130201816558838 s
Clade identification took 0.06802773475646973 s
FASTA file creation took 0.23921823501586914 s
Tree mod took 0.004412412643432617 s
Threaded region took 8.142286539077759 s
execution took 9.620343446731567 s
===== Timing =====
setup took 0.18408465385437012 s
apples took 0.6850543022155762 s
RAxML scoring took 1.0103166103363037 s
Clade identification took 0.0672297477722168 s
FASTA file creation took 0.2526557445526123 s
Tree mod took 0.0040130615234375 s
Threaded region took 8.108657360076904 s
execution took 9.701659917831421 s
===== Timing =====
setup took 0.1842966079711914 s
apples took 0.5973687171936035 s
RAxML scoring took 1.0214860439300537 s
Clade identification took 0.06905364990234375 s
FASTA file creation took 0.2357654571533203 s
Tree mod took 0.0051000118255615234 s
Threaded region took 8.081284046173096 s
execution took 9.622191667556763 s
===== Timing =====
setup took 0.18732476234436035 s
apples took 0.6978929042816162 s
RAxML scoring took 1.1569428443908691 s
Clade identification took 0.06701946258544922 s
FASTA file creation took 0.27282094955444336 s
Tree mod took 0.004420757293701172 s
Threaded region took 8.25858187675476 s
execution took 9.91913628578186 s
===== Timing =====
setup took 0.17908906936645508 s
apples took 0.572350263595581 s
RAxML scoring took 1.0424621105194092 s
Clade identification took 0.06730532646179199 s
FASTA file creation took 0.24865436553955078 s
Tree mod took 0.004285097122192383 s
Threaded region took 8.155476808547974 s
execution took 9.658821105957031 s
===== Timing =====
setup took 0.19658470153808594 s
apples took 0.7076599597930908 s
RAxML scoring took 1.2869389057159424 s
Clade identification took 0.06787824630737305 s
FASTA file creation took 0.23610568046569824 s
Tree mod took 0.004743814468383789 s
Threaded region took 8.303018569946289 s
execution took 9.967089653015137 s
===== Timing =====
setup took 0.17938995361328125 s
apples took 0.6025099754333496 s
RAxML scoring took 1.0878796577453613 s
Clade identification took 0.06841087341308594 s
FASTA file creation took 0.23351144790649414 s
Tree mod took 0.00421595573425293 s
Threaded region took 8.327861547470093 s
execution took 9.868938207626343 s
===== Timing =====
setup took 0.18525314331054688 s
apples took 0.6803524494171143 s
RAxML scoring took 1.1465988159179688 s
Clade identification took 0.07089638710021973 s
FASTA file creation took 0.2385406494140625 s
Tree mod took 0.004485607147216797 s
Threaded region took 8.180615186691284 s
execution took 9.838682413101196 s
===== Timing =====
setup took 0.18718314170837402 s
apples took 0.6158242225646973 s
RAxML scoring took 1.5771255493164062 s
Clade identification took 0.06913542747497559 s
FASTA file creation took 0.2384195327758789 s
Tree mod took 0.004469394683837891 s
Threaded region took 8.835156917572021 s
execution took 10.347961902618408 s
===== Timing =====
setup took 0.1907050609588623 s
apples took 0.7517430782318115 s
RAxML scoring took 1.144986629486084 s
Clade identification took 0.06917214393615723 s
FASTA file creation took 0.24157023429870605 s
Tree mod took 0.004192352294921875 s
Threaded region took 8.218927145004272 s
execution took 9.994355916976929 s
===== Timing =====
setup took 0.18651080131530762 s
apples took 0.6564919948577881 s
RAxML scoring took 0.9646666049957275 s
Clade identification took 0.09383511543273926 s
FASTA file creation took 0.24490690231323242 s
Tree mod took 0.004415035247802734 s
Threaded region took 8.100928544998169 s
execution took 9.612234115600586 s
===== Timing =====
setup took 0.18547439575195312 s
apples took 0.7512245178222656 s
RAxML scoring took 1.070061206817627 s
Clade identification took 0.06759357452392578 s
FASTA file creation took 0.2512073516845703 s
Tree mod took 0.004035472869873047 s
Threaded region took 8.667535543441772 s
execution took 10.346601963043213 s
===== Timing =====
setup took 0.16723036766052246 s
apples took 0.671375036239624 s
RAxML scoring took 0.9464876651763916 s
Clade identification took 0.06756186485290527 s
FASTA file creation took 0.2588028907775879 s
Tree mod took 0.004231691360473633 s
Threaded region took 8.164172887802124 s
execution took 9.656007289886475 s
===== Timing =====
setup took 0.18287372589111328 s
apples took 0.7938616275787354 s
RAxML scoring took 0.9650390148162842 s
Clade identification took 0.0686028003692627 s
FASTA file creation took 0.2539055347442627 s
Tree mod took 0.00397038459777832 s
Threaded region took 8.046262979507446 s
execution took 9.673205375671387 s
===== Timing =====
setup took 0.18169593811035156 s
apples took 0.6610922813415527 s
RAxML scoring took 0.977635383605957 s
Clade identification took 0.0675361156463623 s
FASTA file creation took 0.25640177726745605 s
Tree mod took 0.003953456878662109 s
Threaded region took 8.13364315032959 s
execution took 9.667370319366455 s
===== Timing =====
setup took 0.17117667198181152 s
apples took 0.7965576648712158 s
RAxML scoring took 0.9555432796478271 s
Clade identification took 0.0673370361328125 s
FASTA file creation took 0.2595672607421875 s
Tree mod took 0.004087209701538086 s
Threaded region took 7.985413312911987 s
execution took 9.685072183609009 s
===== Timing =====
setup took 0.17811918258666992 s
apples took 0.6444485187530518 s
RAxML scoring took 1.0694029331207275 s
Clade identification took 0.0679941177368164 s
FASTA file creation took 0.26740407943725586 s
Tree mod took 0.004305124282836914 s
Threaded region took 8.219508647918701 s
execution took 9.722985744476318 s
===== Timing =====
setup took 0.17272377014160156 s
apples took 0.7717289924621582 s
RAxML scoring took 0.9438729286193848 s
Clade identification took 0.07718634605407715 s
FASTA file creation took 0.24992990493774414 s
Tree mod took 0.004276275634765625 s
Threaded region took 7.98031759262085 s
execution took 9.577275037765503 s
===== Timing =====
setup took 0.18303847312927246 s
apples took 0.6589493751525879 s
RAxML scoring took 0.9708819389343262 s
Clade identification took 0.06800484657287598 s
FASTA file creation took 0.2589249610900879 s
Tree mod took 0.003933429718017578 s
Threaded region took 8.07524299621582 s
execution took 9.570718765258789 s
===== Timing =====
setup took 0.17476391792297363 s
apples took 0.8054816722869873 s
RAxML scoring took 0.9737589359283447 s
Clade identification took 0.06716179847717285 s
FASTA file creation took 0.2575976848602295 s
Tree mod took 0.004312276840209961 s
Threaded region took 8.080952167510986 s
execution took 9.743313789367676 s
===== Timing =====
setup took 0.16895127296447754 s
apples took 0.6364965438842773 s
RAxML scoring took 0.9379637241363525 s
Clade identification took 0.06978130340576172 s
FASTA file creation took 0.24315214157104492 s
Tree mod took 0.003990888595581055 s
Threaded region took 7.97202730178833 s
execution took 9.449696779251099 s
===== Timing =====
setup took 0.19791603088378906 s
apples took 0.811077356338501 s
RAxML scoring took 0.9914693832397461 s
Clade identification took 0.06976604461669922 s
FASTA file creation took 0.23961210250854492 s
Tree mod took 0.00435638427734375 s
Threaded region took 8.031240224838257 s
execution took 10.285107135772705 s
===== Timing =====
setup took 0.1679391860961914 s
apples took 0.6545195579528809 s
RAxML scoring took 1.0521821975708008 s
Clade identification took 0.08336877822875977 s
FASTA file creation took 0.24559736251831055 s
Tree mod took 0.004205942153930664 s
Threaded region took 8.165861368179321 s
execution took 9.74573802947998 s
===== Timing =====
setup took 0.19080638885498047 s
apples took 0.7692406177520752 s
RAxML scoring took 0.9531388282775879 s
Clade identification took 0.06730127334594727 s
FASTA file creation took 0.2467052936553955 s
Tree mod took 0.004441738128662109 s
Threaded region took 8.054347515106201 s
execution took 9.68297529220581 s
===== Timing =====
setup took 0.16887736320495605 s
apples took 0.702721118927002 s
RAxML scoring took 0.9161739349365234 s
Clade identification took 0.06787610054016113 s
FASTA file creation took 0.2449483871459961 s
Tree mod took 0.003923177719116211 s
Threaded region took 8.053963661193848 s
execution took 9.59219217300415 s
===== Timing =====
setup took 0.19669079780578613 s
apples took 0.8001034259796143 s
RAxML scoring took 0.9533963203430176 s
Clade identification took 0.07847023010253906 s
FASTA file creation took 0.2549455165863037 s
Tree mod took 0.0041539669036865234 s
Threaded region took 8.114412784576416 s
execution took 9.753076314926147 s
===== Timing =====
setup took 0.17150235176086426 s
apples took 0.6290743350982666 s
RAxML scoring took 0.964921236038208 s
Clade identification took 0.07936334609985352 s
FASTA file creation took 0.24339890480041504 s
Tree mod took 0.004124879837036133 s
Threaded region took 8.195952415466309 s
execution took 9.650962352752686 s
===== Timing =====
setup took 0.17165398597717285 s
apples took 0.7937028408050537 s
RAxML scoring took 1.0507683753967285 s
Clade identification took 0.06685113906860352 s
FASTA file creation took 0.2622218132019043 s
Tree mod took 0.0044400691986083984 s
Threaded region took 8.165448427200317 s
execution took 9.812805414199829 s
===== Timing =====
setup took 0.1687774658203125 s
apples took 0.6402440071105957 s
RAxML scoring took 0.9813568592071533 s
Clade identification took 0.06798124313354492 s
FASTA file creation took 0.2394702434539795 s
Tree mod took 0.004401445388793945 s
Threaded region took 7.973912000656128 s
execution took 9.452173948287964 s
===== Timing =====
setup took 0.17744898796081543 s
apples took 0.7739608287811279 s
RAxML scoring took 0.9345712661743164 s
Clade identification took 0.06897830963134766 s
FASTA file creation took 0.2439250946044922 s
Tree mod took 0.004024505615234375 s
Threaded region took 7.926758527755737 s
execution took 9.540152311325073 s
===== Timing =====
setup took 0.1899406909942627 s
apples took 0.6831257343292236 s
RAxML scoring took 0.9622552394866943 s
Clade identification took 0.06799840927124023 s
FASTA file creation took 0.24512052536010742 s
Tree mod took 0.004128932952880859 s
Threaded region took 8.222912073135376 s
execution took 9.758938074111938 s
===== Timing =====
setup took 0.17029523849487305 s
apples took 0.7652766704559326 s
RAxML scoring took 0.9438023567199707 s
Clade identification took 0.0674746036529541 s
FASTA file creation took 0.25067973136901855 s
Tree mod took 0.004254817962646484 s
Threaded region took 8.213901996612549 s
execution took 9.850354671478271 s
===== Timing =====
setup took 0.16870546340942383 s
apples took 0.6568410396575928 s
RAxML scoring took 0.9681413173675537 s
Clade identification took 0.08317375183105469 s
FASTA file creation took 0.2840266227722168 s
Tree mod took 0.0040988922119140625 s
Threaded region took 8.208252429962158 s
execution took 9.716890573501587 s
===== Timing =====
setup took 0.19328808784484863 s
apples took 0.8049025535583496 s
RAxML scoring took 1.033252477645874 s
Clade identification took 0.06821131706237793 s
FASTA file creation took 0.26049232482910156 s
Tree mod took 0.004155635833740234 s
Threaded region took 8.115046739578247 s
execution took 9.87284779548645 s
===== Timing =====
setup took 0.19260907173156738 s
apples took 0.617840051651001 s
RAxML scoring took 1.0174427032470703 s
Clade identification took 0.06794500350952148 s
FASTA file creation took 0.24894070625305176 s
Tree mod took 0.004016876220703125 s
Threaded region took 8.063364267349243 s
execution took 9.580560445785522 s
===== Timing =====
setup took 0.18235039710998535 s
apples took 0.7932929992675781 s
RAxML scoring took 0.9941191673278809 s
Clade identification took 0.06964445114135742 s
FASTA file creation took 0.23894047737121582 s
Tree mod took 0.004220724105834961 s
Threaded region took 8.002319812774658 s
execution took 9.687436819076538 s
===== Timing =====
setup took 0.16936397552490234 s
apples took 0.6835262775421143 s
RAxML scoring took 0.9958305358886719 s
Clade identification took 0.0775766372680664 s
FASTA file creation took 0.23936963081359863 s
Tree mod took 0.004057168960571289 s
Threaded region took 8.121928930282593 s
execution took 9.647662878036499 s
===== Timing =====
setup took 0.18717551231384277 s
apples took 0.7759132385253906 s
RAxML scoring took 0.9646711349487305 s
Clade identification took 0.06824207305908203 s
FASTA file creation took 0.2572903633117676 s
Tree mod took 0.0044519901275634766 s
Threaded region took 8.065562009811401 s
execution took 9.703436851501465 s
===== Timing =====
setup took 0.17929959297180176 s
apples took 0.6613106727600098 s
RAxML scoring took 1.0081064701080322 s
Clade identification took 0.06728887557983398 s
FASTA file creation took 0.2458782196044922 s
Tree mod took 0.0042421817779541016 s
Threaded region took 8.1485915184021 s
execution took 9.622910261154175 s
===== Timing =====
setup took 0.18675947189331055 s
apples took 0.8046660423278809 s
RAxML scoring took 0.9597055912017822 s
Clade identification took 0.08001184463500977 s
FASTA file creation took 0.25748324394226074 s
Tree mod took 0.004360198974609375 s
Threaded region took 8.06987190246582 s
execution took 9.744926452636719 s
===== Timing =====
setup took 0.18794631958007812 s
apples took 0.697551965713501 s
RAxML scoring took 1.0012257099151611 s
Clade identification took 0.07896208763122559 s
FASTA file creation took 0.24132084846496582 s
Tree mod took 0.004114627838134766 s
Threaded region took 8.187622785568237 s
execution took 9.738492727279663 s
===== Timing =====
setup took 0.19326543807983398 s
apples took 0.794060468673706 s
RAxML scoring took 0.9241147041320801 s
Clade identification took 0.06793975830078125 s
FASTA file creation took 0.2580869197845459 s
Tree mod took 0.004102468490600586 s
Threaded region took 8.081153392791748 s
execution took 9.71189260482788 s
===== Timing =====
setup took 0.1661994457244873 s
apples took 0.6860873699188232 s
RAxML scoring took 0.9159865379333496 s
Clade identification took 0.06800007820129395 s
FASTA file creation took 0.25714659690856934 s
Tree mod took 0.004204273223876953 s
Threaded region took 8.066680908203125 s
execution took 9.620927572250366 s
===== Timing =====
setup took 0.17084193229675293 s
apples took 0.7939229011535645 s
RAxML scoring took 0.9970316886901855 s
Clade identification took 0.06785368919372559 s
FASTA file creation took 0.24504685401916504 s
Tree mod took 0.004344463348388672 s
Threaded region took 8.100631952285767 s
execution took 9.775727987289429 s
===== Timing =====
setup took 0.16828441619873047 s
apples took 0.6027491092681885 s
RAxML scoring took 1.0046396255493164 s
Clade identification took 0.06991839408874512 s
FASTA file creation took 0.2554290294647217 s
Tree mod took 0.00429081916809082 s
Threaded region took 8.091587781906128 s
execution took 9.601143836975098 s
===== Timing =====
setup took 0.18020844459533691 s
apples took 0.7871761322021484 s
RAxML scoring took 0.9785828590393066 s
Clade identification took 0.06723284721374512 s
FASTA file creation took 0.24271106719970703 s
Tree mod took 0.0040493011474609375 s
Threaded region took 8.120188236236572 s
execution took 9.774681568145752 s
===== Timing =====
setup took 0.19364118576049805 s
apples took 0.6824808120727539 s
RAxML scoring took 1.0012211799621582 s
Clade identification took 0.06734204292297363 s
FASTA file creation took 0.2834925651550293 s
Tree mod took 0.003975629806518555 s
Threaded region took 8.133567094802856 s
execution took 9.681596517562866 s
===== Timing =====
setup took 0.1796109676361084 s
apples took 0.823347806930542 s
RAxML scoring took 0.9546682834625244 s
Clade identification took 0.06706404685974121 s
FASTA file creation took 0.25092267990112305 s
Tree mod took 0.004103183746337891 s
Threaded region took 8.11985468864441 s
execution took 9.80713176727295 s
===== Timing =====
setup took 0.18537235260009766 s
apples took 0.6629238128662109 s
RAxML scoring took 0.9614231586456299 s
Clade identification took 0.06876349449157715 s
FASTA file creation took 0.23894453048706055 s
Tree mod took 0.003996610641479492 s
Threaded region took 8.12406039237976 s
execution took 9.637502193450928 s
===== Timing =====
setup took 0.18054628372192383 s
apples took 0.8033394813537598 s
RAxML scoring took 1.0585143566131592 s
Clade identification took 0.06928133964538574 s
FASTA file creation took 0.24413204193115234 s
Tree mod took 0.003997087478637695 s
Threaded region took 8.177068948745728 s
execution took 9.851860761642456 s
===== Timing =====
setup took 0.19339847564697266 s
apples took 0.6513619422912598 s
RAxML scoring took 0.9341685771942139 s
Clade identification took 0.08059048652648926 s
FASTA file creation took 0.24167156219482422 s
Tree mod took 0.003949403762817383 s
Threaded region took 8.023374319076538 s
execution took 9.558783292770386 s
===== Timing =====
setup took 0.19786286354064941 s
apples took 0.8264539241790771 s
RAxML scoring took 0.9510667324066162 s
Clade identification took 0.06754779815673828 s
FASTA file creation took 0.2510800361633301 s
Tree mod took 0.003945589065551758 s
Threaded region took 7.997548580169678 s
execution took 9.73003625869751 s
===== Timing =====
setup took 0.1744074821472168 s
apples took 0.6841897964477539 s
RAxML scoring took 0.9590914249420166 s
Clade identification took 0.06780362129211426 s
FASTA file creation took 0.25202322006225586 s
Tree mod took 0.004263877868652344 s
Threaded region took 8.05953311920166 s
execution took 9.609371900558472 s
===== Timing =====
setup took 0.17133402824401855 s
apples took 0.7914426326751709 s
RAxML scoring took 0.935474157333374 s
Clade identification took 0.06740188598632812 s
FASTA file creation took 0.25539207458496094 s
Tree mod took 0.004249095916748047 s
Threaded region took 8.101526498794556 s
execution took 9.75187635421753 s
===== Timing =====
setup took 0.17619848251342773 s
apples took 0.6626524925231934 s
RAxML scoring took 0.9411182403564453 s
Clade identification took 0.07698249816894531 s
FASTA file creation took 0.2552452087402344 s
Tree mod took 0.0043718814849853516 s
Threaded region took 8.057713031768799 s
execution took 9.585088968276978 s
===== Timing =====
setup took 0.17313241958618164 s
apples took 0.8301594257354736 s
RAxML scoring took 1.0347518920898438 s
Clade identification took 0.06704020500183105 s
FASTA file creation took 0.2364954948425293 s
Tree mod took 0.00419926643371582 s
Threaded region took 8.139682292938232 s
execution took 9.916190147399902 s
===== Timing =====
setup took 0.16899991035461426 s
apples took 0.6607275009155273 s
RAxML scoring took 0.930626392364502 s
Clade identification took 0.09258365631103516 s
FASTA file creation took 0.2465200424194336 s
Tree mod took 0.004087686538696289 s
Threaded region took 8.184154987335205 s
execution took 9.672780752182007 s
===== Timing =====
setup took 0.18354463577270508 s
apples took 0.8259017467498779 s
RAxML scoring took 0.9655613899230957 s
Clade identification took 0.06768035888671875 s
FASTA file creation took 0.2666130065917969 s
Tree mod took 0.004365444183349609 s
Threaded region took 8.06942367553711 s
execution took 9.75801968574524 s
===== Timing =====
setup took 0.21234655380249023 s
apples took 0.6753709316253662 s
RAxML scoring took 0.9760463237762451 s
Clade identification took 0.06815862655639648 s
FASTA file creation took 0.248582124710083 s
Tree mod took 0.0042266845703125 s
Threaded region took 8.116274356842041 s
execution took 9.683617115020752 s
===== Timing =====
setup took 0.1701984405517578 s
apples took 0.7970845699310303 s
RAxML scoring took 0.9678711891174316 s
Clade identification took 0.06734061241149902 s
FASTA file creation took 0.25041699409484863 s
Tree mod took 0.004331350326538086 s
Threaded region took 8.034656286239624 s
execution took 9.70317268371582 s
===== Timing =====
setup took 0.17389917373657227 s
apples took 0.7052934169769287 s
RAxML scoring took 1.063239574432373 s
Clade identification took 0.10838127136230469 s
FASTA file creation took 0.25571131706237793 s
Tree mod took 0.004238128662109375 s
Threaded region took 8.18963360786438 s
execution took 9.755717992782593 s
===== Timing =====
setup took 0.18437409400939941 s
apples took 0.8100714683532715 s
RAxML scoring took 0.9848906993865967 s
Clade identification took 0.06888651847839355 s
FASTA file creation took 0.23651838302612305 s
Tree mod took 0.004008769989013672 s
Threaded region took 7.994537591934204 s
execution took 9.691645860671997 s
===== Timing =====
setup took 0.1683673858642578 s
apples took 0.6900084018707275 s
RAxML scoring took 0.9472253322601318 s
Clade identification took 0.07710981369018555 s
FASTA file creation took 0.2502553462982178 s
Tree mod took 0.004242420196533203 s
Threaded region took 8.0147545337677 s
execution took 9.578171968460083 s
===== Timing =====
setup took 0.17749834060668945 s
apples took 0.8191590309143066 s
RAxML scoring took 0.9903900623321533 s
Clade identification took 0.06882333755493164 s
FASTA file creation took 0.24373292922973633 s
Tree mod took 0.004010200500488281 s
Threaded region took 8.085178136825562 s
execution took 9.780070781707764 s
===== Timing =====
setup took 0.18631458282470703 s
apples took 0.6701662540435791 s
RAxML scoring took 0.9591999053955078 s
Clade identification took 0.06859636306762695 s
FASTA file creation took 0.23613262176513672 s
Tree mod took 0.004177093505859375 s
Threaded region took 8.07622504234314 s
execution took 9.632118225097656 s
===== Timing =====
setup took 0.18574309349060059 s
apples took 0.7943933010101318 s
RAxML scoring took 0.9320275783538818 s
Clade identification took 0.06730413436889648 s
FASTA file creation took 0.24408507347106934 s
Tree mod took 0.00413823127746582 s
Threaded region took 8.180027961730957 s
execution took 9.854330778121948 s
===== Timing =====
setup took 0.2141256332397461 s
apples took 0.6924118995666504 s
RAxML scoring took 1.018418788909912 s
Clade identification took 0.06824088096618652 s
FASTA file creation took 0.23972225189208984 s
Tree mod took 0.00419163703918457 s
Threaded region took 8.169025659561157 s
execution took 9.83422064781189 s
===== Timing =====
setup took 0.17872953414916992 s
apples took 0.7927560806274414 s
RAxML scoring took 0.9424662590026855 s
Clade identification took 0.07091021537780762 s
FASTA file creation took 0.2596461772918701 s
Tree mod took 0.004080533981323242 s
Threaded region took 8.095045328140259 s
execution took 9.72831416130066 s
