[NID 10392] 2020-12-29 03:28:52 Apid 96476610: OOM killer terminated this process.
----------------------------------------
Begin Torque Prologue on nid25434
at Tue Dec 29 03:15:01 CST 2020
Job Id:			11830098.bw
Username:		ekoning2
Group:			ILL_bbba
Job name:		50Kepa
Requested resources:	nodes=1:ppn=16:xe,walltime=12:30:00,neednodes=1:ppn=16:xe
Queue:			normal
Account:		bbba
End Torque Prologue:  0.100 elapsed
----------------------------------------




Running epa-ng with 50K.1
no change     /u/sciteam/ekoning2/scratch/miniconda3/condabin/conda
no change     /u/sciteam/ekoning2/scratch/miniconda3/bin/conda
no change     /u/sciteam/ekoning2/scratch/miniconda3/bin/conda-env
no change     /u/sciteam/ekoning2/scratch/miniconda3/bin/activate
no change     /u/sciteam/ekoning2/scratch/miniconda3/bin/deactivate
no change     /u/sciteam/ekoning2/scratch/miniconda3/etc/profile.d/conda.sh
no change     /u/sciteam/ekoning2/scratch/miniconda3/etc/fish/conf.d/conda.fish
no change     /u/sciteam/ekoning2/scratch/miniconda3/shell/condabin/Conda.psm1
no change     /u/sciteam/ekoning2/scratch/miniconda3/shell/condabin/conda-hook.ps1
no change     /u/sciteam/ekoning2/scratch/miniconda3/lib/python3.8/site-packages/xontrib/conda.xsh
no change     /u/sciteam/ekoning2/scratch/miniconda3/etc/profile.d/conda.csh
no change     /u/sciteam/ekoning2/.bashrc
No action taken.
On datset 50000
On replicate 1
L613584
Found 1 sequence(s)
Sequences saved to query-epa-1.fa
INFO Selected: Output dir: 1/L613584/
INFO Selected: Query file: query-epa-1.fa
INFO Selected: Tree file: input-epa-1.tre
INFO Selected: Reference MSA: 1/aln_dna.fa
INFO Selected: Automatic switching of use of per rate scalers
INFO Selected: Preserving the root of the input tree
INFO Selected: Specified model file: 1/RAxML_info.REF8
INFO Selected: Using threads: 16
INFO     ______ ____   ___           _   __ ______
        / ____// __ \ /   |         / | / // ____/
       / __/  / /_/ // /| | ______ /  |/ // / __  
      / /___ / ____// ___ |/_____// /|  // /_/ /  
     /_____//_/    /_/  |_|      /_/ |_/ \____/ (v0.3.8)
WARN The reference MSA and tree have differing number of taxa! 50000 vs. 49999
INFO Using model parameters:
INFO    Rate heterogeneity: GAMMA (4 cats, mean),  alpha: 0.885348 (user),  weights&rates: (0.25,0.113549) (0.25,0.439354) (0.25,0.978062) (0.25,2.46903) 
        Base frequencies (user): 0.200376 0.290703 0.326877 0.182044 
        Substitution rates (user): 1.01359 1.12986 1.51333 0.6858 1.27119 1
INFO Output file: 1/L613584/epa_result.jplace
INFO 1 Sequences done!
INFO Time spent placing: 235s
INFO Elapsed Time: 306s
311.04	57632472
L370179
Found 1 sequence(s)
Sequences saved to query-epa-1.fa
INFO Selected: Output dir: 1/L370179/
INFO Selected: Query file: query-epa-1.fa
INFO Selected: Tree file: input-epa-1.tre
INFO Selected: Reference MSA: 1/aln_dna.fa
INFO Selected: Automatic switching of use of per rate scalers
INFO Selected: Preserving the root of the input tree
INFO Selected: Specified model file: 1/RAxML_info.REF8
INFO Selected: Using threads: 16
INFO     ______ ____   ___           _   __ ______
        / ____// __ \ /   |         / | / // ____/
       / __/  / /_/ // /| | ______ /  |/ // / __  
      / /___ / ____// ___ |/_____// /|  // /_/ /  
     /_____//_/    /_/  |_|      /_/ |_/ \____/ (v0.3.8)
WARN The reference MSA and tree have differing number of taxa! 50000 vs. 49999
INFO Using model parameters:
INFO    Rate heterogeneity: GAMMA (4 cats, mean),  alpha: 0.885348 (user),  weights&rates: (0.25,0.113549) (0.25,0.439354) (0.25,0.978062) (0.25,2.46903) 
        Base frequencies (user): 0.200376 0.290703 0.326877 0.182044 
        Substitution rates (user): 1.01359 1.12986 1.51333 0.6858 1.27119 1
INFO Output file: 1/L370179/epa_result.jplace
INFO 1 Sequences done!
INFO Time spent placing: 235s
INFO Elapsed Time: 306s
310.29	57886728
L505039
Found 1 sequence(s)
Sequences saved to query-epa-1.fa
INFO Selected: Output dir: 1/L505039/
INFO Selected: Query file: query-epa-1.fa
INFO Selected: Tree file: input-epa-1.tre
INFO Selected: Reference MSA: 1/aln_dna.fa
INFO Selected: Automatic switching of use of per rate scalers
INFO Selected: Preserving the root of the input tree
INFO Selected: Specified model file: 1/RAxML_info.REF8
INFO Selected: Using threads: 16
INFO     ______ ____   ___           _   __ ______
        / ____// __ \ /   |         / | / // ____/
       / __/  / /_/ // /| | ______ /  |/ // / __  
      / /___ / ____// ___ |/_____// /|  // /_/ /  
     /_____//_/    /_/  |_|      /_/ |_/ \____/ (v0.3.8)
WARN The reference MSA and tree have differing number of taxa! 50000 vs. 49999
INFO Using model parameters:
INFO    Rate heterogeneity: GAMMA (4 cats, mean),  alpha: 0.885348 (user),  weights&rates: (0.25,0.113549) (0.25,0.439354) (0.25,0.978062) (0.25,2.46903) 
        Base frequencies (user): 0.200376 0.290703 0.326877 0.182044 
        Substitution rates (user): 1.01359 1.12986 1.51333 0.6858 1.27119 1
INFO Output file: 1/L505039/epa_result.jplace
Application 96476610 exit signals: Killed
Application 96476610 resources: utime ~3551s, stime ~141s, Rss ~57886728, inblocks ~1298965, outblocks ~26405
