Resultant tree was that generated by APPLES.
===== Timing =====
setup took 0.23392128944396973 s
apples took 0.7386801242828369 s
RAxML scoring took 0.9062063694000244 s
Clade identification took 0.020392417907714844 s
FASTA file creation took 0.16940903663635254 s
Tree mod took 0.0018715858459472656 s
Threaded region took 3.5393121242523193 s
execution took 5.172033309936523 s
===== Timing =====
setup took 0.13750028610229492 s
apples took 0.5811975002288818 s
RAxML scoring took 0.8279829025268555 s
Clade identification took 0.04107975959777832 s
FASTA file creation took 0.19011855125427246 s
Tree mod took 0.0018999576568603516 s
Threaded region took 3.6003668308258057 s
execution took 4.905280828475952 s
===== Timing =====
setup took 0.12657952308654785 s
apples took 0.5162854194641113 s
RAxML scoring took 0.7686688899993896 s
Clade identification took 0.01122593879699707 s
FASTA file creation took 0.13400959968566895 s
Tree mod took 0.0014355182647705078 s
Threaded region took 1.9787108898162842 s
execution took 3.109518051147461 s
===== Timing =====
setup took 0.12868738174438477 s
apples took 0.6089682579040527 s
RAxML scoring took 0.7675490379333496 s
Clade identification took 0.017868518829345703 s
FASTA file creation took 0.20474004745483398 s
Tree mod took 0.0018296241760253906 s
Threaded region took 3.350944995880127 s
execution took 4.584872007369995 s
===== Timing =====
setup took 0.12000083923339844 s
apples took 0.521674394607544 s
RAxML scoring took 0.795844554901123 s
Clade identification took 0.021894454956054688 s
FASTA file creation took 0.13178634643554688 s
Tree mod took 0.0018918514251708984 s
Threaded region took 3.8636815547943115 s
execution took 5.035612106323242 s
===== Timing =====
setup took 0.12783288955688477 s
apples took 0.4790337085723877 s
RAxML scoring took 0.7827408313751221 s
Clade identification took 0.02024555206298828 s
FASTA file creation took 0.17633867263793945 s
Tree mod took 0.0018911361694335938 s
Threaded region took 3.628406047821045 s
execution took 4.745449066162109 s
===== Timing =====
setup took 0.12636661529541016 s
apples took 0.6401185989379883 s
RAxML scoring took 0.754086971282959 s
Clade identification took 0.026221275329589844 s
FASTA file creation took 0.20018672943115234 s
Tree mod took 0.002190113067626953 s
Threaded region took 4.5775628089904785 s
execution took 5.8503501415252686 s
===== Timing =====
setup took 0.11508584022521973 s
apples took 0.43216872215270996 s
RAxML scoring took 0.7571520805358887 s
Clade identification took 0.02579975128173828 s
FASTA file creation took 0.2230815887451172 s
Tree mod took 0.002223968505859375 s
Threaded region took 4.665802001953125 s
execution took 5.703776597976685 s
===== Timing =====
setup took 0.13338923454284668 s
apples took 0.5455329418182373 s
RAxML scoring took 0.8646275997161865 s
Clade identification took 0.020336627960205078 s
FASTA file creation took 0.14295291900634766 s
Tree mod took 0.0018939971923828125 s
Threaded region took 3.542684555053711 s
execution took 4.814410209655762 s
Resultant tree was that generated by APPLES.
===== Timing =====
setup took 0.1277780532836914 s
apples took 0.6227140426635742 s
RAxML scoring took 0.7855322360992432 s
Clade identification took 0.020652294158935547 s
FASTA file creation took 0.16009879112243652 s
Tree mod took 0.0019066333770751953 s
Threaded region took 3.5039703845977783 s
execution took 4.768120527267456 s
===== Timing =====
setup took 0.12353324890136719 s
apples took 0.4429774284362793 s
RAxML scoring took 0.830535888671875 s
Clade identification took 0.015812397003173828 s
FASTA file creation took 0.12345099449157715 s
Tree mod took 0.0016436576843261719 s
Threaded region took 2.9429898262023926 s
execution took 4.116562366485596 s
===== Timing =====
setup took 0.13829755783081055 s
apples took 0.476393461227417 s
RAxML scoring took 0.7860820293426514 s
Clade identification took 0.025798559188842773 s
FASTA file creation took 0.15087199211120605 s
Tree mod took 0.0021970272064208984 s
Threaded region took 4.526115655899048 s
execution took 5.642242908477783 s
===== Timing =====
setup took 0.12527012825012207 s
apples took 0.6368658542633057 s
RAxML scoring took 0.7426011562347412 s
Clade identification took 0.020299196243286133 s
FASTA file creation took 0.15761876106262207 s
Tree mod took 0.0018978118896484375 s
Threaded region took 3.5201303958892822 s
execution took 4.788110017776489 s
===== Timing =====
setup took 0.1211252212524414 s
apples took 0.47936034202575684 s
RAxML scoring took 0.7673811912536621 s
Clade identification took 0.02613520622253418 s
FASTA file creation took 0.15504693984985352 s
Tree mod took 0.0021877288818359375 s
Threaded region took 4.4811036586761475 s
execution took 5.592539548873901 s
===== Timing =====
setup took 0.13615036010742188 s
apples took 0.49008870124816895 s
RAxML scoring took 0.7690322399139404 s
Clade identification took 0.026726245880126953 s
FASTA file creation took 0.18248915672302246 s
Tree mod took 0.002034902572631836 s
Threaded region took 4.6042821407318115 s
execution took 5.72650408744812 s
===== Timing =====
setup took 0.13312792778015137 s
apples took 0.624889612197876 s
RAxML scoring took 0.7651302814483643 s
Clade identification took 0.025368213653564453 s
FASTA file creation took 0.16531610488891602 s
Tree mod took 0.0020253658294677734 s
Threaded region took 4.42599081993103 s
execution took 5.686745643615723 s
===== Timing =====
setup took 0.12673449516296387 s
apples took 0.5217685699462891 s
RAxML scoring took 0.7661623954772949 s
Clade identification took 0.02640223503112793 s
FASTA file creation took 0.15476036071777344 s
Tree mod took 0.0020720958709716797 s
Threaded region took 4.56467604637146 s
execution took 5.730324745178223 s
===== Timing =====
setup took 0.15804839134216309 s
apples took 0.4788703918457031 s
RAxML scoring took 0.7718009948730469 s
Clade identification took 0.026385784149169922 s
FASTA file creation took 0.13523435592651367 s
Tree mod took 0.0019109249114990234 s
Threaded region took 3.5666229724884033 s
execution took 4.690616607666016 s
===== Timing =====
setup took 0.1323411464691162 s
apples took 0.6142227649688721 s
RAxML scoring took 0.8043744564056396 s
Clade identification took 0.026538610458374023 s
FASTA file creation took 0.17883563041687012 s
Tree mod took 0.0018835067749023438 s
Threaded region took 3.5618386268615723 s
execution took 4.838254451751709 s
===== Timing =====
setup took 0.11915063858032227 s
apples took 0.5151405334472656 s
RAxML scoring took 0.8683664798736572 s
Clade identification took 0.02068042755126953 s
FASTA file creation took 0.13267230987548828 s
Tree mod took 0.0018584728240966797 s
Threaded region took 3.5947580337524414 s
execution took 4.902411222457886 s
===== Timing =====
setup took 0.14015722274780273 s
apples took 0.4840834140777588 s
RAxML scoring took 0.798151969909668 s
Clade identification took 0.017641305923461914 s
FASTA file creation took 0.12981057167053223 s
Tree mod took 0.0018334388732910156 s
Threaded region took 3.2935385704040527 s
execution took 4.410646677017212 s
===== Timing =====
setup took 0.13241291046142578 s
apples took 0.6539134979248047 s
RAxML scoring took 0.7778170108795166 s
Clade identification took 0.026265621185302734 s
FASTA file creation took 0.18993616104125977 s
Tree mod took 0.0020644664764404297 s
Threaded region took 4.76464581489563 s
execution took 6.05697226524353 s
===== Timing =====
setup took 0.13006901741027832 s
apples took 0.5005264282226562 s
RAxML scoring took 0.8745918273925781 s
Clade identification took 0.026713132858276367 s
FASTA file creation took 0.15855121612548828 s
Tree mod took 0.0020792484283447266 s
Threaded region took 4.647380113601685 s
execution took 5.88193941116333 s
===== Timing =====
setup took 0.13398528099060059 s
apples took 0.4983980655670166 s
RAxML scoring took 0.7841804027557373 s
Clade identification took 0.02050328254699707 s
FASTA file creation took 0.14237022399902344 s
Tree mod took 0.0019047260284423828 s
Threaded region took 3.669609546661377 s
execution took 4.8169238567352295 s
===== Timing =====
setup took 0.13264966011047363 s
apples took 0.6229510307312012 s
RAxML scoring took 0.7659938335418701 s
Clade identification took 0.02642536163330078 s
FASTA file creation took 0.1877119541168213 s
Tree mod took 0.0021462440490722656 s
Threaded region took 4.4139039516448975 s
execution took 5.683424472808838 s
===== Timing =====
setup took 0.13116979598999023 s
apples took 0.5103569030761719 s
RAxML scoring took 0.7739236354827881 s
Clade identification took 0.026187896728515625 s
FASTA file creation took 0.1540384292602539 s
Tree mod took 0.0020170211791992188 s
Threaded region took 4.550519943237305 s
execution took 5.726149797439575 s
===== Timing =====
setup took 0.12667632102966309 s
apples took 0.5321309566497803 s
RAxML scoring took 0.7768814563751221 s
Clade identification took 0.02054595947265625 s
FASTA file creation took 0.13211417198181152 s
Tree mod took 0.0018846988677978516 s
Threaded region took 3.4940032958984375 s
execution took 4.628830432891846 s
===== Timing =====
setup took 0.13197803497314453 s
apples took 0.6217300891876221 s
RAxML scoring took 0.7891290187835693 s
Clade identification took 0.016354084014892578 s
FASTA file creation took 0.15076375007629395 s
Tree mod took 0.0017173290252685547 s
Threaded region took 3.0473520755767822 s
execution took 4.335776329040527 s
===== Timing =====
setup took 0.12091708183288574 s
apples took 0.4991157054901123 s
RAxML scoring took 0.7970325946807861 s
Clade identification took 0.02637457847595215 s
FASTA file creation took 0.1563735008239746 s
Tree mod took 0.002034425735473633 s
Threaded region took 4.6337175369262695 s
execution took 5.797682285308838 s
===== Timing =====
setup took 0.14422392845153809 s
apples took 0.5114028453826904 s
RAxML scoring took 0.864973783493042 s
Clade identification took 0.02031421661376953 s
FASTA file creation took 0.13403725624084473 s
Tree mod took 0.0018951892852783203 s
Threaded region took 3.491333484649658 s
execution took 4.756754636764526 s
===== Timing =====
setup took 0.1277015209197998 s
apples took 0.6303093433380127 s
RAxML scoring took 0.792478084564209 s
Clade identification took 0.026502609252929688 s
FASTA file creation took 0.19321417808532715 s
Tree mod took 0.002123594284057617 s
Threaded region took 4.683459281921387 s
execution took 5.950458288192749 s
===== Timing =====
setup took 0.12132763862609863 s
apples took 0.5401887893676758 s
RAxML scoring took 0.7685072422027588 s
Clade identification took 0.02047896385192871 s
FASTA file creation took 0.1327359676361084 s
Tree mod took 0.0018620491027832031 s
Threaded region took 3.441748857498169 s
execution took 4.654433012008667 s
===== Timing =====
setup took 0.15312457084655762 s
apples took 0.5013754367828369 s
RAxML scoring took 0.7532413005828857 s
Clade identification took 0.02590179443359375 s
FASTA file creation took 0.21132731437683105 s
Tree mod took 0.0020606517791748047 s
Threaded region took 4.618849754333496 s
execution took 5.770735502243042 s
===== Timing =====
setup took 0.12509608268737793 s
apples took 0.6145365238189697 s
RAxML scoring took 0.7797207832336426 s
Clade identification took 0.044910430908203125 s
FASTA file creation took 0.19088172912597656 s
Tree mod took 0.001634359359741211 s
Threaded region took 3.0350563526153564 s
execution took 4.2972731590271 s
===== Timing =====
setup took 0.12042951583862305 s
apples took 0.4783649444580078 s
RAxML scoring took 0.7662742137908936 s
Clade identification took 0.016558408737182617 s
FASTA file creation took 0.12607431411743164 s
Tree mod took 0.0017409324645996094 s
Threaded region took 3.062947988510132 s
execution took 4.207629919052124 s
===== Timing =====
setup took 0.14611220359802246 s
apples took 0.49504780769348145 s
RAxML scoring took 0.7833883762359619 s
Clade identification took 0.026409387588500977 s
FASTA file creation took 0.13388895988464355 s
Tree mod took 0.0019207000732421875 s
Threaded region took 3.580702066421509 s
execution took 4.7286598682403564 s
===== Timing =====
setup took 0.12276911735534668 s
apples took 0.6430549621582031 s
RAxML scoring took 0.7547500133514404 s
Clade identification took 0.020561933517456055 s
FASTA file creation took 0.15961813926696777 s
Tree mod took 0.0018763542175292969 s
Threaded region took 3.520721435546875 s
execution took 4.782398462295532 s
Resultant tree was that generated by APPLES.
===== Timing =====
setup took 0.12560129165649414 s
apples took 0.4899251461029053 s
RAxML scoring took 0.7685315608978271 s
Clade identification took 0.020332813262939453 s
FASTA file creation took 0.134385347366333 s
Tree mod took 0.0018897056579589844 s
Threaded region took 3.469499349594116 s
execution took 4.607791423797607 s
===== Timing =====
setup took 0.14909625053405762 s
apples took 0.5267810821533203 s
RAxML scoring took 0.7760424613952637 s
Clade identification took 0.026141881942749023 s
FASTA file creation took 0.15758347511291504 s
Tree mod took 0.0020668506622314453 s
Threaded region took 4.587876796722412 s
execution took 5.76856255531311 s
===== Timing =====
setup took 0.1281278133392334 s
apples took 0.6133651733398438 s
RAxML scoring took 0.8794488906860352 s
Clade identification took 0.032128095626831055 s
FASTA file creation took 0.19598913192749023 s
Tree mod took 0.0020825862884521484 s
Threaded region took 4.580709457397461 s
execution took 5.92439341545105 s
===== Timing =====
setup took 0.12573647499084473 s
apples took 0.4998347759246826 s
RAxML scoring took 0.7818901538848877 s
Clade identification took 0.02097034454345703 s
FASTA file creation took 0.13057470321655273 s
Tree mod took 0.0018668174743652344 s
Threaded region took 3.5260634422302246 s
execution took 4.6990275382995605 s
===== Timing =====
setup took 0.12260031700134277 s
apples took 0.5300836563110352 s
RAxML scoring took 0.7873947620391846 s
Clade identification took 0.02590465545654297 s
FASTA file creation took 0.1544628143310547 s
Tree mod took 0.002098560333251953 s
Threaded region took 4.665496826171875 s
execution took 5.832548141479492 s
===== Timing =====
setup took 0.12729096412658691 s
apples took 0.6328554153442383 s
RAxML scoring took 0.7963705062866211 s
Clade identification took 0.02716207504272461 s
FASTA file creation took 0.15989446640014648 s
Tree mod took 0.0018858909606933594 s
Threaded region took 3.533754825592041 s
execution took 4.839071035385132 s
===== Timing =====
setup took 0.12860441207885742 s
apples took 0.46210217475891113 s
RAxML scoring took 0.7826395034790039 s
Clade identification took 0.032538414001464844 s
FASTA file creation took 0.15485715866088867 s
Tree mod took 0.0021696090698242188 s
Threaded region took 4.7792816162109375 s
execution took 5.891148805618286 s
===== Timing =====
setup took 0.18828177452087402 s
apples took 0.4787483215332031 s
RAxML scoring took 0.7747335433959961 s
Clade identification took 0.01762700080871582 s
FASTA file creation took 0.1300199031829834 s
Tree mod took 0.0018460750579833984 s
Threaded region took 3.3383004665374756 s
execution took 4.499896764755249 s
===== Timing =====
setup took 0.12583255767822266 s
apples took 0.6235501766204834 s
RAxML scoring took 0.76534104347229 s
Clade identification took 0.01775956153869629 s
FASTA file creation took 0.14840340614318848 s
Tree mod took 0.001760721206665039 s
Threaded region took 3.267324686050415 s
execution took 4.555023431777954 s
===== Timing =====
setup took 0.13207292556762695 s
apples took 0.5031344890594482 s
RAxML scoring took 0.7942943572998047 s
Clade identification took 0.02513861656188965 s
FASTA file creation took 0.15273261070251465 s
Tree mod took 0.0020208358764648438 s
Threaded region took 4.476246118545532 s
execution took 5.6455237865448 s
===== Timing =====
setup took 0.13275408744812012 s
apples took 0.4733445644378662 s
RAxML scoring took 0.779381275177002 s
Clade identification took 0.025493621826171875 s
FASTA file creation took 0.15329194068908691 s
Tree mod took 0.0021283626556396484 s
Threaded region took 4.463091135025024 s
execution took 5.6031904220581055 s
===== Timing =====
setup took 0.12865424156188965 s
apples took 0.6317503452301025 s
RAxML scoring took 0.8743364810943604 s
Clade identification took 0.025763511657714844 s
FASTA file creation took 0.2005012035369873 s
Tree mod took 0.0022001266479492188 s
Threaded region took 4.480613470077515 s
execution took 5.786602258682251 s
===== Timing =====
setup took 0.12346506118774414 s
apples took 0.5017333030700684 s
RAxML scoring took 0.7615940570831299 s
Clade identification took 0.026315689086914062 s
FASTA file creation took 0.15470266342163086 s
Tree mod took 0.0020902156829833984 s
Threaded region took 4.5950117111206055 s
execution took 5.75004506111145 s
===== Timing =====
setup took 0.13025307655334473 s
apples took 0.4888327121734619 s
RAxML scoring took 0.7650256156921387 s
Clade identification took 0.015951156616210938 s
FASTA file creation took 0.13007259368896484 s
Tree mod took 0.0018508434295654297 s
Threaded region took 3.0085840225219727 s
execution took 4.165316104888916 s
===== Timing =====
setup took 0.13100123405456543 s
apples took 0.6469058990478516 s
RAxML scoring took 0.9469311237335205 s
Clade identification took 0.026105642318725586 s
FASTA file creation took 0.15523552894592285 s
Tree mod took 0.002141714096069336 s
Threaded region took 4.488065242767334 s
execution took 5.94965386390686 s
===== Timing =====
setup took 0.14063334465026855 s
apples took 0.4891483783721924 s
RAxML scoring took 0.7847516536712646 s
Clade identification took 0.017890214920043945 s
FASTA file creation took 0.13153553009033203 s
Tree mod took 0.001748800277709961 s
Threaded region took 3.47660756111145 s
execution took 4.609292984008789 s
===== Timing =====
setup took 0.1320028305053711 s
apples took 0.5007114410400391 s
RAxML scoring took 0.7966158390045166 s
Clade identification took 0.02596139907836914 s
FASTA file creation took 0.1624007225036621 s
Tree mod took 0.002040386199951172 s
Threaded region took 4.30575156211853 s
execution took 5.444800853729248 s
===== Timing =====
setup took 0.1315751075744629 s
apples took 0.623194694519043 s
RAxML scoring took 0.8605976104736328 s
Clade identification took 0.02240896224975586 s
FASTA file creation took 0.14653921127319336 s
Tree mod took 0.0020966529846191406 s
Threaded region took 4.066732168197632 s
execution took 5.404900550842285 s
===== Timing =====
setup took 0.15164899826049805 s
apples took 0.47216320037841797 s
RAxML scoring took 0.7768070697784424 s
Clade identification took 0.017690420150756836 s
FASTA file creation took 0.13152742385864258 s
Tree mod took 0.0017647743225097656 s
Threaded region took 3.5243563652038574 s
execution took 4.647727727890015 s
===== Timing =====
setup took 0.1298978328704834 s
apples took 0.48709774017333984 s
RAxML scoring took 0.80106520652771 s
Clade identification took 0.022794723510742188 s
FASTA file creation took 0.17630362510681152 s
Tree mod took 0.0019252300262451172 s
Threaded region took 4.0968358516693115 s
execution took 5.233821392059326 s
===== Timing =====
setup took 0.1301567554473877 s
apples took 0.6031286716461182 s
RAxML scoring took 0.8025751113891602 s
Clade identification took 0.01787400245666504 s
FASTA file creation took 0.13554716110229492 s
Tree mod took 0.0017497539520263672 s
Threaded region took 3.3554913997650146 s
execution took 4.572970867156982 s
===== Timing =====
setup took 0.12804102897644043 s
apples took 0.5252656936645508 s
RAxML scoring took 0.8765480518341064 s
Clade identification took 0.03265666961669922 s
FASTA file creation took 0.1542675495147705 s
Tree mod took 0.0021991729736328125 s
Threaded region took 4.558627128601074 s
execution took 5.725747585296631 s
===== Timing =====
setup took 0.1332108974456787 s
apples took 0.49184226989746094 s
RAxML scoring took 0.766608715057373 s
Clade identification took 0.016134023666381836 s
FASTA file creation took 0.1200568675994873 s
Tree mod took 0.0017299652099609375 s
Threaded region took 2.9432408809661865 s
execution took 4.056274175643921 s
===== Timing =====
setup took 0.13163375854492188 s
apples took 0.643402099609375 s
RAxML scoring took 0.7921819686889648 s
Clade identification took 0.018674373626708984 s
FASTA file creation took 0.16191720962524414 s
Tree mod took 0.0017595291137695312 s
Threaded region took 3.3485841751098633 s
execution took 4.65849494934082 s
===== Timing =====
setup took 0.15798115730285645 s
apples took 0.5323083400726318 s
RAxML scoring took 0.7692477703094482 s
Clade identification took 0.018302440643310547 s
FASTA file creation took 0.12994122505187988 s
Tree mod took 0.001743316650390625 s
Threaded region took 3.330984592437744 s
execution took 4.530040740966797 s
Resultant tree was that generated by APPLES.
===== Timing =====
setup took 0.11848711967468262 s
apples took 0.48012709617614746 s
RAxML scoring took 0.7784500122070312 s
Clade identification took 0.017906904220581055 s
FASTA file creation took 0.19512009620666504 s
Tree mod took 0.001737833023071289 s
Threaded region took 3.511445999145508 s
execution took 4.625712871551514 s
===== Timing =====
setup took 0.12433028221130371 s
apples took 0.630150556564331 s
RAxML scoring took 0.8027827739715576 s
Clade identification took 0.01768350601196289 s
FASTA file creation took 0.13663434982299805 s
Tree mod took 0.0017352104187011719 s
Threaded region took 3.3211452960968018 s
execution took 4.588053226470947 s
===== Timing =====
setup took 0.13140559196472168 s
apples took 0.46203184127807617 s
RAxML scoring took 0.8003401756286621 s
Clade identification took 0.018500804901123047 s
FASTA file creation took 0.13441848754882812 s
Tree mod took 0.0017578601837158203 s
Threaded region took 3.344409465789795 s
execution took 4.4258058071136475 s
===== Timing =====
setup took 0.1312696933746338 s
apples took 0.5027670860290527 s
RAxML scoring took 0.7608048915863037 s
Clade identification took 0.022732257843017578 s
FASTA file creation took 0.18330883979797363 s
Tree mod took 0.002043008804321289 s
Threaded region took 4.039465665817261 s
execution took 5.173933506011963 s
===== Timing =====
setup took 0.12637090682983398 s
apples took 0.6312506198883057 s
RAxML scoring took 0.7876472473144531 s
Clade identification took 0.016193866729736328 s
FASTA file creation took 0.12650847434997559 s
Tree mod took 0.0017349720001220703 s
Threaded region took 2.9890098571777344 s
execution took 4.292902708053589 s
===== Timing =====
setup took 0.15130615234375 s
apples took 0.5015933513641357 s
RAxML scoring took 0.8007240295410156 s
Clade identification took 0.02283644676208496 s
FASTA file creation took 0.13693785667419434 s
Tree mod took 0.0020749568939208984 s
Threaded region took 4.031478404998779 s
execution took 5.215261697769165 s
===== Timing =====
setup took 0.1321249008178711 s
apples took 0.4780423641204834 s
RAxML scoring took 0.7671363353729248 s
Clade identification took 0.017683029174804688 s
FASTA file creation took 0.12897658348083496 s
Tree mod took 0.0017778873443603516 s
Threaded region took 3.4919540882110596 s
execution took 4.586633205413818 s
===== Timing =====
setup took 0.13289284706115723 s
apples took 0.5879971981048584 s
RAxML scoring took 0.8512458801269531 s
Clade identification took 0.03639960289001465 s
FASTA file creation took 0.22696447372436523 s
Tree mod took 0.0017385482788085938 s
Threaded region took 3.0524277687072754 s
execution took 4.363871812820435 s
Resultant tree was that generated by APPLES.
===== Timing =====
setup took 0.16841459274291992 s
apples took 0.5206375122070312 s
RAxML scoring took 0.8149511814117432 s
Clade identification took 0.01845073699951172 s
FASTA file creation took 0.13560128211975098 s
Tree mod took 0.0018014907836914062 s
Threaded region took 3.5239880084991455 s
execution took 4.747796058654785 s
===== Timing =====
setup took 0.12337684631347656 s
apples took 0.5065643787384033 s
RAxML scoring took 0.7800416946411133 s
Clade identification took 0.02655816078186035 s
FASTA file creation took 0.17265677452087402 s
Tree mod took 0.002239227294921875 s
Threaded region took 4.555439233779907 s
execution took 5.685137510299683 s
===== Timing =====
setup took 0.1264970302581787 s
apples took 0.6203298568725586 s
RAxML scoring took 0.7987353801727295 s
Clade identification took 0.025683164596557617 s
FASTA file creation took 0.16043758392333984 s
Tree mod took 0.002202749252319336 s
Threaded region took 4.517226219177246 s
execution took 5.7912437915802 s
===== Timing =====
setup took 0.12659525871276855 s
apples took 0.624448299407959 s
RAxML scoring took 0.8199820518493652 s
Clade identification took 0.01729726791381836 s
FASTA file creation took 0.14985275268554688 s
Tree mod took 0.001703023910522461 s
Threaded region took 3.2037277221679688 s
execution took 4.483455181121826 s
===== Timing =====
setup took 0.1269686222076416 s
apples took 0.5107784271240234 s
RAxML scoring took 0.7859761714935303 s
Clade identification took 0.01593804359436035 s
FASTA file creation took 0.12498998641967773 s
Tree mod took 0.0017571449279785156 s
Threaded region took 2.9429256916046143 s
execution took 4.089791774749756 s
===== Timing =====
setup took 0.1534254550933838 s
apples took 0.7295002937316895 s
RAxML scoring took 0.9531288146972656 s
Clade identification took 0.031077861785888672 s
FASTA file creation took 0.17832183837890625 s
Tree mod took 0.002209901809692383 s
Threaded region took 4.660043954849243 s
execution took 6.13330602645874 s
===== Timing =====
setup took 0.14132094383239746 s
apples took 0.41857433319091797 s
RAxML scoring took 0.7970118522644043 s
Clade identification took 0.017723560333251953 s
FASTA file creation took 0.12701010704040527 s
Tree mod took 0.0018968582153320312 s
Threaded region took 3.3193812370300293 s
execution took 4.466560363769531 s
===== Timing =====
setup took 0.17258763313293457 s
apples took 0.45411252975463867 s
RAxML scoring took 0.9069623947143555 s
Clade identification took 0.015661239624023438 s
FASTA file creation took 0.15582895278930664 s
Tree mod took 0.0017354488372802734 s
Threaded region took 2.9639577865600586 s
execution took 4.152292728424072 s
Resultant tree was that generated by APPLES.
===== Timing =====
setup took 0.12219572067260742 s
apples took 0.5059013366699219 s
RAxML scoring took 0.7628719806671143 s
Clade identification took 0.03978157043457031 s
FASTA file creation took 0.12611007690429688 s
Tree mod took 0.0017771720886230469 s
Threaded region took 3.4755523204803467 s
execution took 4.592105150222778 s
===== Timing =====
setup took 0.1101388931274414 s
apples took 0.44471025466918945 s
RAxML scoring took 0.8644769191741943 s
Clade identification took 0.017328739166259766 s
FASTA file creation took 0.12583708763122559 s
Tree mod took 0.0017514228820800781 s
Threaded region took 3.364651918411255 s
execution took 4.521367788314819 s
===== Timing =====
setup took 0.13537120819091797 s
apples took 0.45422887802124023 s
RAxML scoring took 0.9349033832550049 s
Clade identification took 0.022468090057373047 s
FASTA file creation took 0.1399998664855957 s
Tree mod took 0.0020110607147216797 s
Threaded region took 4.160383224487305 s
execution took 5.3240156173706055 s
===== Timing =====
setup took 0.12453913688659668 s
apples took 0.5238173007965088 s
RAxML scoring took 0.8911056518554688 s
Clade identification took 0.03982400894165039 s
FASTA file creation took 0.12828993797302246 s
Tree mod took 0.0018820762634277344 s
Threaded region took 3.4576761722564697 s
execution took 4.679573059082031 s
===== Timing =====
setup took 0.1132049560546875 s
apples took 0.46585726737976074 s
RAxML scoring took 0.8324198722839355 s
Clade identification took 0.025538206100463867 s
FASTA file creation took 0.15195608139038086 s
Tree mod took 0.002368450164794922 s
Threaded region took 4.526588201522827 s
execution took 5.654887676239014 s
===== Timing =====
setup took 0.15359854698181152 s
apples took 0.4284796714782715 s
RAxML scoring took 0.8308947086334229 s
Clade identification took 0.024721384048461914 s
FASTA file creation took 0.14697647094726562 s
Tree mod took 0.0020253658294677734 s
Threaded region took 4.594913482666016 s
execution took 5.725706338882446 s
===== Timing =====
setup took 0.13753056526184082 s
apples took 0.5471885204315186 s
RAxML scoring took 0.7858362197875977 s
Clade identification took 0.04388999938964844 s
FASTA file creation took 0.17221927642822266 s
Tree mod took 0.001703500747680664 s
Threaded region took 2.997183322906494 s
execution took 4.236833572387695 s
===== Timing =====
setup took 0.12572932243347168 s
apples took 0.4404919147491455 s
RAxML scoring took 0.8475818634033203 s
Clade identification took 0.01738142967224121 s
FASTA file creation took 0.1273038387298584 s
Tree mod took 0.001955270767211914 s
Threaded region took 3.5273211002349854 s
execution took 4.608905553817749 s
===== Timing =====
setup took 0.1160116195678711 s
apples took 0.42697691917419434 s
RAxML scoring took 0.8297975063323975 s
Clade identification took 0.017447233200073242 s
FASTA file creation took 0.13875293731689453 s
Tree mod took 0.001768350601196289 s
Threaded region took 3.486635684967041 s
execution took 4.477177143096924 s
===== Timing =====
setup took 0.12502360343933105 s
apples took 0.5535998344421387 s
RAxML scoring took 0.803464412689209 s
Clade identification took 0.02550363540649414 s
FASTA file creation took 0.1516127586364746 s
Tree mod took 0.002256155014038086 s
Threaded region took 4.506335496902466 s
execution took 5.706335544586182 s
===== Timing =====
setup took 0.13298392295837402 s
apples took 0.4540395736694336 s
RAxML scoring took 0.9098696708679199 s
Clade identification took 0.011443614959716797 s
FASTA file creation took 0.09857845306396484 s
Tree mod took 0.0015759468078613281 s
Threaded region took 2.171112537384033 s
execution took 3.3967232704162598 s
===== Timing =====
setup took 0.12961816787719727 s
apples took 0.4281005859375 s
RAxML scoring took 0.952336311340332 s
Clade identification took 0.025508880615234375 s
FASTA file creation took 0.1474907398223877 s
Tree mod took 0.0021696090698242188 s
Threaded region took 4.626185417175293 s
execution took 5.785629749298096 s
===== Timing =====
setup took 0.13862061500549316 s
apples took 0.5470185279846191 s
RAxML scoring took 0.7427747249603271 s
Clade identification took 0.02093338966369629 s
FASTA file creation took 0.11793732643127441 s
Tree mod took 0.0017521381378173828 s
Threaded region took 2.932405948638916 s
execution took 4.115629196166992 s
Resultant tree was that generated by APPLES.
===== Timing =====
setup took 0.16775846481323242 s
apples took 0.4727475643157959 s
RAxML scoring took 0.8421063423156738 s
Clade identification took 0.02638101577758789 s
FASTA file creation took 0.15337419509887695 s
Tree mod took 0.0022132396697998047 s
Threaded region took 4.567042350769043 s
execution took 5.766669750213623 s
===== Timing =====
setup took 0.15716099739074707 s
apples took 0.5578770637512207 s
RAxML scoring took 1.1405441761016846 s
Clade identification took 0.026088953018188477 s
FASTA file creation took 0.16816043853759766 s
Tree mod took 0.0021653175354003906 s
Threaded region took 4.848491430282593 s
execution took 6.13561487197876 s
===== Timing =====
setup took 0.12783527374267578 s
apples took 0.5667049884796143 s
RAxML scoring took 0.8403425216674805 s
Clade identification took 0.03986358642578125 s
FASTA file creation took 0.149674654006958 s
Tree mod took 0.0017666816711425781 s
Threaded region took 3.1595096588134766 s
execution took 4.355154991149902 s
===== Timing =====
setup took 0.11070799827575684 s
apples took 0.5489077568054199 s
RAxML scoring took 0.9620051383972168 s
Clade identification took 0.02195882797241211 s
FASTA file creation took 0.13612771034240723 s
Tree mod took 0.002010822296142578 s
Threaded region took 4.0990049839019775 s
execution took 5.4299774169921875 s
===== Timing =====
setup took 0.13294506072998047 s
apples took 0.5054848194122314 s
RAxML scoring took 0.779179573059082 s
Clade identification took 0.0180819034576416 s
FASTA file creation took 0.14732027053833008 s
Tree mod took 0.0017428398132324219 s
Threaded region took 3.41819167137146 s
execution took 4.565530776977539 s
===== Timing =====
setup took 0.1270885467529297 s
apples took 0.622908353805542 s
RAxML scoring took 0.7592482566833496 s
Clade identification took 0.01830458641052246 s
FASTA file creation took 0.13024473190307617 s
Tree mod took 0.0017786026000976562 s
Threaded region took 3.283830404281616 s
execution took 4.555043697357178 s
===== Timing =====
setup took 0.131805419921875 s
apples took 0.4704577922821045 s
RAxML scoring took 0.7395291328430176 s
Clade identification took 0.02605414390563965 s
FASTA file creation took 0.1612250804901123 s
Tree mod took 0.002218008041381836 s
Threaded region took 4.4898340702056885 s
execution took 5.571575164794922 s
===== Timing =====
setup took 0.12081074714660645 s
apples took 0.5246894359588623 s
RAxML scoring took 0.7547852993011475 s
Clade identification took 0.02668142318725586 s
FASTA file creation took 0.16691064834594727 s
Tree mod took 0.0022373199462890625 s
Threaded region took 4.446319818496704 s
execution took 5.610070705413818 s
===== Timing =====
setup took 0.13123846054077148 s
apples took 0.6164555549621582 s
RAxML scoring took 0.8851251602172852 s
Clade identification took 0.01595282554626465 s
FASTA file creation took 0.1226036548614502 s
Tree mod took 0.0017511844635009766 s
Threaded region took 3.0094711780548096 s
execution took 4.307395935058594 s
===== Timing =====
setup took 0.15129399299621582 s
apples took 0.5356302261352539 s
RAxML scoring took 0.7598962783813477 s
Clade identification took 0.02043628692626953 s
FASTA file creation took 0.13396024703979492 s
Tree mod took 0.0017430782318115234 s
Threaded region took 3.461470127105713 s
execution took 4.727818250656128 s
===== Timing =====
setup took 0.12283182144165039 s
apples took 0.5016775131225586 s
RAxML scoring took 0.8046145439147949 s
Clade identification took 0.049568891525268555 s
FASTA file creation took 0.16703486442565918 s
Tree mod took 0.002076864242553711 s
Threaded region took 4.314798831939697 s
execution took 5.465388298034668 s
===== Timing =====
setup took 0.12820982933044434 s
apples took 0.6666021347045898 s
RAxML scoring took 0.7692761421203613 s
Clade identification took 0.025941848754882812 s
FASTA file creation took 0.15695428848266602 s
Tree mod took 0.0022003650665283203 s
Threaded region took 4.652944087982178 s
execution took 5.980971097946167 s
===== Timing =====
setup took 0.13034319877624512 s
apples took 0.5237247943878174 s
RAxML scoring took 0.7626795768737793 s
Clade identification took 0.02639150619506836 s
FASTA file creation took 0.20798063278198242 s
Tree mod took 0.0021626949310302734 s
Threaded region took 4.618446350097656 s
execution took 5.777254819869995 s
===== Timing =====
setup took 0.1304624080657959 s
apples took 0.5076777935028076 s
RAxML scoring took 0.7808153629302979 s
Clade identification took 0.021181344985961914 s
FASTA file creation took 0.1475217342376709 s
Tree mod took 0.0018205642700195312 s
Threaded region took 3.597532033920288 s
execution took 4.78808331489563 s
===== Timing =====
setup took 0.13370561599731445 s
apples took 0.6238994598388672 s
RAxML scoring took 0.7703995704650879 s
Clade identification took 0.02623772621154785 s
FASTA file creation took 0.1592860221862793 s
Tree mod took 0.0022530555725097656 s
Threaded region took 4.707524299621582 s
execution took 5.978109359741211 s
===== Timing =====
setup took 0.14529752731323242 s
apples took 0.47674560546875 s
RAxML scoring took 0.7979304790496826 s
Clade identification took 0.025971412658691406 s
FASTA file creation took 0.16823387145996094 s
Tree mod took 0.0022029876708984375 s
Threaded region took 4.601763010025024 s
execution took 5.755159139633179 s
===== Timing =====
setup took 0.12601995468139648 s
apples took 0.5320734977722168 s
RAxML scoring took 0.7593908309936523 s
Clade identification took 0.02598118782043457 s
FASTA file creation took 0.15681695938110352 s
Tree mod took 0.002053976058959961 s
Threaded region took 4.645182371139526 s
execution took 5.825768947601318 s
===== Timing =====
setup took 0.1652064323425293 s
apples took 0.6403119564056396 s
RAxML scoring took 0.869786262512207 s
Clade identification took 0.026220083236694336 s
FASTA file creation took 0.16171574592590332 s
Tree mod took 0.0021626949310302734 s
Threaded region took 4.743048191070557 s
execution took 6.0629894733428955 s
===== Timing =====
setup took 0.12960267066955566 s
apples took 0.4584662914276123 s
RAxML scoring took 0.7740194797515869 s
Clade identification took 0.02619028091430664 s
FASTA file creation took 0.13655495643615723 s
Tree mod took 0.0017714500427246094 s
Threaded region took 3.5822861194610596 s
execution took 4.6811463832855225 s
===== Timing =====
setup took 0.15421152114868164 s
apples took 0.4826016426086426 s
RAxML scoring took 0.7832884788513184 s
Clade identification took 0.020290374755859375 s
FASTA file creation took 0.13422274589538574 s
Tree mod took 0.0018777847290039062 s
Threaded region took 3.4175899028778076 s
execution took 4.55563497543335 s
===== Timing =====
setup took 0.12602615356445312 s
apples took 0.6233437061309814 s
RAxML scoring took 0.783715009689331 s
Clade identification took 0.026294708251953125 s
FASTA file creation took 0.18313813209533691 s
Tree mod took 0.0020880699157714844 s
Threaded region took 4.275857925415039 s
execution took 5.559689283370972 s
===== Timing =====
setup took 0.12346315383911133 s
apples took 0.5974574089050293 s
RAxML scoring took 0.79705810546875 s
Clade identification took 0.01706671714782715 s
FASTA file creation took 0.1462256908416748 s
Tree mod took 0.0017676353454589844 s
Threaded region took 3.169942855834961 s
execution took 4.41849160194397 s
===== Timing =====
setup took 0.12859725952148438 s
apples took 0.4884822368621826 s
RAxML scoring took 0.7806508541107178 s
Clade identification took 0.020589113235473633 s
FASTA file creation took 0.15875911712646484 s
Tree mod took 0.0017352104187011719 s
Threaded region took 3.4550061225891113 s
execution took 4.576470613479614 s
===== Timing =====
setup took 0.1261286735534668 s
apples took 0.6689314842224121 s
RAxML scoring took 0.8076519966125488 s
Clade identification took 0.03232693672180176 s
FASTA file creation took 0.24160218238830566 s
Tree mod took 0.0021314620971679688 s
Threaded region took 4.616739749908447 s
execution took 5.971763610839844 s
===== Timing =====
setup took 0.12295317649841309 s
apples took 0.47139430046081543 s
RAxML scoring took 0.7717852592468262 s
Clade identification took 0.03227663040161133 s
FASTA file creation took 0.18035316467285156 s
Tree mod took 0.002203226089477539 s
Threaded region took 4.675050735473633 s
execution took 5.751270055770874 s
===== Timing =====
setup took 0.1230006217956543 s
apples took 0.49158644676208496 s
RAxML scoring took 0.7650630474090576 s
Clade identification took 0.025343656539916992 s
FASTA file creation took 0.15177464485168457 s
Tree mod took 0.002070188522338867 s
Threaded region took 4.355705738067627 s
execution took 5.48789119720459 s
===== Timing =====
setup took 0.1441209316253662 s
apples took 0.6129145622253418 s
RAxML scoring took 0.7782385349273682 s
Clade identification took 0.026089906692504883 s
FASTA file creation took 0.15803956985473633 s
Tree mod took 0.0019991397857666016 s
Threaded region took 4.507017135620117 s
execution took 5.7836785316467285 s
Resultant tree was that generated by APPLES.
===== Timing =====
setup took 0.12860536575317383 s
apples took 0.5216629505157471 s
RAxML scoring took 0.8679239749908447 s
Clade identification took 0.04905128479003906 s
FASTA file creation took 0.14397931098937988 s
Tree mod took 0.0018012523651123047 s
Threaded region took 3.6330785751342773 s
execution took 4.8856141567230225 s
===== Timing =====
setup took 0.14238810539245605 s
apples took 0.47838544845581055 s
RAxML scoring took 0.7655220031738281 s
Clade identification took 0.01724839210510254 s
FASTA file creation took 0.12458062171936035 s
Tree mod took 0.0018455982208251953 s
Threaded region took 3.155951976776123 s
execution took 4.277042388916016 s
===== Timing =====
setup took 0.12609481811523438 s
apples took 0.6317479610443115 s
RAxML scoring took 0.7543222904205322 s
Clade identification took 0.03409600257873535 s
FASTA file creation took 0.208648681640625 s
Tree mod took 0.002198934555053711 s
Threaded region took 4.613021373748779 s
execution took 5.841729164123535 s
===== Timing =====
setup took 0.12793827056884766 s
apples took 0.5362892150878906 s
RAxML scoring took 0.7641375064849854 s
Clade identification took 0.02096843719482422 s
FASTA file creation took 0.1412038803100586 s
Tree mod took 0.0017833709716796875 s
Threaded region took 3.5992279052734375 s
execution took 4.841225624084473 s
===== Timing =====
setup took 0.11922812461853027 s
apples took 0.48842382431030273 s
RAxML scoring took 0.7546453475952148 s
Clade identification took 0.025527238845825195 s
FASTA file creation took 0.16628313064575195 s
Tree mod took 0.002003908157348633 s
Threaded region took 4.225755453109741 s
execution took 5.360239505767822 s
===== Timing =====
setup took 0.14018988609313965 s
apples took 0.6567099094390869 s
RAxML scoring took 0.794452428817749 s
Clade identification took 0.026419878005981445 s
FASTA file creation took 0.17626142501831055 s
Tree mod took 0.0017931461334228516 s
Threaded region took 3.41908860206604 s
execution took 4.75465989112854 s
===== Timing =====
setup took 0.12205147743225098 s
apples took 0.4617927074432373 s
RAxML scoring took 0.7742462158203125 s
Clade identification took 0.025830745697021484 s
FASTA file creation took 0.13554024696350098 s
Tree mod took 0.0018954277038574219 s
Threaded region took 3.390031576156616 s
execution took 4.514845609664917 s
===== Timing =====
setup took 0.1347196102142334 s
apples took 0.5033926963806152 s
RAxML scoring took 0.7579827308654785 s
Clade identification took 0.026443958282470703 s
FASTA file creation took 0.15813493728637695 s
Tree mod took 0.0020415782928466797 s
Threaded region took 4.587234973907471 s
execution took 5.746697425842285 s
===== Timing =====
setup took 0.16830086708068848 s
apples took 0.6159811019897461 s
RAxML scoring took 0.7629144191741943 s
Clade identification took 0.019849777221679688 s
FASTA file creation took 0.15863299369812012 s
Tree mod took 0.0017240047454833984 s
Threaded region took 3.431087017059326 s
execution took 4.727733850479126 s
===== Timing =====
setup took 0.12449288368225098 s
apples took 0.49009060859680176 s
RAxML scoring took 0.8434290885925293 s
Clade identification took 0.02489781379699707 s
FASTA file creation took 0.16104865074157715 s
Tree mod took 0.002176046371459961 s
Threaded region took 4.321646451950073 s
execution took 5.440202951431274 s
===== Timing =====
setup took 0.12832140922546387 s
apples took 0.5366137027740479 s
RAxML scoring took 0.8131349086761475 s
Clade identification took 0.026085853576660156 s
FASTA file creation took 0.1624002456665039 s
Tree mod took 0.002138376235961914 s
Threaded region took 4.599973678588867 s
execution took 5.795466661453247 s
===== Timing =====
setup took 0.12455558776855469 s
apples took 0.6157321929931641 s
RAxML scoring took 0.7367913722991943 s
Clade identification took 0.0272369384765625 s
FASTA file creation took 0.17969679832458496 s
Tree mod took 0.0022170543670654297 s
Threaded region took 4.589314222335815 s
execution took 5.815515518188477 s
===== Timing =====
setup took 0.12149977684020996 s
apples took 0.5215401649475098 s
RAxML scoring took 0.7979419231414795 s
Clade identification took 0.0206601619720459 s
FASTA file creation took 0.13625073432922363 s
Tree mod took 0.0018398761749267578 s
Threaded region took 3.4757866859436035 s
execution took 4.655055999755859 s
===== Timing =====
setup took 0.1518573760986328 s
apples took 0.485062837600708 s
RAxML scoring took 0.7544949054718018 s
Clade identification took 0.026720523834228516 s
FASTA file creation took 0.16291236877441406 s
Tree mod took 0.0021877288818359375 s
Threaded region took 4.581305027008057 s
execution took 5.725285530090332 s
===== Timing =====
setup took 0.12442398071289062 s
apples took 0.6012709140777588 s
RAxML scoring took 0.7716186046600342 s
Clade identification took 0.03901338577270508 s
FASTA file creation took 0.17499971389770508 s
Tree mod took 0.002077817916870117 s
Threaded region took 4.563293218612671 s
execution took 5.795059442520142 s
===== Timing =====
setup took 0.14650988578796387 s
apples took 0.526698112487793 s
RAxML scoring took 0.7742576599121094 s
Clade identification took 0.0262453556060791 s
FASTA file creation took 0.15918421745300293 s
Tree mod took 0.0021834373474121094 s
Threaded region took 4.511819362640381 s
execution took 5.723969221115112 s
===== Timing =====
setup took 0.13022398948669434 s
apples took 0.5208520889282227 s
RAxML scoring took 0.762160062789917 s
Clade identification took 0.026373863220214844 s
FASTA file creation took 0.16656494140625 s
Tree mod took 0.0022096633911132812 s
Threaded region took 4.506698846817017 s
execution took 5.683114290237427 s
===== Timing =====
setup took 0.1401200294494629 s
apples took 0.6167409420013428 s
RAxML scoring took 0.7679622173309326 s
Clade identification took 0.026447534561157227 s
FASTA file creation took 0.16289401054382324 s
Tree mod took 0.002182483673095703 s
Threaded region took 4.590715646743774 s
execution took 5.86928915977478 s
===== Timing =====
setup took 0.12997150421142578 s
apples took 0.4809727668762207 s
RAxML scoring took 0.8593044281005859 s
Clade identification took 0.025014638900756836 s
FASTA file creation took 0.15036320686340332 s
Tree mod took 0.0021467208862304688 s
Threaded region took 4.299047946929932 s
execution took 5.432541131973267 s
===== Timing =====
setup took 0.12340736389160156 s
apples took 0.4707932472229004 s
RAxML scoring took 0.7661483287811279 s
Clade identification took 0.026178836822509766 s
FASTA file creation took 0.1531052589416504 s
Tree mod took 0.0022728443145751953 s
Threaded region took 4.662465333938599 s
execution took 5.851342439651489 s
===== Timing =====
setup took 0.1470034122467041 s
apples took 0.6336212158203125 s
RAxML scoring took 0.8186037540435791 s
Clade identification took 0.016898155212402344 s
FASTA file creation took 0.12699627876281738 s
Tree mod took 0.001787424087524414 s
Threaded region took 2.979382276535034 s
execution took 4.323258876800537 s
===== Timing =====
setup took 0.11895942687988281 s
apples took 0.5200252532958984 s
RAxML scoring took 0.7580220699310303 s
Clade identification took 0.020806074142456055 s
FASTA file creation took 0.17082905769348145 s
Tree mod took 0.0017647743225097656 s
Threaded region took 3.5683541297912598 s
execution took 4.711854934692383 s
===== Timing =====
setup took 0.12252998352050781 s
apples took 0.5613424777984619 s
RAxML scoring took 0.7539188861846924 s
Clade identification took 0.02716851234436035 s
FASTA file creation took 0.13584589958190918 s
Tree mod took 0.0018045902252197266 s
Threaded region took 3.596160888671875 s
execution took 4.821465015411377 s
===== Timing =====
setup took 0.1259627342224121 s
apples took 0.6254899501800537 s
RAxML scoring took 0.7644875049591064 s
Clade identification took 0.03202319145202637 s
FASTA file creation took 0.16796493530273438 s
Tree mod took 0.0022020339965820312 s
Threaded region took 4.451789617538452 s
execution took 5.718740224838257 s
===== Timing =====
setup took 0.12399435043334961 s
apples took 0.5364205837249756 s
RAxML scoring took 0.7861173152923584 s
Clade identification took 0.026231050491333008 s
FASTA file creation took 0.1383657455444336 s
Tree mod took 0.0018801689147949219 s
Threaded region took 3.6379663944244385 s
execution took 4.8179919719696045 s
===== Timing =====
setup took 0.13542723655700684 s
apples took 0.5033426284790039 s
RAxML scoring took 0.7688186168670654 s
Clade identification took 0.01636219024658203 s
FASTA file creation took 0.12608695030212402 s
Tree mod took 0.0017771720886230469 s
Threaded region took 3.096904993057251 s
execution took 4.232154369354248 s
===== Timing =====
setup took 0.12893247604370117 s
apples took 0.5942420959472656 s
RAxML scoring took 0.7550480365753174 s
Clade identification took 0.062441349029541016 s
FASTA file creation took 0.16297507286071777 s
Tree mod took 0.00215911865234375 s
Threaded region took 4.684274435043335 s
execution took 5.912856578826904 s
===== Timing =====
setup took 0.14048457145690918 s
apples took 0.5813484191894531 s
RAxML scoring took 0.7707703113555908 s
Clade identification took 0.020546436309814453 s
FASTA file creation took 0.1371607780456543 s
Tree mod took 0.0017600059509277344 s
Threaded region took 3.3676369190216064 s
execution took 4.595858335494995 s
===== Timing =====
setup took 0.12493419647216797 s
apples took 0.5053973197937012 s
RAxML scoring took 0.8773291110992432 s
Clade identification took 0.026654958724975586 s
FASTA file creation took 0.15954041481018066 s
Tree mod took 0.002168416976928711 s
Threaded region took 4.661234617233276 s
execution took 5.827735185623169 s
===== Timing =====
setup took 0.13297748565673828 s
apples took 0.6181578636169434 s
RAxML scoring took 0.7385997772216797 s
Clade identification took 0.02068042755126953 s
FASTA file creation took 0.15329241752624512 s
Tree mod took 0.001744985580444336 s
Threaded region took 3.3798422813415527 s
execution took 4.647786378860474 s
===== Timing =====
setup took 0.12838006019592285 s
apples took 0.5041754245758057 s
RAxML scoring took 0.7949807643890381 s
Clade identification took 0.024873971939086914 s
FASTA file creation took 0.15356230735778809 s
Tree mod took 0.0019507408142089844 s
Threaded region took 4.3414270877838135 s
execution took 5.53257155418396 s
===== Timing =====
setup took 0.1283855438232422 s
apples took 0.5149621963500977 s
RAxML scoring took 0.7820062637329102 s
Clade identification took 0.01708364486694336 s
FASTA file creation took 0.12885332107543945 s
Tree mod took 0.0018546581268310547 s
Threaded region took 3.1136012077331543 s
execution took 4.279539585113525 s
